<?xml version="1.0" encoding="UTF-8"?>
<!-- Generated by org.testng.reporters.JUnitXMLReporter -->
<testsuite hostname="Desta" ignored="0" name="Default test" tests="14" failures="2" timestamp="2022-08-12T15:52:25 ICT" time="209.439" errors="0">
  <testcase name="runScenario" time="10.328" classname="io.cucumber.testng.AbstractTestNGCucumberTests"/>
  <testcase name="runScenario" time="8.086" classname="io.cucumber.testng.AbstractTestNGCucumberTests"/>
  <testcase name="runScenario" time="7.822" classname="io.cucumber.testng.AbstractTestNGCucumberTests">
    <failure type="java.lang.AssertionError" message="expected [Username atau password tidak ditemukan atau akun anda tidak aktif] but found [Welcome to Tele Kita]">
      <![CDATA[java.lang.AssertionError: expected [Username atau password tidak ditemukan atau akun anda tidak aktif] but found [Welcome to Tele Kita]
at org.testng.Assert.fail(Assert.java:97)
at org.testng.Assert.assertEqualsImpl(Assert.java:136)
at org.testng.Assert.assertEquals(Assert.java:118)
at org.testng.Assert.assertEquals(Assert.java:575)
at org.testng.Assert.assertEquals(Assert.java:585)
at userSpvStepdefs.userSpv.user_get_alert_notification(userSpv.java:147)
at ✽.User get alert or notification "Username atau password tidak ditemukan atau akun anda tidak aktif"(file:///C:/Users/ASUS/Desktop/Quality%20Assurance/SQA%20Project/SQA-KerjaPraktek_BDDTest_withExistingReport/src/test/resources/UserSpvFeatureFiles/UserSpv.feature:15)
]]>
    </failure>
  </testcase> <!-- runScenario -->
  <testcase name="runScenario" time="7.107" classname="io.cucumber.testng.AbstractTestNGCucumberTests"/>
  <testcase name="runScenario" time="19.192" classname="io.cucumber.testng.AbstractTestNGCucumberTests"/>
  <testcase name="runScenario" time="19.312" classname="io.cucumber.testng.AbstractTestNGCucumberTests"/>
  <testcase name="runScenario" time="18.327" classname="io.cucumber.testng.AbstractTestNGCucumberTests"/>
  <testcase name="runScenario" time="14.025" classname="io.cucumber.testng.AbstractTestNGCucumberTests"/>
  <testcase name="runScenario" time="31.969" classname="io.cucumber.testng.AbstractTestNGCucumberTests"/>
  <testcase name="runScenario" time="16.363" classname="io.cucumber.testng.AbstractTestNGCucumberTests"/>
  <testcase name="runScenario" time="14.408" classname="io.cucumber.testng.AbstractTestNGCucumberTests">
    <failure type="java.lang.AssertionError" message="expected [] but found [Berhasil]">
      <![CDATA[java.lang.AssertionError: expected [] but found [Berhasil]
at org.testng.Assert.fail(Assert.java:97)
at org.testng.Assert.assertEqualsImpl(Assert.java:136)
at org.testng.Assert.assertEquals(Assert.java:118)
at org.testng.Assert.assertEquals(Assert.java:575)
at org.testng.Assert.assertEquals(Assert.java:585)
at userSpvStepdefs.userSpv.user_see_data_changed_successfully(userSpv.java:732)
at ✽.User see data changed successfully(file:///C:/Users/ASUS/Desktop/Quality%20Assurance/SQA%20Project/SQA-KerjaPraktek_BDDTest_withExistingReport/src/test/resources/UserSpvFeatureFiles/UserSpv.feature:94)
]]>
    </failure>
  </testcase> <!-- runScenario -->
  <testcase name="runScenario" time="14.968" classname="io.cucumber.testng.AbstractTestNGCucumberTests"/>
  <testcase name="runScenario" time="12.664" classname="io.cucumber.testng.AbstractTestNGCucumberTests"/>
  <testcase name="runScenario" time="13.715" classname="io.cucumber.testng.AbstractTestNGCucumberTests"/>
</testsuite> <!-- Default test -->
