<?xml version="1.0" encoding="UTF-8"?>
<testng-results ignored="0" total="7" passed="6" failed="1" skipped="0">
  <reporter-output>
  </reporter-output>
  <suite started-at="2018-10-13T15:11:52Z" name="SmokeTestSuite" finished-at="2018-10-13T15:13:10Z" duration-ms="77863">
    <groups>
    </groups>
    <test started-at="2018-10-13T15:11:52Z" name="PositiveLogInTest" finished-at="2018-10-13T15:12:05Z" duration-ms="13392">
      <class name="com.herokuapp.theinternet.loginpagetests.PositiveLogInTests">
        <test-method is-config="true" signature="setUp(java.lang.reflect.Method, java.lang.String, org.testng.ITestContext)[pri:0, instance:com.herokuapp.theinternet.loginpagetests.PositiveLogInTests@683dbc2c]" started-at="2018-10-13T15:11:52Z" name="setUp" finished-at="2018-10-13T15:12:00Z" duration-ms="7570" status="PASS">
          <params>
            <param index="0">
              <value>
                <![CDATA[public void com.herokuapp.theinternet.loginpagetests.PositiveLogInTests.logInTest()]]>
              </value>
            </param>
            <param index="1">
              <value>
                <![CDATA[chrome]]>
              </value>
            </param>
            <param index="2">
              <value>
                <![CDATA[org.testng.TestRunner@4ee6291f]]>
              </value>
            </param>
          </params>
          <reporter-output>
          </reporter-output>
        </test-method> <!-- setUp -->
        <test-method signature="logInTest()[pri:0, instance:com.herokuapp.theinternet.loginpagetests.PositiveLogInTests@683dbc2c]" started-at="2018-10-13T15:12:00Z" name="logInTest" finished-at="2018-10-13T15:12:04Z" duration-ms="4476" status="PASS">
          <reporter-output>
          </reporter-output>
        </test-method> <!-- logInTest -->
        <test-method is-config="true" signature="tearDown()[pri:0, instance:com.herokuapp.theinternet.loginpagetests.PositiveLogInTests@683dbc2c]" started-at="2018-10-13T15:12:04Z" name="tearDown" finished-at="2018-10-13T15:12:05Z" duration-ms="698" status="PASS">
          <reporter-output>
          </reporter-output>
        </test-method> <!-- tearDown -->
      </class> <!-- com.herokuapp.theinternet.loginpagetests.PositiveLogInTests -->
    </test> <!-- PositiveLogInTest -->
    <test started-at="2018-10-13T15:12:05Z" name="AlertsTests" finished-at="2018-10-13T15:12:41Z" duration-ms="36022">
      <class name="com.herokuapp.theinternet.alertstests.AlertsTests">
        <test-method is-config="true" signature="setUp(java.lang.reflect.Method, java.lang.String, org.testng.ITestContext)[pri:0, instance:com.herokuapp.theinternet.alertstests.AlertsTests@574b560f]" started-at="2018-10-13T15:12:05Z" name="setUp" finished-at="2018-10-13T15:12:12Z" duration-ms="6851" status="PASS">
          <params>
            <param index="0">
              <value>
                <![CDATA[public void com.herokuapp.theinternet.alertstests.AlertsTests.jsAlertTest()]]>
              </value>
            </param>
            <param index="1">
              <value>
                <![CDATA[chrome]]>
              </value>
            </param>
            <param index="2">
              <value>
                <![CDATA[org.testng.TestRunner@2b03d52f]]>
              </value>
            </param>
          </params>
          <reporter-output>
          </reporter-output>
        </test-method> <!-- setUp -->
        <test-method signature="jsAlertTest()[pri:0, instance:com.herokuapp.theinternet.alertstests.AlertsTests@574b560f]" started-at="2018-10-13T15:12:12Z" name="jsAlertTest" finished-at="2018-10-13T15:12:16Z" duration-ms="4105" status="PASS">
          <reporter-output>
          </reporter-output>
        </test-method> <!-- jsAlertTest -->
        <test-method is-config="true" signature="tearDown()[pri:0, instance:com.herokuapp.theinternet.alertstests.AlertsTests@574b560f]" started-at="2018-10-13T15:12:16Z" name="tearDown" finished-at="2018-10-13T15:12:17Z" duration-ms="714" status="PASS">
          <reporter-output>
          </reporter-output>
        </test-method> <!-- tearDown -->
        <test-method is-config="true" signature="setUp(java.lang.reflect.Method, java.lang.String, org.testng.ITestContext)[pri:0, instance:com.herokuapp.theinternet.alertstests.AlertsTests@574b560f]" started-at="2018-10-13T15:12:17Z" name="setUp" finished-at="2018-10-13T15:12:24Z" duration-ms="6828" status="PASS">
          <params>
            <param index="0">
              <value>
                <![CDATA[public void com.herokuapp.theinternet.alertstests.AlertsTests.jsDismissTest()]]>
              </value>
            </param>
            <param index="1">
              <value>
                <![CDATA[chrome]]>
              </value>
            </param>
            <param index="2">
              <value>
                <![CDATA[org.testng.TestRunner@2b03d52f]]>
              </value>
            </param>
          </params>
          <reporter-output>
          </reporter-output>
        </test-method> <!-- setUp -->
        <test-method signature="jsDismissTest()[pri:0, instance:com.herokuapp.theinternet.alertstests.AlertsTests@574b560f]" started-at="2018-10-13T15:12:24Z" name="jsDismissTest" finished-at="2018-10-13T15:12:28Z" duration-ms="4132" status="PASS">
          <reporter-output>
          </reporter-output>
        </test-method> <!-- jsDismissTest -->
        <test-method is-config="true" signature="tearDown()[pri:0, instance:com.herokuapp.theinternet.alertstests.AlertsTests@574b560f]" started-at="2018-10-13T15:12:28Z" name="tearDown" finished-at="2018-10-13T15:12:28Z" duration-ms="728" status="PASS">
          <reporter-output>
          </reporter-output>
        </test-method> <!-- tearDown -->
        <test-method is-config="true" signature="setUp(java.lang.reflect.Method, java.lang.String, org.testng.ITestContext)[pri:0, instance:com.herokuapp.theinternet.alertstests.AlertsTests@574b560f]" started-at="2018-10-13T15:12:28Z" name="setUp" finished-at="2018-10-13T15:12:35Z" duration-ms="6804" status="PASS">
          <params>
            <param index="0">
              <value>
                <![CDATA[public void com.herokuapp.theinternet.alertstests.AlertsTests.jsPromptTest()]]>
              </value>
            </param>
            <param index="1">
              <value>
                <![CDATA[chrome]]>
              </value>
            </param>
            <param index="2">
              <value>
                <![CDATA[org.testng.TestRunner@2b03d52f]]>
              </value>
            </param>
          </params>
          <reporter-output>
          </reporter-output>
        </test-method> <!-- setUp -->
        <test-method signature="jsPromptTest()[pri:0, instance:com.herokuapp.theinternet.alertstests.AlertsTests@574b560f]" started-at="2018-10-13T15:12:35Z" name="jsPromptTest" finished-at="2018-10-13T15:12:40Z" duration-ms="5130" status="FAIL">
          <exception class="java.lang.AssertionError">
            <message>
              <![CDATA[The following asserts failed:
Alert message is not expected. 
Should be 'I am a JS prompt', but it is 'I am a JS prompt[FAIL]' expected [true] but found [false],
result is not expected. 
Should be 'You entered: Hello Alert, its Dmitry here', but it is 'You entered: Hello Alert, it's Dmitry here[FAIL]' expected [true] but found [false]]]>
            </message>
            <full-stacktrace>
              <![CDATA[java.lang.AssertionError: The following asserts failed:
Alert message is not expected. 
Should be 'I am a JS prompt', but it is 'I am a JS prompt[FAIL]' expected [true] but found [false],
result is not expected. 
Should be 'You entered: Hello Alert, its Dmitry here', but it is 'You entered: Hello Alert, it's Dmitry here[FAIL]' expected [true] but found [false]
at org.testng.asserts.SoftAssert.assertAll(SoftAssert.java:43)
at com.herokuapp.theinternet.alertstests.AlertsTests.jsPromptTest(AlertsTests.java:116)
at java.base/jdk.internal.reflect.NativeMethodAccessorImpl.invoke0(Native Method)
at java.base/jdk.internal.reflect.NativeMethodAccessorImpl.invoke(NativeMethodAccessorImpl.java:62)
at java.base/jdk.internal.reflect.DelegatingMethodAccessorImpl.invoke(DelegatingMethodAccessorImpl.java:43)
at java.base/java.lang.reflect.Method.invoke(Method.java:564)
at org.testng.internal.MethodInvocationHelper.invokeMethod(MethodInvocationHelper.java:124)
at org.testng.internal.Invoker.invokeMethod(Invoker.java:583)
at org.testng.internal.Invoker.invokeTestMethod(Invoker.java:719)
at org.testng.internal.Invoker.invokeTestMethods(Invoker.java:989)
at org.testng.internal.TestMethodWorker.invokeTestMethods(TestMethodWorker.java:125)
at org.testng.internal.TestMethodWorker.run(TestMethodWorker.java:109)
at org.testng.TestRunner.privateRun(TestRunner.java:648)
at org.testng.TestRunner.run(TestRunner.java:505)
at org.testng.SuiteRunner.runTest(SuiteRunner.java:455)
at org.testng.SuiteRunner.runSequentially(SuiteRunner.java:450)
at org.testng.SuiteRunner.privateRun(SuiteRunner.java:415)
at org.testng.SuiteRunner.run(SuiteRunner.java:364)
at org.testng.SuiteRunnerWorker.runSuite(SuiteRunnerWorker.java:52)
at org.testng.SuiteRunnerWorker.run(SuiteRunnerWorker.java:84)
at org.testng.TestNG.runSuitesSequentially(TestNG.java:1208)
at org.testng.TestNG.runSuitesLocally(TestNG.java:1137)
at org.testng.TestNG.runSuites(TestNG.java:1049)
at org.testng.TestNG.run(TestNG.java:1017)
at org.testng.remote.AbstractRemoteTestNG.run(AbstractRemoteTestNG.java:114)
at org.testng.remote.RemoteTestNG.initAndRun(RemoteTestNG.java:251)
at org.testng.remote.RemoteTestNG.main(RemoteTestNG.java:77)
]]>
            </full-stacktrace>
          </exception> <!-- java.lang.AssertionError -->
          <reporter-output>
          </reporter-output>
        </test-method> <!-- jsPromptTest -->
        <test-method is-config="true" signature="tearDown()[pri:0, instance:com.herokuapp.theinternet.alertstests.AlertsTests@574b560f]" started-at="2018-10-13T15:12:40Z" name="tearDown" finished-at="2018-10-13T15:12:41Z" duration-ms="720" status="PASS">
          <reporter-output>
          </reporter-output>
        </test-method> <!-- tearDown -->
      </class> <!-- com.herokuapp.theinternet.alertstests.AlertsTests -->
    </test> <!-- AlertsTests -->
    <test started-at="2018-10-13T15:12:41Z" name="UploadTests" finished-at="2018-10-13T15:13:10Z" duration-ms="28380">
      <class name="com.herokuapp.theinternet.uploadtests.UploadTests">
        <test-method is-config="true" signature="setUp(java.lang.reflect.Method, java.lang.String, org.testng.ITestContext)[pri:0, instance:com.herokuapp.theinternet.uploadtests.UploadTests@6bf0219d]" started-at="2018-10-13T15:12:41Z" name="setUp" finished-at="2018-10-13T15:12:48Z" duration-ms="6796" status="PASS">
          <params>
            <param index="0">
              <value>
                <![CDATA[public void com.herokuapp.theinternet.uploadtests.UploadTests.fileUploadTest(int,java.lang.String)]]>
              </value>
            </param>
            <param index="1">
              <value>
                <![CDATA[chrome]]>
              </value>
            </param>
            <param index="2">
              <value>
                <![CDATA[org.testng.TestRunner@397ef2]]>
              </value>
            </param>
          </params>
          <reporter-output>
          </reporter-output>
        </test-method> <!-- setUp -->
        <test-method signature="fileUploadTest(int, java.lang.String)[pri:0, instance:com.herokuapp.theinternet.uploadtests.UploadTests@6bf0219d]" started-at="2018-10-13T15:12:48Z" name="fileUploadTest" data-provider="files" finished-at="2018-10-13T15:12:50Z" duration-ms="1949" status="PASS">
          <params>
            <param index="0">
              <value>
                <![CDATA[1]]>
              </value>
            </param>
            <param index="1">
              <value>
                <![CDATA[index.html]]>
              </value>
            </param>
          </params>
          <reporter-output>
          </reporter-output>
        </test-method> <!-- fileUploadTest -->
        <test-method is-config="true" signature="tearDown()[pri:0, instance:com.herokuapp.theinternet.uploadtests.UploadTests@6bf0219d]" started-at="2018-10-13T15:12:50Z" name="tearDown" finished-at="2018-10-13T15:12:51Z" duration-ms="741" status="PASS">
          <reporter-output>
          </reporter-output>
        </test-method> <!-- tearDown -->
        <test-method is-config="true" signature="setUp(java.lang.reflect.Method, java.lang.String, org.testng.ITestContext)[pri:0, instance:com.herokuapp.theinternet.uploadtests.UploadTests@6bf0219d]" started-at="2018-10-13T15:12:51Z" name="setUp" finished-at="2018-10-13T15:12:57Z" duration-ms="6749" status="PASS">
          <params>
            <param index="0">
              <value>
                <![CDATA[public void com.herokuapp.theinternet.uploadtests.UploadTests.fileUploadTest(int,java.lang.String)]]>
              </value>
            </param>
            <param index="1">
              <value>
                <![CDATA[chrome]]>
              </value>
            </param>
            <param index="2">
              <value>
                <![CDATA[org.testng.TestRunner@397ef2]]>
              </value>
            </param>
          </params>
          <reporter-output>
          </reporter-output>
        </test-method> <!-- setUp -->
        <test-method signature="fileUploadTest(int, java.lang.String)[pri:0, instance:com.herokuapp.theinternet.uploadtests.UploadTests@6bf0219d]" started-at="2018-10-13T15:12:57Z" name="fileUploadTest" data-provider="files" finished-at="2018-10-13T15:12:59Z" duration-ms="1941" status="PASS">
          <params>
            <param index="0">
              <value>
                <![CDATA[2]]>
              </value>
            </param>
            <param index="1">
              <value>
                <![CDATA[logo.png]]>
              </value>
            </param>
          </params>
          <reporter-output>
          </reporter-output>
        </test-method> <!-- fileUploadTest -->
        <test-method is-config="true" signature="tearDown()[pri:0, instance:com.herokuapp.theinternet.uploadtests.UploadTests@6bf0219d]" started-at="2018-10-13T15:12:59Z" name="tearDown" finished-at="2018-10-13T15:13:00Z" duration-ms="730" status="PASS">
          <reporter-output>
          </reporter-output>
        </test-method> <!-- tearDown -->
        <test-method is-config="true" signature="setUp(java.lang.reflect.Method, java.lang.String, org.testng.ITestContext)[pri:0, instance:com.herokuapp.theinternet.uploadtests.UploadTests@6bf0219d]" started-at="2018-10-13T15:13:00Z" name="setUp" finished-at="2018-10-13T15:13:07Z" duration-ms="6830" status="PASS">
          <params>
            <param index="0">
              <value>
                <![CDATA[public void com.herokuapp.theinternet.uploadtests.UploadTests.fileUploadTest(int,java.lang.String)]]>
              </value>
            </param>
            <param index="1">
              <value>
                <![CDATA[chrome]]>
              </value>
            </param>
            <param index="2">
              <value>
                <![CDATA[org.testng.TestRunner@397ef2]]>
              </value>
            </param>
          </params>
          <reporter-output>
          </reporter-output>
        </test-method> <!-- setUp -->
        <test-method signature="fileUploadTest(int, java.lang.String)[pri:0, instance:com.herokuapp.theinternet.uploadtests.UploadTests@6bf0219d]" started-at="2018-10-13T15:13:07Z" name="fileUploadTest" data-provider="files" finished-at="2018-10-13T15:13:09Z" duration-ms="1876" status="PASS">
          <params>
            <param index="0">
              <value>
                <![CDATA[3]]>
              </value>
            </param>
            <param index="1">
              <value>
                <![CDATA[text.txt]]>
              </value>
            </param>
          </params>
          <reporter-output>
          </reporter-output>
        </test-method> <!-- fileUploadTest -->
        <test-method is-config="true" signature="tearDown()[pri:0, instance:com.herokuapp.theinternet.uploadtests.UploadTests@6bf0219d]" started-at="2018-10-13T15:13:09Z" name="tearDown" finished-at="2018-10-13T15:13:10Z" duration-ms="760" status="PASS">
          <reporter-output>
          </reporter-output>
        </test-method> <!-- tearDown -->
      </class> <!-- com.herokuapp.theinternet.uploadtests.UploadTests -->
    </test> <!-- UploadTests -->
  </suite> <!-- SmokeTestSuite -->
</testng-results>
