<?xml version="1.0" encoding="UTF-8"?>
<!-- Generated by org.testng.reporters.JUnitXMLReporter -->
<testsuite ignored="0" hostname="DESKTOP-AU74U2U" failures="1" tests="3" name="Analyzed_Test" time="64.853" errors="0" timestamp="01 Nov 2022 07:13:21 GMT">
  <testcase classname="selenium_framework_project.Error_verify_test" name="Login_error" time="3.525">
    <skipped/>
  </testcase> <!-- Login_error -->
  <testcase classname="selenium_framework_project.Error_verify_test" name="Login_error" time="3.593">
    <failure type="java.lang.AssertionError" message="expected [Incorrect email or password.] but found [Incorrec email or password.]">
      <![CDATA[java.lang.AssertionError: expected [Incorrect email or password.] but found [Incorrec email or password.]
at selenium_framework_project.Error_verify_test.Login_error(Error_verify_test.java:20)
at java.base/java.util.concurrent.FutureTask.run(FutureTask.java:264)
at java.base/java.util.concurrent.ThreadPoolExecutor.runWorker(ThreadPoolExecutor.java:1136)
at java.base/java.util.concurrent.ThreadPoolExecutor$Worker.run(ThreadPoolExecutor.java:635)
at java.base/java.lang.Thread.run(Thread.java:833)
... Removed 22 stack frames]]>
    </failure>
  </testcase> <!-- Login_error -->
  <testcase classname="selenium_framework_project.Error_verify_test" name="ProductValidation" time="2.604"/>
</testsuite> <!-- Analyzed_Test -->
