<?xml version="1.0" encoding="UTF-8"?>
<!-- Generated by org.testng.reporters.JUnitXMLReporter -->
<testsuite ignored="0" hostname="Dee-PC" failures="1" tests="3" name="AlertsTests" time="37.332" errors="0" timestamp="29 Sep 2018 13:52:15 GMT">
  <testcase classname="com.herokuapp.theinternet.alertstests.AlertsTests" name="jsAlertTest" time="4.118"/>
  <testcase classname="com.herokuapp.theinternet.alertstests.AlertsTests" name="jsDismissTest" time="4.035"/>
  <testcase classname="com.herokuapp.theinternet.alertstests.AlertsTests" name="jsPromptTest" time="5.138">
    <failure type="java.lang.AssertionError" message="result is not expected. 
Should be &amp;apos;You entered: Hello Alert, its Dmitry here&amp;apos;, but it is &amp;apos;You entered: Hello Alert, it&amp;apos;s Dmitry here&amp;apos; expected [true] but found [false]">
      <![CDATA[java.lang.AssertionError: result is not expected. 
Should be 'You entered: Hello Alert, its Dmitry here', but it is 'You entered: Hello Alert, it's Dmitry here' expected [true] but found [false]
at com.herokuapp.theinternet.alertstests.AlertsTests.jsPromptTest(AlertsTests.java:108)
... Removed 28 stack frames]]>
    </failure>
  </testcase> <!-- jsPromptTest -->
</testsuite> <!-- AlertsTests -->
