<?xml version="1.0" encoding="UTF-8"?>
<testng-results skipped="10" failed="0" total="10" passed="0">
  <reporter-output>
  </reporter-output>
  <suite name="Suite" duration-ms="2848" started-at="2019-10-12T12:54:06Z" finished-at="2019-10-12T12:54:09Z">
    <groups>
    </groups>
    <test name="FirefoxTest" duration-ms="2848" started-at="2019-10-12T12:54:06Z" finished-at="2019-10-12T12:54:09Z">
      <class name="Mytests.SecondTest">
        <test-method status="SKIP" signature="MyntraTest()[pri:0, instance:Mytests.SecondTest@48140564]" name="MyntraTest" duration-ms="1" started-at="2019-10-12T18:24:09Z" finished-at="2019-10-12T18:24:09Z">
          <reporter-output>
          </reporter-output>
        </test-method> <!-- MyntraTest -->
        <test-method status="SKIP" signature="setupTest(java.lang.String)[pri:0, instance:Mytests.SecondTest@48140564]" name="setupTest" is-config="true" duration-ms="0" started-at="2019-10-12T18:24:09Z" finished-at="2019-10-12T18:24:09Z">
          <reporter-output>
          </reporter-output>
        </test-method> <!-- setupTest -->
        <test-method status="SKIP" signature="setupTest(java.lang.String)[pri:0, instance:Mytests.SecondTest@48140564]" name="setupTest" is-config="true" duration-ms="0" started-at="2019-10-12T18:24:09Z" finished-at="2019-10-12T18:24:09Z">
          <reporter-output>
          </reporter-output>
        </test-method> <!-- setupTest -->
        <test-method status="SKIP" signature="tearDown()[pri:0, instance:Mytests.SecondTest@48140564]" name="tearDown" is-config="true" duration-ms="0" started-at="2019-10-12T18:24:09Z" finished-at="2019-10-12T18:24:09Z">
          <reporter-output>
          </reporter-output>
        </test-method> <!-- tearDown -->
        <test-method status="SKIP" signature="ThoughtWorksTest()[pri:0, instance:Mytests.SecondTest@48140564]" name="ThoughtWorksTest" duration-ms="0" started-at="2019-10-12T18:24:09Z" finished-at="2019-10-12T18:24:09Z">
          <reporter-output>
          </reporter-output>
        </test-method> <!-- ThoughtWorksTest -->
        <test-method status="SKIP" signature="tearDown()[pri:0, instance:Mytests.SecondTest@48140564]" name="tearDown" is-config="true" duration-ms="0" started-at="2019-10-12T18:24:09Z" finished-at="2019-10-12T18:24:09Z">
          <reporter-output>
          </reporter-output>
        </test-method> <!-- tearDown -->
        <test-method status="SKIP" signature="terminate()[pri:0, instance:Mytests.SecondTest@48140564]" name="terminate" is-config="true" duration-ms="0" started-at="2019-10-12T18:24:09Z" finished-at="2019-10-12T18:24:09Z">
          <reporter-output>
          </reporter-output>
        </test-method> <!-- terminate -->
      </class> <!-- Mytests.SecondTest -->
      <class name="Mytests.FirstTest">
        <test-method status="FAIL" signature="setupTest(java.lang.String)[pri:0, instance:Mytests.FirstTest@1d251891]" name="setupTest" is-config="true" duration-ms="0" started-at="2019-10-12T18:24:06Z" finished-at="2019-10-12T18:24:06Z">
          <params>
            <param index="0">
              <value>
                <![CDATA[firefox]]>
              </value>
            </param>
          </params>
          <exception class="org.openqa.selenium.remote.UnreachableBrowserException">
            <message>
              <![CDATA[Could not start a new session. Possible causes are invalid address of the remote server or browser start-up failure.
Build info: version: '3.141.59', revision: 'e82be7d358', time: '2018-11-14T08:17:03'
System info: host: 'NAVEENK', ip: '192.168.99.1', os.name: 'Windows 10', os.arch: 'amd64', os.version: '10.0', java.version: '1.8.0_211'
Driver info: driver.version: RemoteWebDriver]]>
            </message>
            <full-stacktrace>
              <![CDATA[org.openqa.selenium.remote.UnreachableBrowserException: Could not start a new session. Possible causes are invalid address of the remote server or browser start-up failure.
Build info: version: '3.141.59', revision: 'e82be7d358', time: '2018-11-14T08:17:03'
System info: host: 'NAVEENK', ip: '192.168.99.1', os.name: 'Windows 10', os.arch: 'amd64', os.version: '10.0', java.version: '1.8.0_211'
Driver info: driver.version: RemoteWebDriver
	at org.openqa.selenium.remote.RemoteWebDriver.execute(RemoteWebDriver.java:573)
	at org.openqa.selenium.remote.RemoteWebDriver.startSession(RemoteWebDriver.java:213)
	at org.openqa.selenium.remote.RemoteWebDriver.<init>(RemoteWebDriver.java:131)
	at org.openqa.selenium.remote.RemoteWebDriver.<init>(RemoteWebDriver.java:144)
	at Mytests.BaseTest.setupTest(BaseTest.java:28)
	at sun.reflect.NativeMethodAccessorImpl.invoke0(Native Method)
	at sun.reflect.NativeMethodAccessorImpl.invoke(Unknown Source)
	at sun.reflect.DelegatingMethodAccessorImpl.invoke(Unknown Source)
	at java.lang.reflect.Method.invoke(Unknown Source)
	at org.testng.internal.MethodInvocationHelper.invokeMethod(MethodInvocationHelper.java:86)
	at org.testng.internal.Invoker.invokeConfigurationMethod(Invoker.java:514)
	at org.testng.internal.Invoker.invokeConfigurations(Invoker.java:215)
	at org.testng.internal.Invoker.invokeMethod(Invoker.java:589)
	at org.testng.internal.Invoker.invokeTestMethod(Invoker.java:822)
	at org.testng.internal.Invoker.invokeTestMethods(Invoker.java:1130)
	at org.testng.internal.TestMethodWorker.invokeTestMethods(TestMethodWorker.java:129)
	at org.testng.internal.TestMethodWorker.run(TestMethodWorker.java:112)
	at org.testng.TestRunner.privateRun(TestRunner.java:782)
	at org.testng.TestRunner.run(TestRunner.java:632)
	at org.testng.SuiteRunner.runTest(SuiteRunner.java:366)
	at org.testng.SuiteRunner.access$000(SuiteRunner.java:39)
	at org.testng.SuiteRunner$SuiteWorker.run(SuiteRunner.java:400)
	at org.testng.internal.thread.ThreadUtil$2.call(ThreadUtil.java:64)
	at java.util.concurrent.FutureTask.run(Unknown Source)
	at java.util.concurrent.ThreadPoolExecutor.runWorker(Unknown Source)
	at java.util.concurrent.ThreadPoolExecutor$Worker.run(Unknown Source)
	at java.lang.Thread.run(Unknown Source)
Caused by: java.net.ConnectException: Failed to connect to /192.168.99.100:4446
	at okhttp3.internal.connection.RealConnection.connectSocket(RealConnection.java:247)
	at okhttp3.internal.connection.RealConnection.connect(RealConnection.java:165)
	at okhttp3.internal.connection.StreamAllocation.findConnection(StreamAllocation.java:257)
	at okhttp3.internal.connection.StreamAllocation.findHealthyConnection(StreamAllocation.java:135)
	at okhttp3.internal.connection.StreamAllocation.newStream(StreamAllocation.java:114)
	at okhttp3.internal.connection.ConnectInterceptor.intercept(ConnectInterceptor.java:42)
	at okhttp3.internal.http.RealInterceptorChain.proceed(RealInterceptorChain.java:147)
	at okhttp3.internal.http.RealInterceptorChain.proceed(RealInterceptorChain.java:121)
	at okhttp3.internal.cache.CacheInterceptor.intercept(CacheInterceptor.java:93)
	at okhttp3.internal.http.RealInterceptorChain.proceed(RealInterceptorChain.java:147)
	at okhttp3.internal.http.RealInterceptorChain.proceed(RealInterceptorChain.java:121)
	at okhttp3.internal.http.BridgeInterceptor.intercept(BridgeInterceptor.java:93)
	at okhttp3.internal.http.RealInterceptorChain.proceed(RealInterceptorChain.java:147)
	at okhttp3.internal.http.RetryAndFollowUpInterceptor.intercept(RetryAndFollowUpInterceptor.java:126)
	at okhttp3.internal.http.RealInterceptorChain.proceed(RealInterceptorChain.java:147)
	at okhttp3.internal.http.RealInterceptorChain.proceed(RealInterceptorChain.java:121)
	at okhttp3.RealCall.getResponseWithInterceptorChain(RealCall.java:200)
	at okhttp3.RealCall.execute(RealCall.java:77)
	at org.openqa.selenium.remote.internal.OkHttpClient.execute(OkHttpClient.java:103)
	at org.openqa.selenium.remote.ProtocolHandshake.createSession(ProtocolHandshake.java:105)
	at org.openqa.selenium.remote.ProtocolHandshake.createSession(ProtocolHandshake.java:74)
	at org.openqa.selenium.remote.HttpCommandExecutor.execute(HttpCommandExecutor.java:136)
	at org.openqa.selenium.remote.RemoteWebDriver.execute(RemoteWebDriver.java:552)
	... 26 more
Caused by: java.net.ConnectException: Connection refused: connect
	at java.net.DualStackPlainSocketImpl.waitForConnect(Native Method)
	at java.net.DualStackPlainSocketImpl.socketConnect(Unknown Source)
	at java.net.AbstractPlainSocketImpl.doConnect(Unknown Source)
	at java.net.AbstractPlainSocketImpl.connectToAddress(Unknown Source)
	at java.net.AbstractPlainSocketImpl.connect(Unknown Source)
	at java.net.PlainSocketImpl.connect(Unknown Source)
	at java.net.SocksSocketImpl.connect(Unknown Source)
	at java.net.Socket.connect(Unknown Source)
	at okhttp3.internal.platform.Platform.connectSocket(Platform.java:129)
	at okhttp3.internal.connection.RealConnection.connectSocket(RealConnection.java:245)
	... 48 more
]]>
            </full-stacktrace>
          </exception> <!-- org.openqa.selenium.remote.UnreachableBrowserException -->
          <reporter-output>
          </reporter-output>
        </test-method> <!-- setupTest -->
        <test-method status="SKIP" signature="FacebookTest()[pri:0, instance:Mytests.FirstTest@1d251891]" name="FacebookTest" duration-ms="1" started-at="2019-10-12T18:24:09Z" finished-at="2019-10-12T18:24:09Z">
          <reporter-output>
          </reporter-output>
        </test-method> <!-- FacebookTest -->
        <test-method status="SKIP" signature="tearDown()[pri:0, instance:Mytests.FirstTest@1d251891]" name="tearDown" is-config="true" duration-ms="0" started-at="2019-10-12T18:24:09Z" finished-at="2019-10-12T18:24:09Z">
          <reporter-output>
          </reporter-output>
        </test-method> <!-- tearDown -->
        <test-method status="SKIP" signature="setupTest(java.lang.String)[pri:0, instance:Mytests.FirstTest@1d251891]" name="setupTest" is-config="true" duration-ms="0" started-at="2019-10-12T18:24:09Z" finished-at="2019-10-12T18:24:09Z">
          <reporter-output>
          </reporter-output>
        </test-method> <!-- setupTest -->
        <test-method status="SKIP" signature="GmailTest()[pri:0, instance:Mytests.FirstTest@1d251891]" name="GmailTest" duration-ms="1" started-at="2019-10-12T18:24:09Z" finished-at="2019-10-12T18:24:09Z">
          <reporter-output>
          </reporter-output>
        </test-method> <!-- GmailTest -->
        <test-method status="SKIP" signature="tearDown()[pri:0, instance:Mytests.FirstTest@1d251891]" name="tearDown" is-config="true" duration-ms="0" started-at="2019-10-12T18:24:09Z" finished-at="2019-10-12T18:24:09Z">
          <reporter-output>
          </reporter-output>
        </test-method> <!-- tearDown -->
        <test-method status="SKIP" signature="setupTest(java.lang.String)[pri:0, instance:Mytests.FirstTest@1d251891]" name="setupTest" is-config="true" duration-ms="0" started-at="2019-10-12T18:24:09Z" finished-at="2019-10-12T18:24:09Z">
          <reporter-output>
          </reporter-output>
        </test-method> <!-- setupTest -->
        <test-method status="SKIP" signature="InstagramTest()[pri:0, instance:Mytests.FirstTest@1d251891]" name="InstagramTest" duration-ms="0" started-at="2019-10-12T18:24:09Z" finished-at="2019-10-12T18:24:09Z">
          <reporter-output>
          </reporter-output>
        </test-method> <!-- InstagramTest -->
        <test-method status="SKIP" signature="tearDown()[pri:0, instance:Mytests.FirstTest@1d251891]" name="tearDown" is-config="true" duration-ms="0" started-at="2019-10-12T18:24:09Z" finished-at="2019-10-12T18:24:09Z">
          <reporter-output>
          </reporter-output>
        </test-method> <!-- tearDown -->
        <test-method status="SKIP" signature="terminate()[pri:0, instance:Mytests.FirstTest@1d251891]" name="terminate" is-config="true" duration-ms="0" started-at="2019-10-12T18:24:09Z" finished-at="2019-10-12T18:24:09Z">
          <reporter-output>
          </reporter-output>
        </test-method> <!-- terminate -->
      </class> <!-- Mytests.FirstTest -->
    </test> <!-- FirefoxTest -->
    <test name="ChromeTest" duration-ms="2848" started-at="2019-10-12T12:54:06Z" finished-at="2019-10-12T12:54:09Z">
      <class name="Mytests.SecondTest">
        <test-method status="SKIP" signature="setupTest(java.lang.String)[pri:0, instance:Mytests.SecondTest@7cf10a6f]" name="setupTest" is-config="true" duration-ms="0" started-at="2019-10-12T18:24:09Z" finished-at="2019-10-12T18:24:09Z">
          <reporter-output>
          </reporter-output>
        </test-method> <!-- setupTest -->
        <test-method status="SKIP" signature="MyntraTest()[pri:0, instance:Mytests.SecondTest@7cf10a6f]" name="MyntraTest" duration-ms="0" started-at="2019-10-12T18:24:09Z" finished-at="2019-10-12T18:24:09Z">
          <reporter-output>
          </reporter-output>
        </test-method> <!-- MyntraTest -->
        <test-method status="SKIP" signature="tearDown()[pri:0, instance:Mytests.SecondTest@7cf10a6f]" name="tearDown" is-config="true" duration-ms="0" started-at="2019-10-12T18:24:09Z" finished-at="2019-10-12T18:24:09Z">
          <reporter-output>
          </reporter-output>
        </test-method> <!-- tearDown -->
        <test-method status="SKIP" signature="setupTest(java.lang.String)[pri:0, instance:Mytests.SecondTest@7cf10a6f]" name="setupTest" is-config="true" duration-ms="0" started-at="2019-10-12T18:24:09Z" finished-at="2019-10-12T18:24:09Z">
          <reporter-output>
          </reporter-output>
        </test-method> <!-- setupTest -->
        <test-method status="SKIP" signature="ThoughtWorksTest()[pri:0, instance:Mytests.SecondTest@7cf10a6f]" name="ThoughtWorksTest" duration-ms="1" started-at="2019-10-12T18:24:09Z" finished-at="2019-10-12T18:24:09Z">
          <reporter-output>
          </reporter-output>
        </test-method> <!-- ThoughtWorksTest -->
        <test-method status="SKIP" signature="tearDown()[pri:0, instance:Mytests.SecondTest@7cf10a6f]" name="tearDown" is-config="true" duration-ms="0" started-at="2019-10-12T18:24:09Z" finished-at="2019-10-12T18:24:09Z">
          <reporter-output>
          </reporter-output>
        </test-method> <!-- tearDown -->
        <test-method status="SKIP" signature="terminate()[pri:0, instance:Mytests.SecondTest@7cf10a6f]" name="terminate" is-config="true" duration-ms="0" started-at="2019-10-12T18:24:09Z" finished-at="2019-10-12T18:24:09Z">
          <reporter-output>
          </reporter-output>
        </test-method> <!-- terminate -->
      </class> <!-- Mytests.SecondTest -->
      <class name="Mytests.FirstTest">
        <test-method status="FAIL" signature="setupTest(java.lang.String)[pri:0, instance:Mytests.FirstTest@66d33a]" name="setupTest" is-config="true" duration-ms="0" started-at="2019-10-12T18:24:06Z" finished-at="2019-10-12T18:24:06Z">
          <params>
            <param index="0">
              <value>
                <![CDATA[chrome]]>
              </value>
            </param>
          </params>
          <exception class="org.openqa.selenium.remote.UnreachableBrowserException">
            <message>
              <![CDATA[Could not start a new session. Possible causes are invalid address of the remote server or browser start-up failure.
Build info: version: '3.141.59', revision: 'e82be7d358', time: '2018-11-14T08:17:03'
System info: host: 'NAVEENK', ip: '192.168.99.1', os.name: 'Windows 10', os.arch: 'amd64', os.version: '10.0', java.version: '1.8.0_211'
Driver info: driver.version: RemoteWebDriver]]>
            </message>
            <full-stacktrace>
              <![CDATA[org.openqa.selenium.remote.UnreachableBrowserException: Could not start a new session. Possible causes are invalid address of the remote server or browser start-up failure.
Build info: version: '3.141.59', revision: 'e82be7d358', time: '2018-11-14T08:17:03'
System info: host: 'NAVEENK', ip: '192.168.99.1', os.name: 'Windows 10', os.arch: 'amd64', os.version: '10.0', java.version: '1.8.0_211'
Driver info: driver.version: RemoteWebDriver
	at org.openqa.selenium.remote.RemoteWebDriver.execute(RemoteWebDriver.java:573)
	at org.openqa.selenium.remote.RemoteWebDriver.startSession(RemoteWebDriver.java:213)
	at org.openqa.selenium.remote.RemoteWebDriver.<init>(RemoteWebDriver.java:131)
	at org.openqa.selenium.remote.RemoteWebDriver.<init>(RemoteWebDriver.java:144)
	at Mytests.BaseTest.setupTest(BaseTest.java:28)
	at sun.reflect.NativeMethodAccessorImpl.invoke0(Native Method)
	at sun.reflect.NativeMethodAccessorImpl.invoke(Unknown Source)
	at sun.reflect.DelegatingMethodAccessorImpl.invoke(Unknown Source)
	at java.lang.reflect.Method.invoke(Unknown Source)
	at org.testng.internal.MethodInvocationHelper.invokeMethod(MethodInvocationHelper.java:86)
	at org.testng.internal.Invoker.invokeConfigurationMethod(Invoker.java:514)
	at org.testng.internal.Invoker.invokeConfigurations(Invoker.java:215)
	at org.testng.internal.Invoker.invokeMethod(Invoker.java:589)
	at org.testng.internal.Invoker.invokeTestMethod(Invoker.java:822)
	at org.testng.internal.Invoker.invokeTestMethods(Invoker.java:1130)
	at org.testng.internal.TestMethodWorker.invokeTestMethods(TestMethodWorker.java:129)
	at org.testng.internal.TestMethodWorker.run(TestMethodWorker.java:112)
	at org.testng.TestRunner.privateRun(TestRunner.java:782)
	at org.testng.TestRunner.run(TestRunner.java:632)
	at org.testng.SuiteRunner.runTest(SuiteRunner.java:366)
	at org.testng.SuiteRunner.access$000(SuiteRunner.java:39)
	at org.testng.SuiteRunner$SuiteWorker.run(SuiteRunner.java:400)
	at org.testng.internal.thread.ThreadUtil$2.call(ThreadUtil.java:64)
	at java.util.concurrent.FutureTask.run(Unknown Source)
	at java.util.concurrent.ThreadPoolExecutor.runWorker(Unknown Source)
	at java.util.concurrent.ThreadPoolExecutor$Worker.run(Unknown Source)
	at java.lang.Thread.run(Unknown Source)
Caused by: java.net.ConnectException: Failed to connect to /192.168.99.100:4446
	at okhttp3.internal.connection.RealConnection.connectSocket(RealConnection.java:247)
	at okhttp3.internal.connection.RealConnection.connect(RealConnection.java:165)
	at okhttp3.internal.connection.StreamAllocation.findConnection(StreamAllocation.java:257)
	at okhttp3.internal.connection.StreamAllocation.findHealthyConnection(StreamAllocation.java:135)
	at okhttp3.internal.connection.StreamAllocation.newStream(StreamAllocation.java:114)
	at okhttp3.internal.connection.ConnectInterceptor.intercept(ConnectInterceptor.java:42)
	at okhttp3.internal.http.RealInterceptorChain.proceed(RealInterceptorChain.java:147)
	at okhttp3.internal.http.RealInterceptorChain.proceed(RealInterceptorChain.java:121)
	at okhttp3.internal.cache.CacheInterceptor.intercept(CacheInterceptor.java:93)
	at okhttp3.internal.http.RealInterceptorChain.proceed(RealInterceptorChain.java:147)
	at okhttp3.internal.http.RealInterceptorChain.proceed(RealInterceptorChain.java:121)
	at okhttp3.internal.http.BridgeInterceptor.intercept(BridgeInterceptor.java:93)
	at okhttp3.internal.http.RealInterceptorChain.proceed(RealInterceptorChain.java:147)
	at okhttp3.internal.http.RetryAndFollowUpInterceptor.intercept(RetryAndFollowUpInterceptor.java:126)
	at okhttp3.internal.http.RealInterceptorChain.proceed(RealInterceptorChain.java:147)
	at okhttp3.internal.http.RealInterceptorChain.proceed(RealInterceptorChain.java:121)
	at okhttp3.RealCall.getResponseWithInterceptorChain(RealCall.java:200)
	at okhttp3.RealCall.execute(RealCall.java:77)
	at org.openqa.selenium.remote.internal.OkHttpClient.execute(OkHttpClient.java:103)
	at org.openqa.selenium.remote.ProtocolHandshake.createSession(ProtocolHandshake.java:105)
	at org.openqa.selenium.remote.ProtocolHandshake.createSession(ProtocolHandshake.java:74)
	at org.openqa.selenium.remote.HttpCommandExecutor.execute(HttpCommandExecutor.java:136)
	at org.openqa.selenium.remote.RemoteWebDriver.execute(RemoteWebDriver.java:552)
	... 26 more
Caused by: java.net.ConnectException: Connection refused: connect
	at java.net.DualStackPlainSocketImpl.waitForConnect(Native Method)
	at java.net.DualStackPlainSocketImpl.socketConnect(Unknown Source)
	at java.net.AbstractPlainSocketImpl.doConnect(Unknown Source)
	at java.net.AbstractPlainSocketImpl.connectToAddress(Unknown Source)
	at java.net.AbstractPlainSocketImpl.connect(Unknown Source)
	at java.net.PlainSocketImpl.connect(Unknown Source)
	at java.net.SocksSocketImpl.connect(Unknown Source)
	at java.net.Socket.connect(Unknown Source)
	at okhttp3.internal.platform.Platform.connectSocket(Platform.java:129)
	at okhttp3.internal.connection.RealConnection.connectSocket(RealConnection.java:245)
	... 48 more
]]>
            </full-stacktrace>
          </exception> <!-- org.openqa.selenium.remote.UnreachableBrowserException -->
          <reporter-output>
          </reporter-output>
        </test-method> <!-- setupTest -->
        <test-method status="SKIP" signature="FacebookTest()[pri:0, instance:Mytests.FirstTest@66d33a]" name="FacebookTest" duration-ms="1" started-at="2019-10-12T18:24:09Z" finished-at="2019-10-12T18:24:09Z">
          <reporter-output>
          </reporter-output>
        </test-method> <!-- FacebookTest -->
        <test-method status="SKIP" signature="tearDown()[pri:0, instance:Mytests.FirstTest@66d33a]" name="tearDown" is-config="true" duration-ms="0" started-at="2019-10-12T18:24:09Z" finished-at="2019-10-12T18:24:09Z">
          <reporter-output>
          </reporter-output>
        </test-method> <!-- tearDown -->
        <test-method status="SKIP" signature="setupTest(java.lang.String)[pri:0, instance:Mytests.FirstTest@66d33a]" name="setupTest" is-config="true" duration-ms="0" started-at="2019-10-12T18:24:09Z" finished-at="2019-10-12T18:24:09Z">
          <reporter-output>
          </reporter-output>
        </test-method> <!-- setupTest -->
        <test-method status="SKIP" signature="GmailTest()[pri:0, instance:Mytests.FirstTest@66d33a]" name="GmailTest" duration-ms="0" started-at="2019-10-12T18:24:09Z" finished-at="2019-10-12T18:24:09Z">
          <reporter-output>
          </reporter-output>
        </test-method> <!-- GmailTest -->
        <test-method status="SKIP" signature="tearDown()[pri:0, instance:Mytests.FirstTest@66d33a]" name="tearDown" is-config="true" duration-ms="0" started-at="2019-10-12T18:24:09Z" finished-at="2019-10-12T18:24:09Z">
          <reporter-output>
          </reporter-output>
        </test-method> <!-- tearDown -->
        <test-method status="SKIP" signature="InstagramTest()[pri:0, instance:Mytests.FirstTest@66d33a]" name="InstagramTest" duration-ms="1" started-at="2019-10-12T18:24:09Z" finished-at="2019-10-12T18:24:09Z">
          <reporter-output>
          </reporter-output>
        </test-method> <!-- InstagramTest -->
        <test-method status="SKIP" signature="setupTest(java.lang.String)[pri:0, instance:Mytests.FirstTest@66d33a]" name="setupTest" is-config="true" duration-ms="0" started-at="2019-10-12T18:24:09Z" finished-at="2019-10-12T18:24:09Z">
          <reporter-output>
          </reporter-output>
        </test-method> <!-- setupTest -->
        <test-method status="SKIP" signature="terminate()[pri:0, instance:Mytests.FirstTest@66d33a]" name="terminate" is-config="true" duration-ms="0" started-at="2019-10-12T18:24:09Z" finished-at="2019-10-12T18:24:09Z">
          <reporter-output>
          </reporter-output>
        </test-method> <!-- terminate -->
        <test-method status="SKIP" signature="tearDown()[pri:0, instance:Mytests.FirstTest@66d33a]" name="tearDown" is-config="true" duration-ms="0" started-at="2019-10-12T18:24:09Z" finished-at="2019-10-12T18:24:09Z">
          <reporter-output>
          </reporter-output>
        </test-method> <!-- tearDown -->
      </class> <!-- Mytests.FirstTest -->
    </test> <!-- ChromeTest -->
  </suite> <!-- Suite -->
</testng-results>
