<?xml version="1.0" encoding="UTF-8"?>
<!-- Generated by org.testng.reporters.JUnitXMLReporter -->
<testsuite hostname="Naveen-Mac.local" ignored="0" name="hub spot regression Test" tests="3" failures="1" timestamp="06 Jun 2019 16:36:11 GMT" time="65.828" errors="0">
  <testcase name="verifyLoginPageTitleTest" time="10.494" classname="com.qa.hubspot.tests.LoginTest">
    <failure type="java.lang.AssertionError" message="expected [HubSpot Login123] but found [HubSpot Login]">
      <![CDATA[java.lang.AssertionError: expected [HubSpot Login123] but found [HubSpot Login]
at com.qa.hubspot.tests.LoginTest.verifyLoginPageTitleTest(LoginTest.java:60)
at java.util.concurrent.ThreadPoolExecutor.runWorker(ThreadPoolExecutor.java:1149)
at java.util.concurrent.ThreadPoolExecutor$Worker.run(ThreadPoolExecutor.java:624)
at java.lang.Thread.run(Thread.java:748)
... Removed 16 stack frames]]>
    </failure>
  </testcase> <!-- verifyLoginPageTitleTest -->
  <testcase name="verifySignUpLinkTest" time="7.539" classname="com.qa.hubspot.tests.LoginTest"/>
  <testcase name="loginCorrectCredentialsTest" time="9.894" classname="com.qa.hubspot.tests.LoginTest"/>
</testsuite> <!-- hub spot regression Test -->
