<?xml version="1.0" encoding="UTF-8"?>
<!-- Generated by org.testng.reporters.JUnitXMLReporter -->
<testsuite ignored="0" hostname="HASSEN-HP" failures="2" tests="10" name="BankApp Test" time="18.013" errors="0" timestamp="2021-04-01T15:26:04 EDT">
  <testcase classname="com.inetBanking.testCases.TC_LoginTest_001" name="loginCorrectUsernameAndPasswordValidation" time="4.595">
    <failure type="java.lang.NullPointerException">
      <![CDATA[java.lang.NullPointerException
at com.inetBanking.testCases.TC_LoginTest_001.loginCorrectUsernameAndPasswordValidation(TC_LoginTest_001.java:31)
at java.base/java.util.ArrayList.forEach(ArrayList.java:1540)
... Removed 27 stack frames]]>
    </failure>
  </testcase> <!-- loginCorrectUsernameAndPasswordValidation -->
  <testcase classname="com.inetBanking.testCases.TC_LoginTest_001" name="verifyHomepageTitle" time="0.503">
    <failure type="java.lang.AssertionError" message="expected [true] but found [false]">
      <![CDATA[java.lang.AssertionError: expected [true] but found [false]
at com.inetBanking.testCases.TC_LoginTest_001.verifyHomepageTitle(TC_LoginTest_001.java:43)
at java.base/java.util.ArrayList.forEach(ArrayList.java:1540)
... Removed 31 stack frames]]>
    </failure>
  </testcase> <!-- verifyHomepageTitle -->
  <testcase classname="com.inetBanking.testCases.TC_LoginTest_001" name="BankLogoValidation" time="0.086"/>
  <testcase classname="com.inetBanking.testCases.TC_LoginTest_001" name="loginNoUserIDValidation" time="0.996"/>
  <testcase classname="com.inetBanking.testCases.TC_LoginTest_001" name="loginNoPasswordValidation" time="1.289"/>
  <testcase classname="com.inetBanking.testCases.TC_LoginTest_001" name="loginNoUseNameNoPasswordValidation" time="0.951"/>
  <testcase classname="com.inetBanking.testCases.TC_LoginTest_001" name="loginButtonClickValidation" time="0.778"/>
  <testcase classname="com.inetBanking.testCases.TC_LoginTest_001" name="loginResetButtonClickValidation" time="0.657"/>
  <testcase classname="com.inetBanking.testCases.TC_LoginTest_001" name="verifyLinks" time="0.728"/>
  <testcase classname="com.inetBanking.testCases.TC_LoginTest_001" name="verifyLinkActive" time="0.001"/>
</testsuite> <!-- BankApp Test -->
