<html>
<head>
<title>TestNG:  BankApp Test</title>
<link href="../testng.css" rel="stylesheet" type="text/css" />
<link href="../my-testng.css" rel="stylesheet" type="text/css" />

<style type="text/css">
.log { display: none;} 
.stack-trace { display: none;} 
</style>
<script type="text/javascript">
<!--
function flip(e) {
  current = e.style.display;
  if (current == 'block') {
    e.style.display = 'none';
    return 0;
  }
  else {
    e.style.display = 'block';
    return 1;
  }
}

function toggleBox(szDivId, elem, msg1, msg2)
{
  var res = -1;  if (document.getElementById) {
    res = flip(document.getElementById(szDivId));
  }
  else if (document.all) {
    // this is the way old msie versions work
    res = flip(document.all[szDivId]);
  }
  if(elem) {
    if(res == 0) elem.innerHTML = msg1; else elem.innerHTML = msg2;
  }

}

function toggleAllBoxes() {
  if (document.getElementsByTagName) {
    d = document.getElementsByTagName('div');
    for (i = 0; i < d.length; i++) {
      if (d[i].className == 'log') {
        flip(d[i]);
      }
    }
  }
}

// -->
</script>

</head>
<body>
<h2 align='center'>BankApp Test</h2><table border='1' align="center">
<tr>
<td>Tests passed/Failed/Skipped:</td><td>8/2/0</td>
</tr><tr>
<td>Started on:</td><td>Thu Apr 01 15:25:46 EDT 2021</td>
</tr>
<tr><td>Total time:</td><td>18 seconds (18013 ms)</td>
</tr><tr>
<td>Included groups:</td><td></td>
</tr><tr>
<td>Excluded groups:</td><td></td>
</tr>
</table><p/>
<small><i>(Hover the method name to see the test class name)</i></small><p/>
<table width='100%' border='1' class='invocation-failed'>
<tr><td colspan='4' align='center'><b>FAILED TESTS</b></td></tr>
<tr><td><b>Test method</b></td>
<td width="30%"><b>Exception</b></td>
<td width="10%"><b>Time (seconds)</b></td>
<td><b>Instance</b></td>
</tr>
<tr>
<td title='com.inetBanking.testCases.TC_LoginTest_001.loginCorrectUsernameAndPasswordValidation()'><b>loginCorrectUsernameAndPasswordValidation</b><br>Test class: com.inetBanking.testCases.TC_LoginTest_001</td>
<td><div><pre>java.lang.NullPointerException
	at com.inetBanking.testCases.TC_LoginTest_001.loginCorrectUsernameAndPasswordValidation(TC_LoginTest_001.java:31)
	at java.base/java.util.ArrayList.forEach(ArrayList.java:1540)
... Removed 27 stack frames</pre></div><a href='#' onClick='toggleBox("stack-trace222300483", this, "Click to show all stack frames", "Click to hide stack frames")'>Click to show all stack frames</a>
<div class='stack-trace' id='stack-trace222300483'><pre>java.lang.NullPointerException
	at com.inetBanking.testCases.TC_LoginTest_001.loginCorrectUsernameAndPasswordValidation(TC_LoginTest_001.java:31)
	at java.base/jdk.internal.reflect.NativeMethodAccessorImpl.invoke0(Native Method)
	at java.base/jdk.internal.reflect.NativeMethodAccessorImpl.invoke(NativeMethodAccessorImpl.java:62)
	at java.base/jdk.internal.reflect.DelegatingMethodAccessorImpl.invoke(DelegatingMethodAccessorImpl.java:43)
	at java.base/java.lang.reflect.Method.invoke(Method.java:566)
	at org.testng.internal.MethodInvocationHelper.invokeMethod(MethodInvocationHelper.java:134)
	at org.testng.internal.TestInvoker.invokeMethod(TestInvoker.java:597)
	at org.testng.internal.TestInvoker.invokeTestMethod(TestInvoker.java:173)
	at org.testng.internal.MethodRunner.runInSequence(MethodRunner.java:46)
	at org.testng.internal.TestInvoker$MethodInvocationAgent.invoke(TestInvoker.java:816)
	at org.testng.internal.TestInvoker.invokeTestMethods(TestInvoker.java:146)
	at org.testng.internal.TestMethodWorker.invokeTestMethods(TestMethodWorker.java:146)
	at org.testng.internal.TestMethodWorker.run(TestMethodWorker.java:128)
	at java.base/java.util.ArrayList.forEach(ArrayList.java:1540)
	at org.testng.TestRunner.privateRun(TestRunner.java:766)
	at org.testng.TestRunner.run(TestRunner.java:587)
	at org.testng.SuiteRunner.runTest(SuiteRunner.java:384)
	at org.testng.SuiteRunner.runSequentially(SuiteRunner.java:378)
	at org.testng.SuiteRunner.privateRun(SuiteRunner.java:337)
	at org.testng.SuiteRunner.run(SuiteRunner.java:286)
	at org.testng.SuiteRunnerWorker.runSuite(SuiteRunnerWorker.java:53)
	at org.testng.SuiteRunnerWorker.run(SuiteRunnerWorker.java:96)
	at org.testng.TestNG.runSuitesSequentially(TestNG.java:1187)
	at org.testng.TestNG.runSuitesLocally(TestNG.java:1109)
	at org.testng.TestNG.runSuites(TestNG.java:1039)
	at org.testng.TestNG.run(TestNG.java:1007)
	at org.testng.remote.AbstractRemoteTestNG.run(AbstractRemoteTestNG.java:115)
	at org.testng.remote.RemoteTestNG.initAndRun(RemoteTestNG.java:251)
	at org.testng.remote.RemoteTestNG.main(RemoteTestNG.java:77)
</pre></div></td>
<td>4</td>
<td>com.inetBanking.testCases.TC_LoginTest_001@40cb8df7</td></tr>
<tr>
<td title='com.inetBanking.testCases.TC_LoginTest_001.verifyHomepageTitle()'><b>verifyHomepageTitle</b><br>Test class: com.inetBanking.testCases.TC_LoginTest_001<br>Test method: Validation of Tittle On e-Banking Home Page</td>
<td><div><pre>java.lang.AssertionError: expected [true] but found [false]
	at com.inetBanking.testCases.TC_LoginTest_001.verifyHomepageTitle(TC_LoginTest_001.java:43)
	at java.base/java.util.ArrayList.forEach(ArrayList.java:1540)
... Removed 31 stack frames</pre></div><a href='#' onClick='toggleBox("stack-trace1052127672", this, "Click to show all stack frames", "Click to hide stack frames")'>Click to show all stack frames</a>
<div class='stack-trace' id='stack-trace1052127672'><pre>java.lang.AssertionError: expected [true] but found [false]
	at org.testng.Assert.fail(Assert.java:97)
	at org.testng.Assert.failNotEquals(Assert.java:969)
	at org.testng.Assert.assertTrue(Assert.java:43)
	at org.testng.Assert.assertTrue(Assert.java:53)
	at com.inetBanking.testCases.TC_LoginTest_001.verifyHomepageTitle(TC_LoginTest_001.java:43)
	at java.base/jdk.internal.reflect.NativeMethodAccessorImpl.invoke0(Native Method)
	at java.base/jdk.internal.reflect.NativeMethodAccessorImpl.invoke(NativeMethodAccessorImpl.java:62)
	at java.base/jdk.internal.reflect.DelegatingMethodAccessorImpl.invoke(DelegatingMethodAccessorImpl.java:43)
	at java.base/java.lang.reflect.Method.invoke(Method.java:566)
	at org.testng.internal.MethodInvocationHelper.invokeMethod(MethodInvocationHelper.java:134)
	at org.testng.internal.TestInvoker.invokeMethod(TestInvoker.java:597)
	at org.testng.internal.TestInvoker.invokeTestMethod(TestInvoker.java:173)
	at org.testng.internal.MethodRunner.runInSequence(MethodRunner.java:46)
	at org.testng.internal.TestInvoker$MethodInvocationAgent.invoke(TestInvoker.java:816)
	at org.testng.internal.TestInvoker.invokeTestMethods(TestInvoker.java:146)
	at org.testng.internal.TestMethodWorker.invokeTestMethods(TestMethodWorker.java:146)
	at org.testng.internal.TestMethodWorker.run(TestMethodWorker.java:128)
	at java.base/java.util.ArrayList.forEach(ArrayList.java:1540)
	at org.testng.TestRunner.privateRun(TestRunner.java:766)
	at org.testng.TestRunner.run(TestRunner.java:587)
	at org.testng.SuiteRunner.runTest(SuiteRunner.java:384)
	at org.testng.SuiteRunner.runSequentially(SuiteRunner.java:378)
	at org.testng.SuiteRunner.privateRun(SuiteRunner.java:337)
	at org.testng.SuiteRunner.run(SuiteRunner.java:286)
	at org.testng.SuiteRunnerWorker.runSuite(SuiteRunnerWorker.java:53)
	at org.testng.SuiteRunnerWorker.run(SuiteRunnerWorker.java:96)
	at org.testng.TestNG.runSuitesSequentially(TestNG.java:1187)
	at org.testng.TestNG.runSuitesLocally(TestNG.java:1109)
	at org.testng.TestNG.runSuites(TestNG.java:1039)
	at org.testng.TestNG.run(TestNG.java:1007)
	at org.testng.remote.AbstractRemoteTestNG.run(AbstractRemoteTestNG.java:115)
	at org.testng.remote.RemoteTestNG.initAndRun(RemoteTestNG.java:251)
	at org.testng.remote.RemoteTestNG.main(RemoteTestNG.java:77)
</pre></div></td>
<td>0</td>
<td>com.inetBanking.testCases.TC_LoginTest_001@40cb8df7</td></tr>
</table><p>
<table width='100%' border='1' class='invocation-passed'>
<tr><td colspan='4' align='center'><b>PASSED TESTS</b></td></tr>
<tr><td><b>Test method</b></td>
<td width="30%"><b>Exception</b></td>
<td width="10%"><b>Time (seconds)</b></td>
<td><b>Instance</b></td>
</tr>
<tr>
<td title='com.inetBanking.testCases.TC_LoginTest_001.BankLogoValidation()'><b>BankLogoValidation</b><br>Test class: com.inetBanking.testCases.TC_LoginTest_001<br>Test method: Validation of Logo On Bank Home Page</td>
<td></td>
<td>0</td>
<td>com.inetBanking.testCases.TC_LoginTest_001@40cb8df7</td></tr>
<tr>
<td title='com.inetBanking.testCases.TC_LoginTest_001.loginButtonClickValidation()'><b>loginButtonClickValidation</b><br>Test class: com.inetBanking.testCases.TC_LoginTest_001</td>
<td></td>
<td>0</td>
<td>com.inetBanking.testCases.TC_LoginTest_001@40cb8df7</td></tr>
<tr>
<td title='com.inetBanking.testCases.TC_LoginTest_001.loginNoPasswordValidation()'><b>loginNoPasswordValidation</b><br>Test class: com.inetBanking.testCases.TC_LoginTest_001</td>
<td></td>
<td>1</td>
<td>com.inetBanking.testCases.TC_LoginTest_001@40cb8df7</td></tr>
<tr>
<td title='com.inetBanking.testCases.TC_LoginTest_001.loginNoUseNameNoPasswordValidation()'><b>loginNoUseNameNoPasswordValidation</b><br>Test class: com.inetBanking.testCases.TC_LoginTest_001</td>
<td></td>
<td>0</td>
<td>com.inetBanking.testCases.TC_LoginTest_001@40cb8df7</td></tr>
<tr>
<td title='com.inetBanking.testCases.TC_LoginTest_001.loginNoUserIDValidation()'><b>loginNoUserIDValidation</b><br>Test class: com.inetBanking.testCases.TC_LoginTest_001</td>
<td></td>
<td>0</td>
<td>com.inetBanking.testCases.TC_LoginTest_001@40cb8df7</td></tr>
<tr>
<td title='com.inetBanking.testCases.TC_LoginTest_001.loginResetButtonClickValidation()'><b>loginResetButtonClickValidation</b><br>Test class: com.inetBanking.testCases.TC_LoginTest_001</td>
<td></td>
<td>0</td>
<td>com.inetBanking.testCases.TC_LoginTest_001@40cb8df7</td></tr>
<tr>
<td title='com.inetBanking.testCases.TC_LoginTest_001.verifyLinkActive()'><b>verifyLinkActive</b><br>Test class: com.inetBanking.testCases.TC_LoginTest_001</td>
<td></td>
<td>0</td>
<td>com.inetBanking.testCases.TC_LoginTest_001@40cb8df7</td></tr>
<tr>
<td title='com.inetBanking.testCases.TC_LoginTest_001.verifyLinks()'><b>verifyLinks</b><br>Test class: com.inetBanking.testCases.TC_LoginTest_001</td>
<td></td>
<td>0</td>
<td>com.inetBanking.testCases.TC_LoginTest_001@40cb8df7</td></tr>
</table><p>
</body>
</html>