<!DOCTYPE html>

<html>
  <head>
  <meta charset='utf-8'>
  <title>TestNG reports</title>

    <link type="text/css" href="testng-reports.css" rel="stylesheet" />
    <script type="text/javascript" src="jquery-3.4.1.min.js"></script>
    <script type="text/javascript" src="testng-reports.js"></script>
    <script type="text/javascript" src="https://www.google.com/jsapi"></script>
    <script type='text/javascript'>
      google.load('visualization', '1', {packages:['table']});
      google.setOnLoadCallback(drawTable);
      var suiteTableInitFunctions = new Array();
      var suiteTableData = new Array();
    </script>
    <!--
      <script type="text/javascript" src="jquery-ui/js/jquery-ui-1.8.16.custom.min.js"></script>
     -->
  </head>

  <body>
    <div class="top-banner-root">
      <span class="top-banner-title-font">Test results</span>
      <br/>
      <span class="top-banner-font-1">1 suite, 2 failed tests</span>
    </div> <!-- top-banner-root -->
    <div class="navigator-root">
      <div class="navigator-suite-header">
        <span>All suites</span>
        <a href="#" title="Collapse/expand all the suites" class="collapse-all-link">
          <img src="collapseall.gif" class="collapse-all-icon">
          </img> <!-- collapse-all-icon -->
        </a> <!-- collapse-all-link -->
      </div> <!-- navigator-suite-header -->
      <div class="suite">
        <div class="rounded-window">
          <div class="suite-header light-rounded-window-top">
            <a href="#" panel-name="suite-Test_Suite" class="navigator-link">
              <span class="suite-name border-failed">Test Suite</span>
            </a> <!-- navigator-link -->
          </div> <!-- suite-header light-rounded-window-top -->
          <div class="navigator-suite-content">
            <div class="suite-section-title">
              <span>Info</span>
            </div> <!-- suite-section-title -->
            <div class="suite-section-content">
              <ul>
                <li>
                  <a href="#" panel-name="test-xml-Test_Suite" class="navigator-link ">
                    <span>C:\Users\HASSEN\workspace\ExtentReports-TestNG-Listeners\testng.xml</span>
                  </a> <!-- navigator-link  -->
                </li>
                <li>
                  <a href="#" panel-name="testlist-Test_Suite" class="navigator-link ">
                    <span class="test-stats">1 test</span>
                  </a> <!-- navigator-link  -->
                </li>
                <li>
                  <a href="#" panel-name="group-Test_Suite" class="navigator-link ">
                    <span>0 groups</span>
                  </a> <!-- navigator-link  -->
                </li>
                <li>
                  <a href="#" panel-name="times-Test_Suite" class="navigator-link ">
                    <span>Times</span>
                  </a> <!-- navigator-link  -->
                </li>
                <li>
                  <a href="#" panel-name="reporter-Test_Suite" class="navigator-link ">
                    <span>Reporter output</span>
                  </a> <!-- navigator-link  -->
                </li>
                <li>
                  <a href="#" panel-name="ignored-methods-Test_Suite" class="navigator-link ">
                    <span>Ignored methods</span>
                  </a> <!-- navigator-link  -->
                </li>
                <li>
                  <a href="#" panel-name="chronological-Test_Suite" class="navigator-link ">
                    <span>Chronological view</span>
                  </a> <!-- navigator-link  -->
                </li>
              </ul>
            </div> <!-- suite-section-content -->
            <div class="result-section">
              <div class="suite-section-title">
                <span>Results</span>
              </div> <!-- suite-section-title -->
              <div class="suite-section-content">
                <ul>
                  <li>
                    <span class="method-stats">11 methods, 2 failed,   9 passed</span>
                  </li>
                  <li>
                    <span class="method-list-title failed">Failed methods</span>
                    <span class="show-or-hide-methods failed">
                      <a href="#" panel-name="suite-Test_Suite" class="hide-methods failed suite-Test_Suite"> (hide)</a> <!-- hide-methods failed suite-Test_Suite -->
                      <a href="#" panel-name="suite-Test_Suite" class="show-methods failed suite-Test_Suite"> (show)</a> <!-- show-methods failed suite-Test_Suite -->
                    </span>
                    <div class="method-list-content failed suite-Test_Suite">
                      <span>
                        <img src="failed.png" width="3%"/>
                        <a href="#" panel-name="suite-Test_Suite" title="com.tests.CreateAccountTest" class="method navigator-link" hash-for-method="verifyCreateAnAccountPage">verifyCreateAnAccountPage</a> <!-- method navigator-link -->
                      </span>
                      <br/>
                      <span>
                        <img src="failed.png" width="3%"/>
                        <a href="#" panel-name="suite-Test_Suite" title="com.tests.SignInPageTest" class="method navigator-link" hash-for-method="verifySignInFunction">verifySignInFunction</a> <!-- method navigator-link -->
                      </span>
                      <br/>
                    </div> <!-- method-list-content failed suite-Test_Suite -->
                  </li>
                  <li>
                    <span class="method-list-title passed">Passed methods</span>
                    <span class="show-or-hide-methods passed">
                      <a href="#" panel-name="suite-Test_Suite" class="hide-methods passed suite-Test_Suite"> (hide)</a> <!-- hide-methods passed suite-Test_Suite -->
                      <a href="#" panel-name="suite-Test_Suite" class="show-methods passed suite-Test_Suite"> (show)</a> <!-- show-methods passed suite-Test_Suite -->
                    </span>
                    <div class="method-list-content passed suite-Test_Suite">
                      <span>
                        <img src="passed.png" width="3%"/>
                        <a href="#" panel-name="suite-Test_Suite" title="com.tests.SignInPageTest" class="method navigator-link" hash-for-method="SignInPageTestOne">SignInPageTestOne</a> <!-- method navigator-link -->
                      </span>
                      <br/>
                      <span>
                        <img src="passed.png" width="3%"/>
                        <a href="#" panel-name="suite-Test_Suite" title="com.tests.SignInPageTest" class="method navigator-link" hash-for-method="SignInPageTestThree">SignInPageTestThree</a> <!-- method navigator-link -->
                      </span>
                      <br/>
                      <span>
                        <img src="passed.png" width="3%"/>
                        <a href="#" panel-name="suite-Test_Suite" title="com.tests.SignInPageTest" class="method navigator-link" hash-for-method="SignInPageTestTwo">SignInPageTestTwo</a> <!-- method navigator-link -->
                      </span>
                      <br/>
                      <span>
                        <img src="passed.png" width="3%"/>
                        <a href="#" panel-name="suite-Test_Suite" title="com.tests.BasePageTest" class="method navigator-link" hash-for-method="baseTest1">baseTest1</a> <!-- method navigator-link -->
                      </span>
                      <br/>
                      <span>
                        <img src="passed.png" width="3%"/>
                        <a href="#" panel-name="suite-Test_Suite" title="com.tests.BasePageTest" class="method navigator-link" hash-for-method="baseTest2">baseTest2</a> <!-- method navigator-link -->
                      </span>
                      <br/>
                      <span>
                        <img src="passed.png" width="3%"/>
                        <a href="#" panel-name="suite-Test_Suite" title="com.tests.BasePageTest" class="method navigator-link" hash-for-method="baseTest3">baseTest3</a> <!-- method navigator-link -->
                      </span>
                      <br/>
                      <span>
                        <img src="passed.png" width="3%"/>
                        <a href="#" panel-name="suite-Test_Suite" title="com.tests.CreateAccountTest" class="method navigator-link" hash-for-method="createAccountExample1">createAccountExample1</a> <!-- method navigator-link -->
                      </span>
                      <br/>
                      <span>
                        <img src="passed.png" width="3%"/>
                        <a href="#" panel-name="suite-Test_Suite" title="com.tests.CreateAccountTest" class="method navigator-link" hash-for-method="createAccountExample2">createAccountExample2</a> <!-- method navigator-link -->
                      </span>
                      <br/>
                      <span>
                        <img src="passed.png" width="3%"/>
                        <a href="#" panel-name="suite-Test_Suite" title="com.tests.BasePageTest" class="method navigator-link" hash-for-method="verifyHomePage">verifyHomePage</a> <!-- method navigator-link -->
                      </span>
                      <br/>
                    </div> <!-- method-list-content passed suite-Test_Suite -->
                  </li>
                </ul>
              </div> <!-- suite-section-content -->
            </div> <!-- result-section -->
          </div> <!-- navigator-suite-content -->
        </div> <!-- rounded-window -->
      </div> <!-- suite -->
    </div> <!-- navigator-root -->
    <div class="wrapper">
      <div class="main-panel-root">
        <div panel-name="suite-Test_Suite" class="panel Test_Suite">
          <div class="suite-Test_Suite-class-failed">
            <div class="main-panel-header rounded-window-top">
              <img src="failed.png"/>
              <span class="class-name">com.tests.CreateAccountTest</span>
            </div> <!-- main-panel-header rounded-window-top -->
            <div class="main-panel-content rounded-window-bottom">
              <div class="method">
                <div class="method-content">
                  <a name="verifyCreateAnAccountPage">
                  </a> <!-- verifyCreateAnAccountPage -->
                  <span class="method-name">verifyCreateAnAccountPage</span>
                  <div class="stack-trace">org.openqa.selenium.NoSuchElementException: no such element: Unable to locate element: {&quot;method&quot;:&quot;css selector&quot;,&quot;selector&quot;:&quot;#link\-signup&quot;}
  (Session info: chrome=89.0.4389.114)
For documentation on this error, please visit: http://seleniumhq.org/exceptions/no_such_element.html
Build info: version: &apos;3.14.0&apos;, revision: &apos;aacccce0&apos;, time: &apos;2018-08-02T20:19:58.91Z&apos;
System info: host: &apos;HASSEN-HP&apos;, ip: &apos;192.168.56.1&apos;, os.name: &apos;Windows 10&apos;, os.arch: &apos;amd64&apos;, os.version: &apos;10.0&apos;, java.version: &apos;11.0.7&apos;
Driver info: org.openqa.selenium.chrome.ChromeDriver
Capabilities {acceptInsecureCerts: false, browserName: chrome, browserVersion: 89.0.4389.114, chrome: {chromedriverVersion: 89.0.4389.23 (61b08ee2c5002..., userDataDir: C:\Users\HASSEN\AppData\Loc...}, goog:chromeOptions: {debuggerAddress: localhost:57328}, javascriptEnabled: true, networkConnectionEnabled: false, pageLoadStrategy: normal, platform: WINDOWS, platformName: WINDOWS, proxy: Proxy(), setWindowRect: true, strictFileInteractability: false, timeouts: {implicit: 0, pageLoad: 300000, script: 30000}, unhandledPromptBehavior: dismiss and notify, webauthn:extension:largeBlob: true, webauthn:virtualAuthenticators: true}
Session ID: f0e1ff209a3ef512533f5fd08144a6f7
*** Element info: {Using=id, value=link-signup}
	at org.openqa.selenium.remote.http.W3CHttpResponseCodec.createException(W3CHttpResponseCodec.java:187)
	at org.openqa.selenium.remote.http.W3CHttpResponseCodec.decode(W3CHttpResponseCodec.java:122)
	at org.openqa.selenium.remote.http.W3CHttpResponseCodec.decode(W3CHttpResponseCodec.java:49)
	at org.openqa.selenium.remote.HttpCommandExecutor.execute(HttpCommandExecutor.java:158)
	at org.openqa.selenium.remote.service.DriverCommandExecutor.execute(DriverCommandExecutor.java:83)
	at org.openqa.selenium.remote.RemoteWebDriver.execute(RemoteWebDriver.java:548)
	at org.openqa.selenium.remote.RemoteWebDriver.findElement(RemoteWebDriver.java:322)
	at org.openqa.selenium.remote.RemoteWebDriver.findElementById(RemoteWebDriver.java:368)
	at org.openqa.selenium.By$ById.findElement(By.java:188)
	at org.openqa.selenium.remote.RemoteWebDriver.findElement(RemoteWebDriver.java:314)
	at com.google.pages.SignInPage.clickonCreateAnAccount(SignInPage.java:38)
	at com.tests.CreateAccountTest.verifyCreateAnAccountPage(CreateAccountTest.java:30)
	at java.base/java.util.concurrent.ThreadPoolExecutor.runWorker(ThreadPoolExecutor.java:1128)
	at java.base/java.util.concurrent.ThreadPoolExecutor$Worker.run(ThreadPoolExecutor.java:628)
	at java.base/java.lang.Thread.run(Thread.java:834)
... Removed 16 stack frames
</div> <!-- stack-trace -->
                </div> <!-- method-content -->
              </div> <!-- method -->
            </div> <!-- main-panel-content rounded-window-bottom -->
          </div> <!-- suite-Test_Suite-class-failed -->
          <div class="suite-Test_Suite-class-failed">
            <div class="main-panel-header rounded-window-top">
              <img src="failed.png"/>
              <span class="class-name">com.tests.SignInPageTest</span>
            </div> <!-- main-panel-header rounded-window-top -->
            <div class="main-panel-content rounded-window-bottom">
              <div class="method">
                <div class="method-content">
                  <a name="verifySignInFunction">
                  </a> <!-- verifySignInFunction -->
                  <span class="method-name">verifySignInFunction</span>
                  <div class="stack-trace">org.openqa.selenium.NoSuchElementException: no such element: Unable to locate element: {&quot;method&quot;:&quot;css selector&quot;,&quot;selector&quot;:&quot;.hidden-small&quot;}
  (Session info: chrome=89.0.4389.114)
For documentation on this error, please visit: http://seleniumhq.org/exceptions/no_such_element.html
Build info: version: &apos;3.14.0&apos;, revision: &apos;aacccce0&apos;, time: &apos;2018-08-02T20:19:58.91Z&apos;
System info: host: &apos;HASSEN-HP&apos;, ip: &apos;192.168.56.1&apos;, os.name: &apos;Windows 10&apos;, os.arch: &apos;amd64&apos;, os.version: &apos;10.0&apos;, java.version: &apos;11.0.7&apos;
Driver info: org.openqa.selenium.chrome.ChromeDriver
Capabilities {acceptInsecureCerts: false, browserName: chrome, browserVersion: 89.0.4389.114, chrome: {chromedriverVersion: 89.0.4389.23 (61b08ee2c5002..., userDataDir: C:\Users\HASSEN\AppData\Loc...}, goog:chromeOptions: {debuggerAddress: localhost:57299}, javascriptEnabled: true, networkConnectionEnabled: false, pageLoadStrategy: normal, platform: WINDOWS, platformName: WINDOWS, proxy: Proxy(), setWindowRect: true, strictFileInteractability: false, timeouts: {implicit: 0, pageLoad: 300000, script: 30000}, unhandledPromptBehavior: dismiss and notify, webauthn:extension:largeBlob: true, webauthn:virtualAuthenticators: true}
Session ID: 53e3dc4193f69f116aff7e4acb2f10cc
*** Element info: {Using=css selector, value=.hidden-small}
	at org.openqa.selenium.remote.http.W3CHttpResponseCodec.createException(W3CHttpResponseCodec.java:187)
	at org.openqa.selenium.remote.http.W3CHttpResponseCodec.decode(W3CHttpResponseCodec.java:122)
	at org.openqa.selenium.remote.http.W3CHttpResponseCodec.decode(W3CHttpResponseCodec.java:49)
	at org.openqa.selenium.remote.HttpCommandExecutor.execute(HttpCommandExecutor.java:158)
	at org.openqa.selenium.remote.service.DriverCommandExecutor.execute(DriverCommandExecutor.java:83)
	at org.openqa.selenium.remote.RemoteWebDriver.execute(RemoteWebDriver.java:548)
	at org.openqa.selenium.remote.RemoteWebDriver.findElement(RemoteWebDriver.java:322)
	at org.openqa.selenium.remote.RemoteWebDriver.findElementByCssSelector(RemoteWebDriver.java:416)
	at org.openqa.selenium.By$ByCssSelector.findElement(By.java:431)
	at org.openqa.selenium.remote.RemoteWebDriver.findElement(RemoteWebDriver.java:314)
	at com.google.pages.SignInPage.verifySignInPageText(SignInPage.java:31)
	at com.tests.SignInPageTest.verifySignInFunction(SignInPageTest.java:29)
	at java.base/java.util.concurrent.ThreadPoolExecutor.runWorker(ThreadPoolExecutor.java:1128)
	at java.base/java.util.concurrent.ThreadPoolExecutor$Worker.run(ThreadPoolExecutor.java:628)
	at java.base/java.lang.Thread.run(Thread.java:834)
... Removed 16 stack frames
</div> <!-- stack-trace -->
                </div> <!-- method-content -->
              </div> <!-- method -->
            </div> <!-- main-panel-content rounded-window-bottom -->
          </div> <!-- suite-Test_Suite-class-failed -->
          <div class="suite-Test_Suite-class-passed">
            <div class="main-panel-header rounded-window-top">
              <img src="passed.png"/>
              <span class="class-name">com.tests.CreateAccountTest</span>
            </div> <!-- main-panel-header rounded-window-top -->
            <div class="main-panel-content rounded-window-bottom">
              <div class="method">
                <div class="method-content">
                  <a name="createAccountExample1">
                  </a> <!-- createAccountExample1 -->
                  <span class="method-name">createAccountExample1</span>
                </div> <!-- method-content -->
              </div> <!-- method -->
              <div class="method">
                <div class="method-content">
                  <a name="createAccountExample2">
                  </a> <!-- createAccountExample2 -->
                  <span class="method-name">createAccountExample2</span>
                </div> <!-- method-content -->
              </div> <!-- method -->
            </div> <!-- main-panel-content rounded-window-bottom -->
          </div> <!-- suite-Test_Suite-class-passed -->
          <div class="suite-Test_Suite-class-passed">
            <div class="main-panel-header rounded-window-top">
              <img src="passed.png"/>
              <span class="class-name">com.tests.BasePageTest</span>
            </div> <!-- main-panel-header rounded-window-top -->
            <div class="main-panel-content rounded-window-bottom">
              <div class="method">
                <div class="method-content">
                  <a name="baseTest1">
                  </a> <!-- baseTest1 -->
                  <span class="method-name">baseTest1</span>
                </div> <!-- method-content -->
              </div> <!-- method -->
              <div class="method">
                <div class="method-content">
                  <a name="baseTest2">
                  </a> <!-- baseTest2 -->
                  <span class="method-name">baseTest2</span>
                </div> <!-- method-content -->
              </div> <!-- method -->
              <div class="method">
                <div class="method-content">
                  <a name="baseTest3">
                  </a> <!-- baseTest3 -->
                  <span class="method-name">baseTest3</span>
                </div> <!-- method-content -->
              </div> <!-- method -->
              <div class="method">
                <div class="method-content">
                  <a name="verifyHomePage">
                  </a> <!-- verifyHomePage -->
                  <span class="method-name">verifyHomePage</span>
                </div> <!-- method-content -->
              </div> <!-- method -->
            </div> <!-- main-panel-content rounded-window-bottom -->
          </div> <!-- suite-Test_Suite-class-passed -->
          <div class="suite-Test_Suite-class-passed">
            <div class="main-panel-header rounded-window-top">
              <img src="passed.png"/>
              <span class="class-name">com.tests.SignInPageTest</span>
            </div> <!-- main-panel-header rounded-window-top -->
            <div class="main-panel-content rounded-window-bottom">
              <div class="method">
                <div class="method-content">
                  <a name="SignInPageTestOne">
                  </a> <!-- SignInPageTestOne -->
                  <span class="method-name">SignInPageTestOne</span>
                </div> <!-- method-content -->
              </div> <!-- method -->
              <div class="method">
                <div class="method-content">
                  <a name="SignInPageTestThree">
                  </a> <!-- SignInPageTestThree -->
                  <span class="method-name">SignInPageTestThree</span>
                </div> <!-- method-content -->
              </div> <!-- method -->
              <div class="method">
                <div class="method-content">
                  <a name="SignInPageTestTwo">
                  </a> <!-- SignInPageTestTwo -->
                  <span class="method-name">SignInPageTestTwo</span>
                </div> <!-- method-content -->
              </div> <!-- method -->
            </div> <!-- main-panel-content rounded-window-bottom -->
          </div> <!-- suite-Test_Suite-class-passed -->
        </div> <!-- panel Test_Suite -->
        <div panel-name="test-xml-Test_Suite" class="panel">
          <div class="main-panel-header rounded-window-top">
            <span class="header-content">C:\Users\HASSEN\workspace\ExtentReports-TestNG-Listeners\testng.xml</span>
          </div> <!-- main-panel-header rounded-window-top -->
          <div class="main-panel-content rounded-window-bottom">
            <pre>
&lt;?xml version=&quot;1.0&quot; encoding=&quot;UTF-8&quot;?&gt;
&lt;!DOCTYPE suite SYSTEM &quot;https://testng.org/testng-1.0.dtd&quot;&gt;
&lt;suite thread-count=&quot;2&quot; parallel=&quot;methods&quot; name=&quot;Test Suite&quot; guice-stage=&quot;DEVELOPMENT&quot;&gt;
  &lt;parameter name=&quot;appURL&quot; value=&quot;https://google.com&quot;/&gt;
  &lt;parameter name=&quot;browserType&quot; value=&quot;chrome&quot;/&gt;
  &lt;listeners&gt;
    &lt;listener class-name=&quot;com.google.base.TestListener&quot;/&gt;
  &lt;/listeners&gt;
  &lt;test thread-count=&quot;2&quot; parallel=&quot;methods&quot; name=&quot;Facebook Login&quot;&gt;
    &lt;classes&gt;
      &lt;class name=&quot;com.tests.BasePageTest&quot;/&gt;
      &lt;class name=&quot;com.tests.SignInPageTest&quot;/&gt;
      &lt;class name=&quot;com.tests.CreateAccountTest&quot;/&gt;
    &lt;/classes&gt;
  &lt;/test&gt; &lt;!-- Facebook Login --&gt;
&lt;/suite&gt; &lt;!-- Test Suite --&gt;
            </pre>
          </div> <!-- main-panel-content rounded-window-bottom -->
        </div> <!-- panel -->
        <div panel-name="testlist-Test_Suite" class="panel">
          <div class="main-panel-header rounded-window-top">
            <span class="header-content">Tests for Test Suite</span>
          </div> <!-- main-panel-header rounded-window-top -->
          <div class="main-panel-content rounded-window-bottom">
            <ul>
              <li>
                <span class="test-name">Facebook Login (3 classes)</span>
              </li>
            </ul>
          </div> <!-- main-panel-content rounded-window-bottom -->
        </div> <!-- panel -->
        <div panel-name="group-Test_Suite" class="panel">
          <div class="main-panel-header rounded-window-top">
            <span class="header-content">Groups for Test Suite</span>
          </div> <!-- main-panel-header rounded-window-top -->
          <div class="main-panel-content rounded-window-bottom">
          </div> <!-- main-panel-content rounded-window-bottom -->
        </div> <!-- panel -->
        <div panel-name="times-Test_Suite" class="panel">
          <div class="main-panel-header rounded-window-top">
            <span class="header-content">Times for Test Suite</span>
          </div> <!-- main-panel-header rounded-window-top -->
          <div class="main-panel-content rounded-window-bottom">
            <div class="times-div">
              <script type="text/javascript">
suiteTableInitFunctions.push('tableData_Test_Suite');
function tableData_Test_Suite() {
var data = new google.visualization.DataTable();
data.addColumn('number', 'Number');
data.addColumn('string', 'Method');
data.addColumn('string', 'Class');
data.addColumn('number', 'Time (ms)');
data.addRows(11);
data.setCell(0, 0, 0)
data.setCell(0, 1, 'verifySignInFunction')
data.setCell(0, 2, 'com.tests.SignInPageTest')
data.setCell(0, 3, 5832);
data.setCell(1, 0, 1)
data.setCell(1, 1, 'verifyCreateAnAccountPage')
data.setCell(1, 2, 'com.tests.CreateAccountTest')
data.setCell(1, 3, 4975);
data.setCell(2, 0, 2)
data.setCell(2, 1, 'baseTest2')
data.setCell(2, 2, 'com.tests.BasePageTest')
data.setCell(2, 3, 3187);
data.setCell(3, 0, 3)
data.setCell(3, 1, 'baseTest1')
data.setCell(3, 2, 'com.tests.BasePageTest')
data.setCell(3, 3, 186);
data.setCell(4, 0, 4)
data.setCell(4, 1, 'verifyHomePage')
data.setCell(4, 2, 'com.tests.BasePageTest')
data.setCell(4, 3, 14);
data.setCell(5, 0, 5)
data.setCell(5, 1, 'SignInPageTestTwo')
data.setCell(5, 2, 'com.tests.SignInPageTest')
data.setCell(5, 3, 6);
data.setCell(6, 0, 6)
data.setCell(6, 1, 'SignInPageTestThree')
data.setCell(6, 2, 'com.tests.SignInPageTest')
data.setCell(6, 3, 5);
data.setCell(7, 0, 7)
data.setCell(7, 1, 'baseTest3')
data.setCell(7, 2, 'com.tests.BasePageTest')
data.setCell(7, 3, 4);
data.setCell(8, 0, 8)
data.setCell(8, 1, 'SignInPageTestOne')
data.setCell(8, 2, 'com.tests.SignInPageTest')
data.setCell(8, 3, 3);
data.setCell(9, 0, 9)
data.setCell(9, 1, 'createAccountExample1')
data.setCell(9, 2, 'com.tests.CreateAccountTest')
data.setCell(9, 3, 2);
data.setCell(10, 0, 10)
data.setCell(10, 1, 'createAccountExample2')
data.setCell(10, 2, 'com.tests.CreateAccountTest')
data.setCell(10, 3, 2);
window.suiteTableData['Test_Suite']= { tableData: data, tableDiv: 'times-div-Test_Suite'}
return data;
}
              </script>
              <span class="suite-total-time">Total running time: 14 seconds</span>
              <div id="times-div-Test_Suite">
              </div> <!-- times-div-Test_Suite -->
            </div> <!-- times-div -->
          </div> <!-- main-panel-content rounded-window-bottom -->
        </div> <!-- panel -->
        <div panel-name="reporter-Test_Suite" class="panel">
          <div class="main-panel-header rounded-window-top">
            <span class="header-content">Reporter output for Test Suite</span>
          </div> <!-- main-panel-header rounded-window-top -->
          <div class="main-panel-content rounded-window-bottom">
          </div> <!-- main-panel-content rounded-window-bottom -->
        </div> <!-- panel -->
        <div panel-name="ignored-methods-Test_Suite" class="panel">
          <div class="main-panel-header rounded-window-top">
            <span class="header-content">0 ignored methods</span>
          </div> <!-- main-panel-header rounded-window-top -->
          <div class="main-panel-content rounded-window-bottom">
          </div> <!-- main-panel-content rounded-window-bottom -->
        </div> <!-- panel -->
        <div panel-name="chronological-Test_Suite" class="panel">
          <div class="main-panel-header rounded-window-top">
            <span class="header-content">Methods in chronological order</span>
          </div> <!-- main-panel-header rounded-window-top -->
          <div class="main-panel-content rounded-window-bottom">
            <div class="chronological-class">
              <div class="chronological-class-name">com.tests.BasePageTest</div> <!-- chronological-class-name -->
              <div class="configuration-class before">
                <span class="method-name">initializeTestBaseSetup(chrome, https://google.com)</span>
                <span class="method-start">0 ms</span>
              </div> <!-- configuration-class before -->
              <div class="configuration-class before">
                <span class="method-name">setUp</span>
                <span class="method-start">5161 ms</span>
              </div> <!-- configuration-class before -->
              <div class="test-method">
                <span class="method-name">baseTest1</span>
                <span class="method-start">5179 ms</span>
              </div> <!-- test-method -->
              <div class="test-method">
                <span class="method-name">baseTest2</span>
                <span class="method-start">5179 ms</span>
              </div> <!-- test-method -->
              <div class="test-method">
                <span class="method-name">baseTest3</span>
                <span class="method-start">5373 ms</span>
              </div> <!-- test-method -->
              <div class="test-method">
                <span class="method-name">verifyHomePage</span>
                <span class="method-start">5380 ms</span>
              </div> <!-- test-method -->
            </div> <!-- chronological-class -->
            <div class="chronological-class">
              <div class="chronological-class-name">com.tests.SignInPageTest</div> <!-- chronological-class-name -->
              <div class="configuration-class before">
                <span class="method-name">initializeTestBaseSetup(chrome, https://google.com)</span>
                <span class="method-start">5397 ms</span>
              </div> <!-- configuration-class before -->
            </div> <!-- chronological-class -->
            <div class="chronological-class">
              <div class="chronological-class-name">com.tests.BasePageTest</div> <!-- chronological-class-name -->
              <div class="configuration-class after">
                <span class="method-name">tearDown</span>
                <span class="method-start">8369 ms</span>
              </div> <!-- configuration-class after -->
            </div> <!-- chronological-class -->
            <div class="chronological-class">
              <div class="chronological-class-name">com.tests.SignInPageTest</div> <!-- chronological-class-name -->
              <div class="configuration-class before">
                <span class="method-name">setUp</span>
                <span class="method-start">10575 ms</span>
              </div> <!-- configuration-class before -->
              <div class="test-method">
                <span class="method-name">SignInPageTestOne</span>
                <span class="method-start">10576 ms</span>
              </div> <!-- test-method -->
              <div class="test-method">
                <span class="method-name">SignInPageTestThree</span>
                <span class="method-start">10576 ms</span>
              </div> <!-- test-method -->
              <div class="test-method">
                <span class="method-name">SignInPageTestTwo</span>
                <span class="method-start">10585 ms</span>
              </div> <!-- test-method -->
              <div class="test-method">
                <img src="failed.png">
                </img>
                <span class="method-name">verifySignInFunction</span>
                <span class="method-start">10591 ms</span>
              </div> <!-- test-method -->
            </div> <!-- chronological-class -->
            <div class="chronological-class">
              <div class="chronological-class-name">com.tests.CreateAccountTest</div> <!-- chronological-class-name -->
              <div class="configuration-class before">
                <span class="method-name">initializeTestBaseSetup(chrome, https://google.com)</span>
                <span class="method-start">10597 ms</span>
              </div> <!-- configuration-class before -->
              <div class="configuration-class before">
                <span class="method-name">setUp</span>
                <span class="method-start">16602 ms</span>
              </div> <!-- configuration-class before -->
              <div class="test-method">
                <span class="method-name">createAccountExample1</span>
                <span class="method-start">16602 ms</span>
              </div> <!-- test-method -->
              <div class="test-method">
                <span class="method-name">createAccountExample2</span>
                <span class="method-start">16607 ms</span>
              </div> <!-- test-method -->
              <div class="test-method">
                <img src="failed.png">
                </img>
                <span class="method-name">verifyCreateAnAccountPage</span>
                <span class="method-start">16613 ms</span>
              </div> <!-- test-method -->
            </div> <!-- chronological-class -->
            <div class="chronological-class">
              <div class="chronological-class-name">com.tests.SignInPageTest</div> <!-- chronological-class-name -->
              <div class="configuration-class after">
                <span class="method-name">tearDown</span>
                <span class="method-start">16893 ms</span>
              </div> <!-- configuration-class after -->
            </div> <!-- chronological-class -->
            <div class="chronological-class">
              <div class="chronological-class-name">com.tests.CreateAccountTest</div> <!-- chronological-class-name -->
              <div class="configuration-class after">
                <span class="method-name">tearDown</span>
                <span class="method-start">22096 ms</span>
              </div> <!-- configuration-class after -->
          </div> <!-- main-panel-content rounded-window-bottom -->
        </div> <!-- panel -->
      </div> <!-- main-panel-root -->
    </div> <!-- wrapper -->
  </body>
</html>
