<?xml version="1.0" encoding="UTF-8"?>
<!-- Generated by org.testng.reporters.JUnitXMLReporter -->
<testsuite hostname="mahajan" ignored="3" name="Default test(failed)" tests="4" failures="1" timestamp="24 Jan 2022 08:49:47 GMT" time="56.152" errors="0">
  <testcase name="@AfterMethod logout" time="30.074" classname="com.LW.generics.LWBaseClass">
    <failure type="org.openqa.selenium.NoSuchElementException" message="no such element: Unable to locate element: {&amp;quot;method&amp;quot;:&amp;quot;link text&amp;quot;,&amp;quot;selector&amp;quot;:&amp;quot;Sign Out&amp;quot;}
  (Session info: chrome=97.0.4692.71)
For documentation on this error, please visit: https://www.seleniumhq.org/exceptions/no_such_element.html
Build info: version: &amp;apos;3.141.59&amp;apos;, revision: &amp;apos;e82be7d358&amp;apos;, time: &amp;apos;2018-11-14T08:17:03&amp;apos;
System info: host: &amp;apos;mahajan&amp;apos;, ip: &amp;apos;192.168.1.111&amp;apos;, os.name: &amp;apos;Linux&amp;apos;, os.arch: &amp;apos;amd64&amp;apos;, os.version: &amp;apos;5.13.0-25-generic&amp;apos;, java.version: &amp;apos;1.8.0_312&amp;apos;
Driver info: org.openqa.selenium.chrome.ChromeDriver
Capabilities {acceptInsecureCerts: false, browserName: chrome, browserVersion: 97.0.4692.71, chrome: {chromedriverVersion: 97.0.4692.71 (adefa7837d02a..., userDataDir: /tmp/.com.google.Chrome.C4XUB9}, goog:chromeOptions: {debuggerAddress: localhost:46501}, javascriptEnabled: true, networkConnectionEnabled: false, pageLoadStrategy: normal, platform: LINUX, platformName: LINUX, proxy: Proxy(), setWindowRect: true, strictFileInteractability: false, timeouts: {implicit: 0, pageLoad: 300000, script: 30000}, unhandledPromptBehavior: dismiss and notify, webauthn:extension:credBlob: true, webauthn:extension:largeBlob: true, webauthn:virtualAuthenticators: true}
Session ID: d5834493c74390ea9b5bef11f7647b6a
*** Element info: {Using=link text, value=Sign Out}">
      <![CDATA[org.openqa.selenium.NoSuchElementException: no such element: Unable to locate element: {"method":"link text","selector":"Sign Out"}
  (Session info: chrome=97.0.4692.71)
For documentation on this error, please visit: https://www.seleniumhq.org/exceptions/no_such_element.html
Build info: version: '3.141.59', revision: 'e82be7d358', time: '2018-11-14T08:17:03'
System info: host: 'mahajan', ip: '192.168.1.111', os.name: 'Linux', os.arch: 'amd64', os.version: '5.13.0-25-generic', java.version: '1.8.0_312'
Driver info: org.openqa.selenium.chrome.ChromeDriver
Capabilities {acceptInsecureCerts: false, browserName: chrome, browserVersion: 97.0.4692.71, chrome: {chromedriverVersion: 97.0.4692.71 (adefa7837d02a..., userDataDir: /tmp/.com.google.Chrome.C4XUB9}, goog:chromeOptions: {debuggerAddress: localhost:46501}, javascriptEnabled: true, networkConnectionEnabled: false, pageLoadStrategy: normal, platform: LINUX, platformName: LINUX, proxy: Proxy(), setWindowRect: true, strictFileInteractability: false, timeouts: {implicit: 0, pageLoad: 300000, script: 30000}, unhandledPromptBehavior: dismiss and notify, webauthn:extension:credBlob: true, webauthn:extension:largeBlob: true, webauthn:virtualAuthenticators: true}
Session ID: d5834493c74390ea9b5bef11f7647b6a
*** Element info: {Using=link text, value=Sign Out}
at org.openqa.selenium.remote.http.W3CHttpResponseCodec.createException(W3CHttpResponseCodec.java:187)
at org.openqa.selenium.remote.http.W3CHttpResponseCodec.decode(W3CHttpResponseCodec.java:122)
at org.openqa.selenium.remote.http.W3CHttpResponseCodec.decode(W3CHttpResponseCodec.java:49)
at org.openqa.selenium.remote.HttpCommandExecutor.execute(HttpCommandExecutor.java:158)
at org.openqa.selenium.remote.service.DriverCommandExecutor.execute(DriverCommandExecutor.java:83)
at org.openqa.selenium.remote.RemoteWebDriver.execute(RemoteWebDriver.java:552)
at org.openqa.selenium.remote.RemoteWebDriver.findElement(RemoteWebDriver.java:323)
at org.openqa.selenium.remote.RemoteWebDriver.findElementByLinkText(RemoteWebDriver.java:380)
at org.openqa.selenium.By$ByLinkText.findElement(By.java:220)
at org.openqa.selenium.remote.RemoteWebDriver.findElement(RemoteWebDriver.java:315)
at org.openqa.selenium.support.pagefactory.DefaultElementLocator.findElement(DefaultElementLocator.java:69)
at org.openqa.selenium.support.pagefactory.internal.LocatingElementHandler.invoke(LocatingElementHandler.java:38)
at com.sun.proxy.$Proxy11.click(Unknown Source)
at com.LW.Pom.Logout.Setlogout(Logout.java:23)
at com.LW.generics.LWBaseClass.logout(LWBaseClass.java:194)
... Removed 32 stack frames]]>
    </failure>
  </testcase> <!-- @AfterMethod logout -->
  <testcase name="@BeforeMethod login" time="0.0" classname="com.LW.generics.LWBaseClass">
    <skipped/>
  </testcase> <!-- @BeforeMethod login -->
  <testcase name="@AfterMethod LWUtility" time="0.0" classname="com.LW.generics.LWBaseClass">
    <skipped/>
  </testcase> <!-- @AfterMethod LWUtility -->
  <testcase name="@AfterMethod logout" time="0.0" classname="com.LW.generics.LWBaseClass">
    <skipped/>
  </testcase> <!-- @AfterMethod logout -->
  <testcase name="@BeforeMethod login" time="0.0" classname="com.LW.generics.LWBaseClass">
    <skipped/>
  </testcase> <!-- @BeforeMethod login -->
  <testcase name="@AfterMethod LWUtility" time="0.0" classname="com.LW.generics.LWBaseClass">
    <skipped/>
  </testcase> <!-- @AfterMethod LWUtility -->
  <testcase name="@AfterMethod logout" time="0.0" classname="com.LW.generics.LWBaseClass">
    <skipped/>
  </testcase> <!-- @AfterMethod logout -->
  <testcase name="@BeforeMethod login" time="0.0" classname="com.LW.generics.LWBaseClass">
    <skipped/>
  </testcase> <!-- @BeforeMethod login -->
  <testcase name="@AfterMethod LWUtility" time="0.0" classname="com.LW.generics.LWBaseClass">
    <skipped/>
  </testcase> <!-- @AfterMethod LWUtility -->
  <testcase name="@AfterMethod logout" time="0.0" classname="com.LW.generics.LWBaseClass">
    <skipped/>
  </testcase> <!-- @AfterMethod logout -->
  <testcase name="Cheklist7_IndividualUser_TillPreviewPage" time="4.994" classname="com.LW.test.lwFullCheckList">
    <failure type="org.openqa.selenium.ElementClickInterceptedException" message="element click intercepted: Element &amp;lt;input type=&amp;quot;submit&amp;quot; form=&amp;quot;fb-render-1&amp;quot; name=&amp;quot;next&amp;quot; ref=&amp;quot;1&amp;quot; id=&amp;quot;page-next-1&amp;quot; class=&amp;quot;next action-button save_value&amp;quot; value=&amp;quot;Next&amp;quot;&amp;gt; is not clickable at point (1466, 682). Other element would receive the click: &amp;lt;fieldset&amp;gt;...&amp;lt;/fieldset&amp;gt;
  (Session info: chrome=97.0.4692.71)
Build info: version: &amp;apos;3.141.59&amp;apos;, revision: &amp;apos;e82be7d358&amp;apos;, time: &amp;apos;2018-11-14T08:17:03&amp;apos;
System info: host: &amp;apos;mahajan&amp;apos;, ip: &amp;apos;192.168.1.111&amp;apos;, os.name: &amp;apos;Linux&amp;apos;, os.arch: &amp;apos;amd64&amp;apos;, os.version: &amp;apos;5.13.0-25-generic&amp;apos;, java.version: &amp;apos;1.8.0_312&amp;apos;
Driver info: org.openqa.selenium.chrome.ChromeDriver
Capabilities {acceptInsecureCerts: false, browserName: chrome, browserVersion: 97.0.4692.71, chrome: {chromedriverVersion: 97.0.4692.71 (adefa7837d02a..., userDataDir: /tmp/.com.google.Chrome.C4XUB9}, goog:chromeOptions: {debuggerAddress: localhost:46501}, javascriptEnabled: true, networkConnectionEnabled: false, pageLoadStrategy: normal, platform: LINUX, platformName: LINUX, proxy: Proxy(), setWindowRect: true, strictFileInteractability: false, timeouts: {implicit: 0, pageLoad: 300000, script: 30000}, unhandledPromptBehavior: dismiss and notify, webauthn:extension:credBlob: true, webauthn:extension:largeBlob: true, webauthn:virtualAuthenticators: true}
Session ID: d5834493c74390ea9b5bef11f7647b6a">
      <![CDATA[org.openqa.selenium.ElementClickInterceptedException: element click intercepted: Element <input type="submit" form="fb-render-1" name="next" ref="1" id="page-next-1" class="next action-button save_value" value="Next"> is not clickable at point (1466, 682). Other element would receive the click: <fieldset>...</fieldset>
  (Session info: chrome=97.0.4692.71)
Build info: version: '3.141.59', revision: 'e82be7d358', time: '2018-11-14T08:17:03'
System info: host: 'mahajan', ip: '192.168.1.111', os.name: 'Linux', os.arch: 'amd64', os.version: '5.13.0-25-generic', java.version: '1.8.0_312'
Driver info: org.openqa.selenium.chrome.ChromeDriver
Capabilities {acceptInsecureCerts: false, browserName: chrome, browserVersion: 97.0.4692.71, chrome: {chromedriverVersion: 97.0.4692.71 (adefa7837d02a..., userDataDir: /tmp/.com.google.Chrome.C4XUB9}, goog:chromeOptions: {debuggerAddress: localhost:46501}, javascriptEnabled: true, networkConnectionEnabled: false, pageLoadStrategy: normal, platform: LINUX, platformName: LINUX, proxy: Proxy(), setWindowRect: true, strictFileInteractability: false, timeouts: {implicit: 0, pageLoad: 300000, script: 30000}, unhandledPromptBehavior: dismiss and notify, webauthn:extension:credBlob: true, webauthn:extension:largeBlob: true, webauthn:virtualAuthenticators: true}
Session ID: d5834493c74390ea9b5bef11f7647b6a
at org.openqa.selenium.remote.http.W3CHttpResponseCodec.createException(W3CHttpResponseCodec.java:187)
at org.openqa.selenium.remote.http.W3CHttpResponseCodec.decode(W3CHttpResponseCodec.java:122)
at org.openqa.selenium.remote.http.W3CHttpResponseCodec.decode(W3CHttpResponseCodec.java:49)
at org.openqa.selenium.remote.HttpCommandExecutor.execute(HttpCommandExecutor.java:158)
at org.openqa.selenium.remote.service.DriverCommandExecutor.execute(DriverCommandExecutor.java:83)
at org.openqa.selenium.remote.RemoteWebDriver.execute(RemoteWebDriver.java:552)
at org.openqa.selenium.remote.RemoteWebElement.execute(RemoteWebElement.java:285)
at org.openqa.selenium.remote.RemoteWebElement.click(RemoteWebElement.java:84)
at org.openqa.selenium.support.pagefactory.internal.LocatingElementHandler.invoke(LocatingElementHandler.java:51)
at com.sun.proxy.$Proxy11.click(Unknown Source)
at com.LW.Pom.Document.Doc(Document.java:38)
at com.LW.test.lwFullCheckList.Cheklist7_IndividualUser_TillPreviewPage(lwFullCheckList.java:325)
... Removed 33 stack frames]]>
    </failure>
  </testcase> <!-- Cheklist7_IndividualUser_TillPreviewPage -->
  <testcase name="Cheklist8_InternalUser_TillPreviewPage" time="0.0" classname="com.LW.test.lwFullCheckList">
    <skipped/>
  </testcase> <!-- Cheklist8_InternalUser_TillPreviewPage -->
  <testcase name="TestMyAccount" time="0.0" classname="com.LW.test.lwFullCheckList">
    <skipped/>
  </testcase> <!-- TestMyAccount -->
  <testcase name="Checklist5_BackEndBasicFunctionality" time="0.0" classname="com.LW.test.lwFullCheckList">
    <skipped/>
  </testcase> <!-- Checklist5_BackEndBasicFunctionality -->
  <testcase name="Checklist3and4_backend_EQuestionnaireForNewAndOldDocument" time="0.0" classname="com.LW.test.lwFullCheckList">
    <ignored/>
  </testcase> <!-- Checklist3and4_backend_EQuestionnaireForNewAndOldDocument -->
  <testcase name="Checklist1_InternalLogin" time="0.0" classname="com.LW.test.lwFullCheckList">
    <ignored/>
  </testcase> <!-- Checklist1_InternalLogin -->
  <testcase name="Checklist2_backend" time="0.0" classname="com.LW.test.lwFullCheckList">
    <ignored/>
  </testcase> <!-- Checklist2_backend -->
</testsuite> <!-- Default test(failed) -->
