<?xml version="1.0" encoding="UTF-8"?>
<!-- Generated by org.testng.reporters.JUnitXMLReporter -->
<testsuite ignored="0" hostname="Dee-PC" failures="1" tests="1" name="JSErrorTests" time="9.615" errors="0" timestamp="13 Oct 2018 15:00:38 GMT">
  <testcase classname="com.herokuapp.theinternet.jserrortests.JSErrorTests" name="jsErrorTest" time="0.523">
    <failure type="java.lang.AssertionError" message="The following asserts failed:
	Severe error: http://the-internet.herokuapp.com/javascript_error 6:51 Uncaught TypeError: Cannot read property &amp;apos;xyz&amp;apos; of undefined">
      <![CDATA[java.lang.AssertionError: The following asserts failed:
Severe error: http://the-internet.herokuapp.com/javascript_error 6:51 Uncaught TypeError: Cannot read property 'xyz' of undefined
at com.herokuapp.theinternet.jserrortests.JSErrorTests.jsErrorTest(JSErrorTests.java:32)
... Removed 26 stack frames]]>
    </failure>
  </testcase> <!-- jsErrorTest -->
</testsuite> <!-- JSErrorTests -->
