<?xml version="1.0" encoding="UTF-8"?>
<!-- Generated by org.testng.reporters.JUnitXMLReporter -->
<testsuite ignored="0" hostname="LAPTOP-HSPQSV91" failures="1" tests="3" name="Sample Execution" time="0.09" errors="0" timestamp="30 Aug 2018 11:55:51 GMT">
  <testcase classname="Files.TestNG.TestAnnotations" name="verifyTest_3" time="0.009"/>
  <testcase classname="Files.TestNG.TestAnnotations" name="verifyTest_1" time="0.007">
    <failure type="java.lang.AssertionError" message="expected [B] but found [A]">
      <![CDATA[java.lang.AssertionError: expected [B] but found [A]
at Files.TestNG.TestAnnotations.verifyTest_1(TestAnnotations.java:35)
... Removed 31 stack frames]]>
    </failure>
  </testcase> <!-- verifyTest_1 -->
  <testcase classname="Files.TestNG.TestAnnotations" name="verifyTest_2" time="0.005"/>
</testsuite> <!-- Sample Execution -->
