<?xml version="1.0" encoding="UTF-8"?>
<testng-results skipped="0" failed="12" total="33" passed="21">
  <reporter-output>
  </reporter-output>
  <suite name="Webdriver" duration-ms="809119" started-at="2015-08-02T03:03:34Z" finished-at="2015-08-02T03:17:03Z">
    <groups>
    </groups>
    <test name="Bugzila Suite" duration-ms="510396" started-at="2015-08-02T03:03:34Z" finished-at="2015-08-02T03:12:05Z">
      <class name="testcase.TestNavigation">
        <test-method status="FAIL" signature="testNavigate()[pri:0, instance:testcase.TestNavigation@170f15e]" name="testNavigate" duration-ms="37197" started-at="2015-08-02T11:08:10Z" finished-at="2015-08-02T11:08:47Z">
          <exception class="org.openqa.selenium.TimeoutException">
            <message>
              <![CDATA[Timed out waiting for page load.
Command duration or timeout: 30.11 seconds
Build info: version: '2.45.0', revision: '5017cb8', time: '2015-02-26 23:59:50'
System info: host: 'Rahul-PC', ip: '192.168.178.1', os.name: 'Windows 8', os.arch: 'x86', os.version: '6.2', java.version: '1.7.0_17'
Session ID: df024345-fa36-4682-a159-898c2ad930ec
Driver info: org.openqa.selenium.firefox.FirefoxDriver
Capabilities [{platform=WINDOWS, acceptSslCerts=true, javascriptEnabled=true, cssSelectorsEnabled=true, databaseEnabled=true, browserName=firefox, handlesAlerts=true, nativeEvents=false, webStorageEnabled=true, rotatable=false, locationContextEnabled=true, applicationCacheEnabled=true, takesScreenshot=true, version=39.0}]]]>
            </message>
            <full-stacktrace>
              <![CDATA[org.openqa.selenium.TimeoutException: Timed out waiting for page load.
Command duration or timeout: 30.11 seconds
Build info: version: '2.45.0', revision: '5017cb8', time: '2015-02-26 23:59:50'
System info: host: 'Rahul-PC', ip: '192.168.178.1', os.name: 'Windows 8', os.arch: 'x86', os.version: '6.2', java.version: '1.7.0_17'
Session ID: df024345-fa36-4682-a159-898c2ad930ec
Driver info: org.openqa.selenium.firefox.FirefoxDriver
Capabilities [{platform=WINDOWS, acceptSslCerts=true, javascriptEnabled=true, cssSelectorsEnabled=true, databaseEnabled=true, browserName=firefox, handlesAlerts=true, nativeEvents=false, webStorageEnabled=true, rotatable=false, locationContextEnabled=true, applicationCacheEnabled=true, takesScreenshot=true, version=39.0}]
	at sun.reflect.NativeConstructorAccessorImpl.newInstance0(Native Method)
	at sun.reflect.NativeConstructorAccessorImpl.newInstance(NativeConstructorAccessorImpl.java:57)
	at sun.reflect.DelegatingConstructorAccessorImpl.newInstance(DelegatingConstructorAccessorImpl.java:45)
	at java.lang.reflect.Constructor.newInstance(Constructor.java:525)
	at org.openqa.selenium.remote.ErrorHandler.createThrowable(ErrorHandler.java:204)
	at org.openqa.selenium.remote.ErrorHandler.throwIfResponseFailed(ErrorHandler.java:156)
	at org.openqa.selenium.remote.RemoteWebDriver.execute(RemoteWebDriver.java:599)
	at org.openqa.selenium.remote.RemoteWebDriver.get(RemoteWebDriver.java:304)
	at org.openqa.selenium.remote.RemoteWebDriver$RemoteNavigation.to(RemoteWebDriver.java:854)
	at helper.WindowHelper.navigateToPage(WindowHelper.java:67)
	at testcase.TestNavigation.testNavigate(TestNavigation.java:26)
	at sun.reflect.NativeMethodAccessorImpl.invoke0(Native Method)
	at sun.reflect.NativeMethodAccessorImpl.invoke(NativeMethodAccessorImpl.java:57)
	at sun.reflect.DelegatingMethodAccessorImpl.invoke(DelegatingMethodAccessorImpl.java:43)
	at java.lang.reflect.Method.invoke(Method.java:601)
	at org.testng.internal.MethodInvocationHelper.invokeMethod(MethodInvocationHelper.java:84)
	at org.testng.internal.Invoker.invokeMethod(Invoker.java:714)
	at org.testng.internal.Invoker.invokeTestMethod(Invoker.java:901)
	at org.testng.internal.Invoker.invokeTestMethods(Invoker.java:1231)
	at org.testng.internal.TestMethodWorker.invokeTestMethods(TestMethodWorker.java:127)
	at org.testng.internal.TestMethodWorker.run(TestMethodWorker.java:111)
	at org.testng.TestRunner.privateRun(TestRunner.java:767)
	at org.testng.TestRunner.run(TestRunner.java:617)
	at org.testng.SuiteRunner.runTest(SuiteRunner.java:334)
	at org.testng.SuiteRunner.runSequentially(SuiteRunner.java:329)
	at org.testng.SuiteRunner.privateRun(SuiteRunner.java:291)
	at org.testng.SuiteRunner.run(SuiteRunner.java:240)
	at org.testng.SuiteRunnerWorker.runSuite(SuiteRunnerWorker.java:52)
	at org.testng.SuiteRunnerWorker.run(SuiteRunnerWorker.java:86)
	at org.testng.TestNG.runSuitesSequentially(TestNG.java:1224)
	at org.testng.TestNG.runSuitesLocally(TestNG.java:1149)
	at org.testng.TestNG.run(TestNG.java:1057)
	at org.testng.remote.RemoteTestNG.run(RemoteTestNG.java:111)
	at org.testng.remote.RemoteTestNG.initAndRun(RemoteTestNG.java:204)
	at org.testng.remote.RemoteTestNG.main(RemoteTestNG.java:175)
Caused by: org.openqa.selenium.TimeoutException: Timed out waiting for page load.
Build info: version: '2.45.0', revision: '5017cb8', time: '2015-02-26 23:59:50'
System info: host: 'Rahul-PC', ip: '192.168.178.1', os.name: 'Windows 8', os.arch: 'x86', os.version: '6.2', java.version: '1.7.0_17'
Driver info: driver.version: unknown
	at <anonymous class>.Utils.initWebLoadingListener/<(file:///C:/Users/RAHUL~1.RAT/AppData/Local/Temp/anonymous1508010067940098328webdriver-profile/extensions/fxdriver@googlecode.com/components/driver-component.js:8598)
	at <anonymous class>.WebLoadingListener/e(file:///C:/Users/RAHUL~1.RAT/AppData/Local/Temp/anonymous1508010067940098328webdriver-profile/extensions/fxdriver@googlecode.com/components/driver-component.js:4712)
	at <anonymous class>.WebLoadingListener/<(file:///C:/Users/RAHUL~1.RAT/AppData/Local/Temp/anonymous1508010067940098328webdriver-profile/extensions/fxdriver@googlecode.com/components/driver-component.js:4720)
	at <anonymous class>.fxdriver.Timer.prototype.setTimeout/<.notify(file:///C:/Users/RAHUL~1.RAT/AppData/Local/Temp/anonymous1508010067940098328webdriver-profile/extensions/fxdriver@googlecode.com/components/driver-component.js:603)
]]>
            </full-stacktrace>
          </exception> <!-- org.openqa.selenium.TimeoutException -->
          <reporter-output>
          </reporter-output>
        </test-method> <!-- testNavigate -->
      </class> <!-- testcase.TestNavigation -->
      <class name="testcase.TestRadioButton">
        <test-method status="PASS" signature="testRadioButton()[pri:0, instance:testcase.TestRadioButton@af1b50]" name="testRadioButton" duration-ms="31129" started-at="2015-08-02T11:09:44Z" finished-at="2015-08-02T11:10:15Z">
          <reporter-output>
          </reporter-output>
        </test-method> <!-- testRadioButton -->
      </class> <!-- testcase.TestRadioButton -->
      <class name="testcase.TestSelect">
        <test-method status="FAIL" signature="testDropDown()[pri:0, instance:testcase.TestSelect@1b9a77c]" name="testDropDown" duration-ms="13590" started-at="2015-08-02T11:10:15Z" finished-at="2015-08-02T11:10:28Z">
          <exception class="java.lang.AssertionError">
            <message>
              <![CDATA[java.io.FileNotFoundException]]>
            </message>
            <full-stacktrace>
              <![CDATA[java.lang.AssertionError: java.io.FileNotFoundException
	at org.testng.Assert.fail(Assert.java:94)
	at testcase.TestSelect.testDropDown(TestSelect.java:52)
	at sun.reflect.NativeMethodAccessorImpl.invoke0(Native Method)
	at sun.reflect.NativeMethodAccessorImpl.invoke(NativeMethodAccessorImpl.java:57)
	at sun.reflect.DelegatingMethodAccessorImpl.invoke(DelegatingMethodAccessorImpl.java:43)
	at java.lang.reflect.Method.invoke(Method.java:601)
	at org.testng.internal.MethodInvocationHelper.invokeMethod(MethodInvocationHelper.java:84)
	at org.testng.internal.Invoker.invokeMethod(Invoker.java:714)
	at org.testng.internal.Invoker.invokeTestMethod(Invoker.java:901)
	at org.testng.internal.Invoker.invokeTestMethods(Invoker.java:1231)
	at org.testng.internal.TestMethodWorker.invokeTestMethods(TestMethodWorker.java:127)
	at org.testng.internal.TestMethodWorker.run(TestMethodWorker.java:111)
	at org.testng.TestRunner.privateRun(TestRunner.java:767)
	at org.testng.TestRunner.run(TestRunner.java:617)
	at org.testng.SuiteRunner.runTest(SuiteRunner.java:334)
	at org.testng.SuiteRunner.runSequentially(SuiteRunner.java:329)
	at org.testng.SuiteRunner.privateRun(SuiteRunner.java:291)
	at org.testng.SuiteRunner.run(SuiteRunner.java:240)
	at org.testng.SuiteRunnerWorker.runSuite(SuiteRunnerWorker.java:52)
	at org.testng.SuiteRunnerWorker.run(SuiteRunnerWorker.java:86)
	at org.testng.TestNG.runSuitesSequentially(TestNG.java:1224)
	at org.testng.TestNG.runSuitesLocally(TestNG.java:1149)
	at org.testng.TestNG.run(TestNG.java:1057)
	at org.testng.remote.RemoteTestNG.run(RemoteTestNG.java:111)
	at org.testng.remote.RemoteTestNG.initAndRun(RemoteTestNG.java:204)
	at org.testng.remote.RemoteTestNG.main(RemoteTestNG.java:175)
]]>
            </full-stacktrace>
          </exception> <!-- java.lang.AssertionError -->
          <reporter-output>
          </reporter-output>
        </test-method> <!-- testDropDown -->
      </class> <!-- testcase.TestSelect -->
      <class name="testcase.TestNg">
        <test-method status="PASS" signature="startWebdriver()[pri:0, instance:testcase.TestNg@1b8338e]" name="startWebdriver" is-config="true" duration-ms="5516" started-at="2015-08-02T11:11:07Z" finished-at="2015-08-02T11:11:12Z">
          <reporter-output>
          </reporter-output>
        </test-method> <!-- startWebdriver -->
        <test-method status="FAIL" signature="testCase()[pri:0, instance:testcase.TestNg@1b8338e]" name="testCase" duration-ms="11046" started-at="2015-08-02T11:11:12Z" finished-at="2015-08-02T11:11:23Z">
          <exception class="java.lang.AssertionError">
            <message>
              <![CDATA[expected [Google1] but found [null]]]>
            </message>
            <full-stacktrace>
              <![CDATA[java.lang.AssertionError: expected [Google1] but found [null]
	at org.testng.Assert.fail(Assert.java:94)
	at org.testng.Assert.failNotEquals(Assert.java:494)
	at org.testng.Assert.assertEquals(Assert.java:123)
	at org.testng.Assert.assertEquals(Assert.java:176)
	at org.testng.Assert.assertEquals(Assert.java:186)
	at testcase.TestNg.testCase(TestNg.java:51)
	at sun.reflect.NativeMethodAccessorImpl.invoke0(Native Method)
	at sun.reflect.NativeMethodAccessorImpl.invoke(NativeMethodAccessorImpl.java:57)
	at sun.reflect.DelegatingMethodAccessorImpl.invoke(DelegatingMethodAccessorImpl.java:43)
	at java.lang.reflect.Method.invoke(Method.java:601)
	at org.testng.internal.MethodInvocationHelper.invokeMethod(MethodInvocationHelper.java:84)
	at org.testng.internal.Invoker.invokeMethod(Invoker.java:714)
	at org.testng.internal.Invoker.invokeTestMethod(Invoker.java:901)
	at org.testng.internal.Invoker.invokeTestMethods(Invoker.java:1231)
	at org.testng.internal.TestMethodWorker.invokeTestMethods(TestMethodWorker.java:127)
	at org.testng.internal.TestMethodWorker.run(TestMethodWorker.java:111)
	at org.testng.TestRunner.privateRun(TestRunner.java:767)
	at org.testng.TestRunner.run(TestRunner.java:617)
	at org.testng.SuiteRunner.runTest(SuiteRunner.java:334)
	at org.testng.SuiteRunner.runSequentially(SuiteRunner.java:329)
	at org.testng.SuiteRunner.privateRun(SuiteRunner.java:291)
	at org.testng.SuiteRunner.run(SuiteRunner.java:240)
	at org.testng.SuiteRunnerWorker.runSuite(SuiteRunnerWorker.java:52)
	at org.testng.SuiteRunnerWorker.run(SuiteRunnerWorker.java:86)
	at org.testng.TestNG.runSuitesSequentially(TestNG.java:1224)
	at org.testng.TestNG.runSuitesLocally(TestNG.java:1149)
	at org.testng.TestNG.run(TestNG.java:1057)
	at org.testng.remote.RemoteTestNG.run(RemoteTestNG.java:111)
	at org.testng.remote.RemoteTestNG.initAndRun(RemoteTestNG.java:204)
	at org.testng.remote.RemoteTestNG.main(RemoteTestNG.java:175)
]]>
            </full-stacktrace>
          </exception> <!-- java.lang.AssertionError -->
          <reporter-output>
          </reporter-output>
        </test-method> <!-- testCase -->
        <test-method status="PASS" signature="stopWebdriver()[pri:0, instance:testcase.TestNg@1b8338e]" name="stopWebdriver" is-config="true" duration-ms="0" started-at="2015-08-02T11:11:36Z" finished-at="2015-08-02T11:11:36Z">
          <reporter-output>
          </reporter-output>
        </test-method> <!-- stopWebdriver -->
      </class> <!-- testcase.TestNg -->
      <class name="testcase.TestAllObject">
        <test-method status="PASS" signature="testAll()[pri:0, instance:testcase.TestAllObject@750bcb]" name="testAll" duration-ms="4997" started-at="2015-08-02T11:05:37Z" finished-at="2015-08-02T11:05:42Z">
          <reporter-output>
          </reporter-output>
        </test-method> <!-- testAll -->
      </class> <!-- testcase.TestAllObject -->
      <class name="testcase.TestMouseAction">
        <test-method status="FAIL" signature="testAction()[pri:0, instance:testcase.TestMouseAction@1ab5267]" name="testAction" duration-ms="12910" started-at="2015-08-02T11:07:46Z" finished-at="2015-08-02T11:07:59Z">
          <exception class="org.openqa.selenium.WebDriverException">
            <message>
              <![CDATA[document.getElementById(...) is null
Command duration or timeout: 67 milliseconds
Build info: version: '2.45.0', revision: '5017cb8', time: '2015-02-26 23:59:50'
System info: host: 'Rahul-PC', ip: '192.168.178.1', os.name: 'Windows 8', os.arch: 'x86', os.version: '6.2', java.version: '1.7.0_17'
Session ID: df024345-fa36-4682-a159-898c2ad930ec
Driver info: org.openqa.selenium.firefox.FirefoxDriver
Capabilities [{platform=WINDOWS, acceptSslCerts=true, javascriptEnabled=true, cssSelectorsEnabled=true, databaseEnabled=true, browserName=firefox, handlesAlerts=true, nativeEvents=false, webStorageEnabled=true, rotatable=false, locationContextEnabled=true, applicationCacheEnabled=true, takesScreenshot=true, version=39.0}]]]>
            </message>
            <full-stacktrace>
              <![CDATA[org.openqa.selenium.WebDriverException: document.getElementById(...) is null
Command duration or timeout: 67 milliseconds
Build info: version: '2.45.0', revision: '5017cb8', time: '2015-02-26 23:59:50'
System info: host: 'Rahul-PC', ip: '192.168.178.1', os.name: 'Windows 8', os.arch: 'x86', os.version: '6.2', java.version: '1.7.0_17'
Session ID: df024345-fa36-4682-a159-898c2ad930ec
Driver info: org.openqa.selenium.firefox.FirefoxDriver
Capabilities [{platform=WINDOWS, acceptSslCerts=true, javascriptEnabled=true, cssSelectorsEnabled=true, databaseEnabled=true, browserName=firefox, handlesAlerts=true, nativeEvents=false, webStorageEnabled=true, rotatable=false, locationContextEnabled=true, applicationCacheEnabled=true, takesScreenshot=true, version=39.0}]
	at sun.reflect.NativeConstructorAccessorImpl.newInstance0(Native Method)
	at sun.reflect.NativeConstructorAccessorImpl.newInstance(NativeConstructorAccessorImpl.java:57)
	at sun.reflect.DelegatingConstructorAccessorImpl.newInstance(DelegatingConstructorAccessorImpl.java:45)
	at java.lang.reflect.Constructor.newInstance(Constructor.java:525)
	at org.openqa.selenium.remote.ErrorHandler.createThrowable(ErrorHandler.java:204)
	at org.openqa.selenium.remote.ErrorHandler.throwIfResponseFailed(ErrorHandler.java:156)
	at org.openqa.selenium.remote.RemoteWebDriver.execute(RemoteWebDriver.java:599)
	at org.openqa.selenium.remote.RemoteWebDriver.executeScript(RemoteWebDriver.java:508)
	at testcase.TestMouseAction.testAction(TestMouseAction.java:52)
	at sun.reflect.NativeMethodAccessorImpl.invoke0(Native Method)
	at sun.reflect.NativeMethodAccessorImpl.invoke(NativeMethodAccessorImpl.java:57)
	at sun.reflect.DelegatingMethodAccessorImpl.invoke(DelegatingMethodAccessorImpl.java:43)
	at java.lang.reflect.Method.invoke(Method.java:601)
	at org.testng.internal.MethodInvocationHelper.invokeMethod(MethodInvocationHelper.java:84)
	at org.testng.internal.Invoker.invokeMethod(Invoker.java:714)
	at org.testng.internal.Invoker.invokeTestMethod(Invoker.java:901)
	at org.testng.internal.Invoker.invokeTestMethods(Invoker.java:1231)
	at org.testng.internal.TestMethodWorker.invokeTestMethods(TestMethodWorker.java:127)
	at org.testng.internal.TestMethodWorker.run(TestMethodWorker.java:111)
	at org.testng.TestRunner.privateRun(TestRunner.java:767)
	at org.testng.TestRunner.run(TestRunner.java:617)
	at org.testng.SuiteRunner.runTest(SuiteRunner.java:334)
	at org.testng.SuiteRunner.runSequentially(SuiteRunner.java:329)
	at org.testng.SuiteRunner.privateRun(SuiteRunner.java:291)
	at org.testng.SuiteRunner.run(SuiteRunner.java:240)
	at org.testng.SuiteRunnerWorker.runSuite(SuiteRunnerWorker.java:52)
	at org.testng.SuiteRunnerWorker.run(SuiteRunnerWorker.java:86)
	at org.testng.TestNG.runSuitesSequentially(TestNG.java:1224)
	at org.testng.TestNG.runSuitesLocally(TestNG.java:1149)
	at org.testng.TestNG.run(TestNG.java:1057)
	at org.testng.remote.RemoteTestNG.run(RemoteTestNG.java:111)
	at org.testng.remote.RemoteTestNG.initAndRun(RemoteTestNG.java:204)
	at org.testng.remote.RemoteTestNG.main(RemoteTestNG.java:175)
Caused by: org.openqa.selenium.WebDriverException: document.getElementById(...) is null
Build info: version: '2.45.0', revision: '5017cb8', time: '2015-02-26 23:59:50'
System info: host: 'Rahul-PC', ip: '192.168.178.1', os.name: 'Windows 8', os.arch: 'x86', os.version: '6.2', java.version: '1.7.0_17'
Driver info: driver.version: unknown
	at <anonymous class>.anonymous(http://localhost:5001/ line 69 > Function:1)
	at <anonymous class>.handleEvaluateEvent(http://localhost:5001/:69)
]]>
            </full-stacktrace>
          </exception> <!-- org.openqa.selenium.WebDriverException -->
          <reporter-output>
          </reporter-output>
        </test-method> <!-- testAction -->
      </class> <!-- testcase.TestMouseAction -->
      <class name="testcase.LoginTest">
        <test-method status="PASS" signature="testLogin()[pri:0, instance:testcase.LoginTest@2a2397]" name="testLogin" duration-ms="14970" started-at="2015-08-02T11:03:54Z" finished-at="2015-08-02T11:04:09Z">
          <reporter-output>
          </reporter-output>
        </test-method> <!-- testLogin -->
        <test-method status="PASS" signature="testPreferences()[pri:0, instance:testcase.LoginTest@2a2397]" name="testPreferences" duration-ms="19667" started-at="2015-08-02T11:04:09Z" finished-at="2015-08-02T11:04:28Z">
          <reporter-output>
          </reporter-output>
        </test-method> <!-- testPreferences -->
        <test-method status="PASS" signature="testAdministration()[pri:0, instance:testcase.LoginTest@2a2397]" name="testAdministration" duration-ms="19036" started-at="2015-08-02T11:04:28Z" finished-at="2015-08-02T11:04:47Z">
          <reporter-output>
          </reporter-output>
        </test-method> <!-- testAdministration -->
        <test-method status="PASS" signature="testReport()[pri:0, instance:testcase.LoginTest@2a2397]" name="testReport" duration-ms="19185" started-at="2015-08-02T11:04:47Z" finished-at="2015-08-02T11:05:07Z">
          <reporter-output>
          </reporter-output>
        </test-method> <!-- testReport -->
      </class> <!-- testcase.LoginTest -->
      <class name="testcase.TestAdminConsole">
        <test-method status="PASS" signature="testAdmin()[pri:0, instance:testcase.TestAdminConsole@1add4d8]" name="testAdmin" duration-ms="30657" started-at="2015-08-02T11:05:07Z" finished-at="2015-08-02T11:05:37Z">
          <reporter-output>
          </reporter-output>
        </test-method> <!-- testAdmin -->
      </class> <!-- testcase.TestAdminConsole -->
      <class name="testcase.listener.TestWebDriverListener">
        <test-method status="PASS" signature="setUp()[pri:0, instance:testcase.listener.TestWebDriverListener@1a472e9]" name="setUp" is-config="true" duration-ms="19254" started-at="2015-08-02T11:03:34Z" finished-at="2015-08-02T11:03:54Z">
          <reporter-output>
          </reporter-output>
        </test-method> <!-- setUp -->
        <test-method status="PASS" signature="testCaseOne()[pri:0, instance:testcase.listener.TestWebDriverListener@1a472e9]" name="testCaseOne" duration-ms="27570" started-at="2015-08-02T11:11:36Z" finished-at="2015-08-02T11:12:04Z">
          <reporter-output>
          </reporter-output>
        </test-method> <!-- testCaseOne -->
        <test-method status="PASS" signature="tearDown()[pri:0, instance:testcase.listener.TestWebDriverListener@1a472e9]" name="tearDown" is-config="true" duration-ms="926" started-at="2015-08-02T11:12:04Z" finished-at="2015-08-02T11:12:05Z">
          <reporter-output>
          </reporter-output>
        </test-method> <!-- tearDown -->
      </class> <!-- testcase.listener.TestWebDriverListener -->
      <class name="testcase.TestFrameWork">
        <test-method status="FAIL" signature="testCaseFrame()[pri:0, instance:testcase.TestFrameWork@1a2fa45]" name="testCaseFrame" duration-ms="2289" started-at="2015-08-02T11:07:29Z" finished-at="2015-08-02T11:07:31Z">
          <exception class="java.lang.AssertionError">
            <message>
              <![CDATA[expected [Welcome to Bugzilla] but found [Bugzilla Main Page]]]>
            </message>
            <full-stacktrace>
              <![CDATA[java.lang.AssertionError: expected [Welcome to Bugzilla] but found [Bugzilla Main Page]
	at org.testng.Assert.fail(Assert.java:94)
	at org.testng.Assert.failNotEquals(Assert.java:494)
	at org.testng.Assert.assertEquals(Assert.java:123)
	at org.testng.Assert.assertEquals(Assert.java:176)
	at org.testng.Assert.assertEquals(Assert.java:186)
	at testcase.TestFrameWork.testCaseFrame(TestFrameWork.java:23)
	at sun.reflect.NativeMethodAccessorImpl.invoke0(Native Method)
	at sun.reflect.NativeMethodAccessorImpl.invoke(NativeMethodAccessorImpl.java:57)
	at sun.reflect.DelegatingMethodAccessorImpl.invoke(DelegatingMethodAccessorImpl.java:43)
	at java.lang.reflect.Method.invoke(Method.java:601)
	at org.testng.internal.MethodInvocationHelper.invokeMethod(MethodInvocationHelper.java:84)
	at org.testng.internal.Invoker.invokeMethod(Invoker.java:714)
	at org.testng.internal.Invoker.invokeTestMethod(Invoker.java:901)
	at org.testng.internal.Invoker.invokeTestMethods(Invoker.java:1231)
	at org.testng.internal.TestMethodWorker.invokeTestMethods(TestMethodWorker.java:127)
	at org.testng.internal.TestMethodWorker.run(TestMethodWorker.java:111)
	at org.testng.TestRunner.privateRun(TestRunner.java:767)
	at org.testng.TestRunner.run(TestRunner.java:617)
	at org.testng.SuiteRunner.runTest(SuiteRunner.java:334)
	at org.testng.SuiteRunner.runSequentially(SuiteRunner.java:329)
	at org.testng.SuiteRunner.privateRun(SuiteRunner.java:291)
	at org.testng.SuiteRunner.run(SuiteRunner.java:240)
	at org.testng.SuiteRunnerWorker.runSuite(SuiteRunnerWorker.java:52)
	at org.testng.SuiteRunnerWorker.run(SuiteRunnerWorker.java:86)
	at org.testng.TestNG.runSuitesSequentially(TestNG.java:1224)
	at org.testng.TestNG.runSuitesLocally(TestNG.java:1149)
	at org.testng.TestNG.run(TestNG.java:1057)
	at org.testng.remote.RemoteTestNG.run(RemoteTestNG.java:111)
	at org.testng.remote.RemoteTestNG.initAndRun(RemoteTestNG.java:204)
	at org.testng.remote.RemoteTestNG.main(RemoteTestNG.java:175)
]]>
            </full-stacktrace>
          </exception> <!-- java.lang.AssertionError -->
          <reporter-output>
          </reporter-output>
        </test-method> <!-- testCaseFrame -->
      </class> <!-- testcase.TestFrameWork -->
      <class name="testcase.TestExpectedConditions">
        <test-method status="PASS" signature="testConditions()[pri:0, instance:testcase.TestExpectedConditions@17e7420]" name="testConditions" duration-ms="4467" started-at="2015-08-02T11:07:24Z" finished-at="2015-08-02T11:07:29Z">
          <reporter-output>
          </reporter-output>
        </test-method> <!-- testConditions -->
      </class> <!-- testcase.TestExpectedConditions -->
      <class name="testcase.TestWebElement">
        <test-method status="PASS" signature="testFindElemet()[pri:0, instance:testcase.TestWebElement@40e6e2]" name="testFindElemet" duration-ms="7319" started-at="2015-08-02T11:10:59Z" finished-at="2015-08-02T11:11:07Z">
          <reporter-output>
          </reporter-output>
        </test-method> <!-- testFindElemet -->
      </class> <!-- testcase.TestWebElement -->
      <class name="testcase.TestPageFactory">
        <test-method status="PASS" signature="testLogin()[pri:0, instance:testcase.TestPageFactory@db93a2]" name="testLogin" duration-ms="9750" started-at="2015-08-02T11:09:00Z" finished-at="2015-08-02T11:09:10Z">
          <reporter-output>
          </reporter-output>
        </test-method> <!-- testLogin -->
        <test-method status="PASS" signature="testPreferences()[pri:0, instance:testcase.TestPageFactory@db93a2]" name="testPreferences" duration-ms="17412" started-at="2015-08-02T11:09:10Z" finished-at="2015-08-02T11:09:27Z">
          <reporter-output>
          </reporter-output>
        </test-method> <!-- testPreferences -->
        <test-method status="PASS" signature="testAdministration()[pri:0, instance:testcase.TestPageFactory@db93a2]" name="testAdministration" duration-ms="16356" started-at="2015-08-02T11:09:27Z" finished-at="2015-08-02T11:09:44Z">
          <reporter-output>
          </reporter-output>
        </test-method> <!-- testAdministration -->
      </class> <!-- testcase.TestPageFactory -->
      <class name="testcase.TestScript">
        <test-method status="PASS" signature="testCaseScript()[pri:0, instance:testcase.TestScript@b942f7]" name="testCaseScript" duration-ms="19100" started-at="2015-08-02T11:10:40Z" finished-at="2015-08-02T11:10:59Z">
          <reporter-output>
          </reporter-output>
        </test-method> <!-- testCaseScript -->
      </class> <!-- testcase.TestScript -->
      <class name="testcase.TestClass">
        <test-method status="PASS" signature="testCase(java.util.Map)[pri:0, instance:testcase.TestClass@81f3f8]" name="testCase" duration-ms="18901" started-at="2015-08-02T11:05:43Z" data-provider="testValidLogin" finished-at="2015-08-02T11:06:02Z">
          <params>
            <param index="0">
              <value>
                <![CDATA[{UserName=User1, Password=Pass1, Valid=No}]]>
              </value>
            </param>
          </params>
          <reporter-output>
          </reporter-output>
        </test-method> <!-- testCase -->
        <test-method status="PASS" signature="testCase(java.util.Map)[pri:0, instance:testcase.TestClass@81f3f8]" name="testCase" duration-ms="18790" started-at="2015-08-02T11:06:02Z" data-provider="testValidLogin" finished-at="2015-08-02T11:06:21Z">
          <params>
            <param index="0">
              <value>
                <![CDATA[{UserName=User2, Password=Pass2, Valid=No}]]>
              </value>
            </param>
          </params>
          <reporter-output>
          </reporter-output>
        </test-method> <!-- testCase -->
        <test-method status="PASS" signature="testCase(java.util.Map)[pri:0, instance:testcase.TestClass@81f3f8]" name="testCase" duration-ms="18591" started-at="2015-08-02T11:06:21Z" data-provider="testValidLogin" finished-at="2015-08-02T11:06:40Z">
          <params>
            <param index="0">
              <value>
                <![CDATA[{UserName=User3, Password=Pass3, Valid=No}]]>
              </value>
            </param>
          </params>
          <reporter-output>
          </reporter-output>
        </test-method> <!-- testCase -->
        <test-method status="PASS" signature="testCase(java.util.Map)[pri:0, instance:testcase.TestClass@81f3f8]" name="testCase" duration-ms="33861" started-at="2015-08-02T11:06:40Z" data-provider="testValidLogin" finished-at="2015-08-02T11:07:13Z">
          <params>
            <param index="0">
              <value>
                <![CDATA[{UserName=rahul@bugzila.com, Password=rathore, Valid=yes}]]>
              </value>
            </param>
          </params>
          <reporter-output>
          </reporter-output>
        </test-method> <!-- testCase -->
      </class> <!-- testcase.TestClass -->
      <class name="testcase.TestDisplayed">
        <test-method status="PASS" signature="testCheckElement()[pri:0, instance:testcase.TestDisplayed@f9edf3]" name="testCheckElement" duration-ms="10722" started-at="2015-08-02T11:07:13Z" finished-at="2015-08-02T11:07:24Z">
          <reporter-output>
          </reporter-output>
        </test-method> <!-- testCheckElement -->
      </class> <!-- testcase.TestDisplayed -->
      <class name="testcase.TestKeyBoard">
        <test-method status="PASS" signature="testKey()[pri:0, instance:testcase.TestKeyBoard@1f66272]" name="testKey" duration-ms="3462" started-at="2015-08-02T11:07:42Z" finished-at="2015-08-02T11:07:46Z">
          <reporter-output>
          </reporter-output>
        </test-method> <!-- testKey -->
      </class> <!-- testcase.TestKeyBoard -->
    </test> <!-- Bugzila Suite -->
    <test name="Java Script Suite" duration-ms="171137" started-at="2015-08-02T03:12:05Z" finished-at="2015-08-02T03:14:56Z">
      <class name="testcase.TestMultiWindow">
        <test-method status="FAIL" signature="testWin()[pri:0, instance:testcase.TestMultiWindow@1b5c3ba]" name="testWin" duration-ms="6493" started-at="2015-08-02T11:14:21Z" finished-at="2015-08-02T11:14:27Z">
          <exception class="org.openqa.selenium.NoSuchElementException">
            <message>
              <![CDATA[No Such Element : //div[@id='main']/div[6]/a
For documentation on this error, please visit: http://seleniumhq.org/exceptions/no_such_element.html
Build info: version: '2.45.0', revision: '5017cb8', time: '2015-02-26 23:59:50'
System info: host: 'Rahul-PC', ip: '192.168.178.1', os.name: 'Windows 8', os.arch: 'x86', os.version: '6.2', java.version: '1.7.0_17'
Driver info: driver.version: StartWebDriver]]>
            </message>
            <full-stacktrace>
              <![CDATA[org.openqa.selenium.NoSuchElementException: No Such Element : //div[@id='main']/div[6]/a
For documentation on this error, please visit: http://seleniumhq.org/exceptions/no_such_element.html
Build info: version: '2.45.0', revision: '5017cb8', time: '2015-02-26 23:59:50'
System info: host: 'Rahul-PC', ip: '192.168.178.1', os.name: 'Windows 8', os.arch: 'x86', os.version: '6.2', java.version: '1.7.0_17'
Driver info: driver.version: StartWebDriver
	at helper.StartWebDriver.getElement(StartWebDriver.java:137)
	at helper.ButtonHelper.clickButton(ButtonHelper.java:17)
	at testcase.TestMultiWindow.testWin(TestMultiWindow.java:22)
	at sun.reflect.NativeMethodAccessorImpl.invoke0(Native Method)
	at sun.reflect.NativeMethodAccessorImpl.invoke(NativeMethodAccessorImpl.java:57)
	at sun.reflect.DelegatingMethodAccessorImpl.invoke(DelegatingMethodAccessorImpl.java:43)
	at java.lang.reflect.Method.invoke(Method.java:601)
	at org.testng.internal.MethodInvocationHelper.invokeMethod(MethodInvocationHelper.java:84)
	at org.testng.internal.Invoker.invokeMethod(Invoker.java:714)
	at org.testng.internal.Invoker.invokeTestMethod(Invoker.java:901)
	at org.testng.internal.Invoker.invokeTestMethods(Invoker.java:1231)
	at org.testng.internal.TestMethodWorker.invokeTestMethods(TestMethodWorker.java:127)
	at org.testng.internal.TestMethodWorker.run(TestMethodWorker.java:111)
	at org.testng.TestRunner.privateRun(TestRunner.java:767)
	at org.testng.TestRunner.run(TestRunner.java:617)
	at org.testng.SuiteRunner.runTest(SuiteRunner.java:334)
	at org.testng.SuiteRunner.runSequentially(SuiteRunner.java:329)
	at org.testng.SuiteRunner.privateRun(SuiteRunner.java:291)
	at org.testng.SuiteRunner.run(SuiteRunner.java:240)
	at org.testng.SuiteRunnerWorker.runSuite(SuiteRunnerWorker.java:52)
	at org.testng.SuiteRunnerWorker.run(SuiteRunnerWorker.java:86)
	at org.testng.TestNG.runSuitesSequentially(TestNG.java:1224)
	at org.testng.TestNG.runSuitesLocally(TestNG.java:1149)
	at org.testng.TestNG.run(TestNG.java:1057)
	at org.testng.remote.RemoteTestNG.run(RemoteTestNG.java:111)
	at org.testng.remote.RemoteTestNG.initAndRun(RemoteTestNG.java:204)
	at org.testng.remote.RemoteTestNG.main(RemoteTestNG.java:175)
]]>
            </full-stacktrace>
          </exception> <!-- org.openqa.selenium.NoSuchElementException -->
          <reporter-output>
          </reporter-output>
        </test-method> <!-- testWin -->
      </class> <!-- testcase.TestMultiWindow -->
      <class name="testcase.TestAlert">
        <test-method status="FAIL" signature="testCasealert()[pri:0, instance:testcase.TestAlert@1c4c648]" name="testCasealert" duration-ms="17743" started-at="2015-08-02T11:13:04Z" finished-at="2015-08-02T11:13:21Z">
          <exception class="org.openqa.selenium.NoSuchElementException">
            <message>
              <![CDATA[No Such Element : //div[@id='main']/div[6]/a
For documentation on this error, please visit: http://seleniumhq.org/exceptions/no_such_element.html
Build info: version: '2.45.0', revision: '5017cb8', time: '2015-02-26 23:59:50'
System info: host: 'Rahul-PC', ip: '192.168.178.1', os.name: 'Windows 8', os.arch: 'x86', os.version: '6.2', java.version: '1.7.0_17'
Driver info: driver.version: StartWebDriver]]>
            </message>
            <full-stacktrace>
              <![CDATA[org.openqa.selenium.NoSuchElementException: No Such Element : //div[@id='main']/div[6]/a
For documentation on this error, please visit: http://seleniumhq.org/exceptions/no_such_element.html
Build info: version: '2.45.0', revision: '5017cb8', time: '2015-02-26 23:59:50'
System info: host: 'Rahul-PC', ip: '192.168.178.1', os.name: 'Windows 8', os.arch: 'x86', os.version: '6.2', java.version: '1.7.0_17'
Driver info: driver.version: StartWebDriver
	at helper.StartWebDriver.getElement(StartWebDriver.java:137)
	at helper.ButtonHelper.clickButton(ButtonHelper.java:17)
	at testcase.TestAlert.testCasealert(TestAlert.java:20)
	at sun.reflect.NativeMethodAccessorImpl.invoke0(Native Method)
	at sun.reflect.NativeMethodAccessorImpl.invoke(NativeMethodAccessorImpl.java:57)
	at sun.reflect.DelegatingMethodAccessorImpl.invoke(DelegatingMethodAccessorImpl.java:43)
	at java.lang.reflect.Method.invoke(Method.java:601)
	at org.testng.internal.MethodInvocationHelper.invokeMethod(MethodInvocationHelper.java:84)
	at org.testng.internal.Invoker.invokeMethod(Invoker.java:714)
	at org.testng.internal.Invoker.invokeTestMethod(Invoker.java:901)
	at org.testng.internal.Invoker.invokeTestMethods(Invoker.java:1231)
	at org.testng.internal.TestMethodWorker.invokeTestMethods(TestMethodWorker.java:127)
	at org.testng.internal.TestMethodWorker.run(TestMethodWorker.java:111)
	at org.testng.TestRunner.privateRun(TestRunner.java:767)
	at org.testng.TestRunner.run(TestRunner.java:617)
	at org.testng.SuiteRunner.runTest(SuiteRunner.java:334)
	at org.testng.SuiteRunner.runSequentially(SuiteRunner.java:329)
	at org.testng.SuiteRunner.privateRun(SuiteRunner.java:291)
	at org.testng.SuiteRunner.run(SuiteRunner.java:240)
	at org.testng.SuiteRunnerWorker.runSuite(SuiteRunnerWorker.java:52)
	at org.testng.SuiteRunnerWorker.run(SuiteRunnerWorker.java:86)
	at org.testng.TestNG.runSuitesSequentially(TestNG.java:1224)
	at org.testng.TestNG.runSuitesLocally(TestNG.java:1149)
	at org.testng.TestNG.run(TestNG.java:1057)
	at org.testng.remote.RemoteTestNG.run(RemoteTestNG.java:111)
	at org.testng.remote.RemoteTestNG.initAndRun(RemoteTestNG.java:204)
	at org.testng.remote.RemoteTestNG.main(RemoteTestNG.java:175)
]]>
            </full-stacktrace>
          </exception> <!-- org.openqa.selenium.NoSuchElementException -->
          <reporter-output>
          </reporter-output>
        </test-method> <!-- testCasealert -->
      </class> <!-- testcase.TestAlert -->
      <class name="testcase.TestPrompt">
        <test-method status="FAIL" signature="testCasePrompt()[pri:0, instance:testcase.TestPrompt@107f672]" name="testCasePrompt" duration-ms="17960" started-at="2015-08-02T11:13:35Z" finished-at="2015-08-02T11:13:52Z">
          <exception class="org.openqa.selenium.NoSuchElementException">
            <message>
              <![CDATA[No Such Element : //div[@id='main']/div[8]/a
For documentation on this error, please visit: http://seleniumhq.org/exceptions/no_such_element.html
Build info: version: '2.45.0', revision: '5017cb8', time: '2015-02-26 23:59:50'
System info: host: 'Rahul-PC', ip: '192.168.178.1', os.name: 'Windows 8', os.arch: 'x86', os.version: '6.2', java.version: '1.7.0_17'
Driver info: driver.version: StartWebDriver]]>
            </message>
            <full-stacktrace>
              <![CDATA[org.openqa.selenium.NoSuchElementException: No Such Element : //div[@id='main']/div[8]/a
For documentation on this error, please visit: http://seleniumhq.org/exceptions/no_such_element.html
Build info: version: '2.45.0', revision: '5017cb8', time: '2015-02-26 23:59:50'
System info: host: 'Rahul-PC', ip: '192.168.178.1', os.name: 'Windows 8', os.arch: 'x86', os.version: '6.2', java.version: '1.7.0_17'
Driver info: driver.version: StartWebDriver
	at helper.StartWebDriver.getElement(StartWebDriver.java:137)
	at helper.ButtonHelper.clickButton(ButtonHelper.java:17)
	at testcase.TestPrompt.testCasePrompt(TestPrompt.java:23)
	at sun.reflect.NativeMethodAccessorImpl.invoke0(Native Method)
	at sun.reflect.NativeMethodAccessorImpl.invoke(NativeMethodAccessorImpl.java:57)
	at sun.reflect.DelegatingMethodAccessorImpl.invoke(DelegatingMethodAccessorImpl.java:43)
	at java.lang.reflect.Method.invoke(Method.java:601)
	at org.testng.internal.MethodInvocationHelper.invokeMethod(MethodInvocationHelper.java:84)
	at org.testng.internal.Invoker.invokeMethod(Invoker.java:714)
	at org.testng.internal.Invoker.invokeTestMethod(Invoker.java:901)
	at org.testng.internal.Invoker.invokeTestMethods(Invoker.java:1231)
	at org.testng.internal.TestMethodWorker.invokeTestMethods(TestMethodWorker.java:127)
	at org.testng.internal.TestMethodWorker.run(TestMethodWorker.java:111)
	at org.testng.TestRunner.privateRun(TestRunner.java:767)
	at org.testng.TestRunner.run(TestRunner.java:617)
	at org.testng.SuiteRunner.runTest(SuiteRunner.java:334)
	at org.testng.SuiteRunner.runSequentially(SuiteRunner.java:329)
	at org.testng.SuiteRunner.privateRun(SuiteRunner.java:291)
	at org.testng.SuiteRunner.run(SuiteRunner.java:240)
	at org.testng.SuiteRunnerWorker.runSuite(SuiteRunnerWorker.java:52)
	at org.testng.SuiteRunnerWorker.run(SuiteRunnerWorker.java:86)
	at org.testng.TestNG.runSuitesSequentially(TestNG.java:1224)
	at org.testng.TestNG.runSuitesLocally(TestNG.java:1149)
	at org.testng.TestNG.run(TestNG.java:1057)
	at org.testng.remote.RemoteTestNG.run(RemoteTestNG.java:111)
	at org.testng.remote.RemoteTestNG.initAndRun(RemoteTestNG.java:204)
	at org.testng.remote.RemoteTestNG.main(RemoteTestNG.java:175)
]]>
            </full-stacktrace>
          </exception> <!-- org.openqa.selenium.NoSuchElementException -->
          <reporter-output>
          </reporter-output>
        </test-method> <!-- testCasePrompt -->
      </class> <!-- testcase.TestPrompt -->
      <class name="testcase.TestFluentWait">
        <test-method status="PASS" signature="setUp()[pri:0, instance:testcase.TestFluentWait@13159f1]" name="setUp" is-config="true" duration-ms="58479" started-at="2015-08-02T11:12:05Z" finished-at="2015-08-02T11:13:04Z">
          <reporter-output>
          </reporter-output>
        </test-method> <!-- setUp -->
        <test-method status="FAIL" signature="testWait()[pri:0, instance:testcase.TestFluentWait@13159f1]" name="testWait" duration-ms="2344" started-at="2015-08-02T11:14:06Z" finished-at="2015-08-02T11:14:08Z">
          <exception class="org.openqa.selenium.NoSuchElementException">
            <message>
              <![CDATA[Unable to locate element: {"method":"id","selector":"iframeResult"}
Command duration or timeout: 2.17 seconds
For documentation on this error, please visit: http://seleniumhq.org/exceptions/no_such_element.html
Build info: version: '2.45.0', revision: '5017cb8', time: '2015-02-26 23:59:50'
System info: host: 'Rahul-PC', ip: '192.168.178.1', os.name: 'Windows 8', os.arch: 'x86', os.version: '6.2', java.version: '1.7.0_17'
*** Element info: {Using=id, value=iframeResult}
Session ID: 918c958d-5d42-4953-9e83-426eb50462c5
Driver info: org.openqa.selenium.firefox.FirefoxDriver
Capabilities [{platform=WINDOWS, acceptSslCerts=true, javascriptEnabled=true, cssSelectorsEnabled=true, databaseEnabled=true, browserName=firefox, handlesAlerts=true, nativeEvents=false, webStorageEnabled=true, rotatable=false, locationContextEnabled=true, applicationCacheEnabled=true, takesScreenshot=true, version=39.0}]]]>
            </message>
            <full-stacktrace>
              <![CDATA[org.openqa.selenium.NoSuchElementException: Unable to locate element: {"method":"id","selector":"iframeResult"}
Command duration or timeout: 2.17 seconds
For documentation on this error, please visit: http://seleniumhq.org/exceptions/no_such_element.html
Build info: version: '2.45.0', revision: '5017cb8', time: '2015-02-26 23:59:50'
System info: host: 'Rahul-PC', ip: '192.168.178.1', os.name: 'Windows 8', os.arch: 'x86', os.version: '6.2', java.version: '1.7.0_17'
*** Element info: {Using=id, value=iframeResult}
Session ID: 918c958d-5d42-4953-9e83-426eb50462c5
Driver info: org.openqa.selenium.firefox.FirefoxDriver
Capabilities [{platform=WINDOWS, acceptSslCerts=true, javascriptEnabled=true, cssSelectorsEnabled=true, databaseEnabled=true, browserName=firefox, handlesAlerts=true, nativeEvents=false, webStorageEnabled=true, rotatable=false, locationContextEnabled=true, applicationCacheEnabled=true, takesScreenshot=true, version=39.0}]
	at sun.reflect.NativeConstructorAccessorImpl.newInstance0(Native Method)
	at sun.reflect.NativeConstructorAccessorImpl.newInstance(NativeConstructorAccessorImpl.java:57)
	at sun.reflect.DelegatingConstructorAccessorImpl.newInstance(DelegatingConstructorAccessorImpl.java:45)
	at java.lang.reflect.Constructor.newInstance(Constructor.java:525)
	at org.openqa.selenium.remote.ErrorHandler.createThrowable(ErrorHandler.java:204)
	at org.openqa.selenium.remote.ErrorHandler.throwIfResponseFailed(ErrorHandler.java:156)
	at org.openqa.selenium.remote.RemoteWebDriver.execute(RemoteWebDriver.java:599)
	at org.openqa.selenium.remote.RemoteWebDriver.findElement(RemoteWebDriver.java:352)
	at org.openqa.selenium.remote.RemoteWebDriver.findElementById(RemoteWebDriver.java:393)
	at org.openqa.selenium.By$ById.findElement(By.java:214)
	at org.openqa.selenium.remote.RemoteWebDriver.findElement(RemoteWebDriver.java:344)
	at testcase.TestFluentWait.testWait(TestFluentWait.java:63)
	at sun.reflect.NativeMethodAccessorImpl.invoke0(Native Method)
	at sun.reflect.NativeMethodAccessorImpl.invoke(NativeMethodAccessorImpl.java:57)
	at sun.reflect.DelegatingMethodAccessorImpl.invoke(DelegatingMethodAccessorImpl.java:43)
	at java.lang.reflect.Method.invoke(Method.java:601)
	at org.testng.internal.MethodInvocationHelper.invokeMethod(MethodInvocationHelper.java:84)
	at org.testng.internal.Invoker.invokeMethod(Invoker.java:714)
	at org.testng.internal.Invoker.invokeTestMethod(Invoker.java:901)
	at org.testng.internal.Invoker.invokeTestMethods(Invoker.java:1231)
	at org.testng.internal.TestMethodWorker.invokeTestMethods(TestMethodWorker.java:127)
	at org.testng.internal.TestMethodWorker.run(TestMethodWorker.java:111)
	at org.testng.TestRunner.privateRun(TestRunner.java:767)
	at org.testng.TestRunner.run(TestRunner.java:617)
	at org.testng.SuiteRunner.runTest(SuiteRunner.java:334)
	at org.testng.SuiteRunner.runSequentially(SuiteRunner.java:329)
	at org.testng.SuiteRunner.privateRun(SuiteRunner.java:291)
	at org.testng.SuiteRunner.run(SuiteRunner.java:240)
	at org.testng.SuiteRunnerWorker.runSuite(SuiteRunnerWorker.java:52)
	at org.testng.SuiteRunnerWorker.run(SuiteRunnerWorker.java:86)
	at org.testng.TestNG.runSuitesSequentially(TestNG.java:1224)
	at org.testng.TestNG.runSuitesLocally(TestNG.java:1149)
	at org.testng.TestNG.run(TestNG.java:1057)
	at org.testng.remote.RemoteTestNG.run(RemoteTestNG.java:111)
	at org.testng.remote.RemoteTestNG.initAndRun(RemoteTestNG.java:204)
	at org.testng.remote.RemoteTestNG.main(RemoteTestNG.java:175)
Caused by: org.openqa.selenium.NoSuchElementException: Unable to locate element: {"method":"id","selector":"iframeResult"}
For documentation on this error, please visit: http://seleniumhq.org/exceptions/no_such_element.html
Build info: version: '2.45.0', revision: '5017cb8', time: '2015-02-26 23:59:50'
System info: host: 'Rahul-PC', ip: '192.168.178.1', os.name: 'Windows 8', os.arch: 'x86', os.version: '6.2', java.version: '1.7.0_17'
Driver info: driver.version: unknown
	at <anonymous class>.FirefoxDriver.prototype.findElementInternal_(file:///C:/Users/RAHUL~1.RAT/AppData/Local/Temp/anonymous3372060217898444313webdriver-profile/extensions/fxdriver@googlecode.com/components/driver-component.js:10271)
	at <anonymous class>.fxdriver.Timer.prototype.setTimeout/<.notify(file:///C:/Users/RAHUL~1.RAT/AppData/Local/Temp/anonymous3372060217898444313webdriver-profile/extensions/fxdriver@googlecode.com/components/driver-component.js:603)
]]>
            </full-stacktrace>
          </exception> <!-- org.openqa.selenium.NoSuchElementException -->
          <reporter-output>
          </reporter-output>
        </test-method> <!-- testWait -->
        <test-method status="PASS" signature="tearDown()[pri:0, instance:testcase.TestFluentWait@13159f1]" name="tearDown" is-config="true" duration-ms="531" started-at="2015-08-02T11:14:56Z" finished-at="2015-08-02T11:14:56Z">
          <reporter-output>
          </reporter-output>
        </test-method> <!-- tearDown -->
      </class> <!-- testcase.TestFluentWait -->
      <class name="testcase.TestWebdriverWait">
        <test-method status="FAIL" signature="testWait()[pri:0, instance:testcase.TestWebdriverWait@44fec1]" name="testWait" duration-ms="2329" started-at="2015-08-02T11:14:40Z" finished-at="2015-08-02T11:14:43Z">
          <exception class="org.openqa.selenium.NoSuchElementException">
            <message>
              <![CDATA[Unable to locate element: {"method":"id","selector":"iframeResult"}
Command duration or timeout: 2.17 seconds
For documentation on this error, please visit: http://seleniumhq.org/exceptions/no_such_element.html
Build info: version: '2.45.0', revision: '5017cb8', time: '2015-02-26 23:59:50'
System info: host: 'Rahul-PC', ip: '192.168.178.1', os.name: 'Windows 8', os.arch: 'x86', os.version: '6.2', java.version: '1.7.0_17'
*** Element info: {Using=id, value=iframeResult}
Session ID: 918c958d-5d42-4953-9e83-426eb50462c5
Driver info: org.openqa.selenium.firefox.FirefoxDriver
Capabilities [{platform=WINDOWS, acceptSslCerts=true, javascriptEnabled=true, cssSelectorsEnabled=true, databaseEnabled=true, browserName=firefox, handlesAlerts=true, nativeEvents=false, webStorageEnabled=true, rotatable=false, locationContextEnabled=true, applicationCacheEnabled=true, takesScreenshot=true, version=39.0}]]]>
            </message>
            <full-stacktrace>
              <![CDATA[org.openqa.selenium.NoSuchElementException: Unable to locate element: {"method":"id","selector":"iframeResult"}
Command duration or timeout: 2.17 seconds
For documentation on this error, please visit: http://seleniumhq.org/exceptions/no_such_element.html
Build info: version: '2.45.0', revision: '5017cb8', time: '2015-02-26 23:59:50'
System info: host: 'Rahul-PC', ip: '192.168.178.1', os.name: 'Windows 8', os.arch: 'x86', os.version: '6.2', java.version: '1.7.0_17'
*** Element info: {Using=id, value=iframeResult}
Session ID: 918c958d-5d42-4953-9e83-426eb50462c5
Driver info: org.openqa.selenium.firefox.FirefoxDriver
Capabilities [{platform=WINDOWS, acceptSslCerts=true, javascriptEnabled=true, cssSelectorsEnabled=true, databaseEnabled=true, browserName=firefox, handlesAlerts=true, nativeEvents=false, webStorageEnabled=true, rotatable=false, locationContextEnabled=true, applicationCacheEnabled=true, takesScreenshot=true, version=39.0}]
	at sun.reflect.NativeConstructorAccessorImpl.newInstance0(Native Method)
	at sun.reflect.NativeConstructorAccessorImpl.newInstance(NativeConstructorAccessorImpl.java:57)
	at sun.reflect.DelegatingConstructorAccessorImpl.newInstance(DelegatingConstructorAccessorImpl.java:45)
	at java.lang.reflect.Constructor.newInstance(Constructor.java:525)
	at org.openqa.selenium.remote.ErrorHandler.createThrowable(ErrorHandler.java:204)
	at org.openqa.selenium.remote.ErrorHandler.throwIfResponseFailed(ErrorHandler.java:156)
	at org.openqa.selenium.remote.RemoteWebDriver.execute(RemoteWebDriver.java:599)
	at org.openqa.selenium.remote.RemoteWebDriver.findElement(RemoteWebDriver.java:352)
	at org.openqa.selenium.remote.RemoteWebDriver.findElementById(RemoteWebDriver.java:393)
	at org.openqa.selenium.By$ById.findElement(By.java:214)
	at org.openqa.selenium.remote.RemoteWebDriver.findElement(RemoteWebDriver.java:344)
	at testcase.TestWebdriverWait.testWait(TestWebdriverWait.java:27)
	at sun.reflect.NativeMethodAccessorImpl.invoke0(Native Method)
	at sun.reflect.NativeMethodAccessorImpl.invoke(NativeMethodAccessorImpl.java:57)
	at sun.reflect.DelegatingMethodAccessorImpl.invoke(DelegatingMethodAccessorImpl.java:43)
	at java.lang.reflect.Method.invoke(Method.java:601)
	at org.testng.internal.MethodInvocationHelper.invokeMethod(MethodInvocationHelper.java:84)
	at org.testng.internal.Invoker.invokeMethod(Invoker.java:714)
	at org.testng.internal.Invoker.invokeTestMethod(Invoker.java:901)
	at org.testng.internal.Invoker.invokeTestMethods(Invoker.java:1231)
	at org.testng.internal.TestMethodWorker.invokeTestMethods(TestMethodWorker.java:127)
	at org.testng.internal.TestMethodWorker.run(TestMethodWorker.java:111)
	at org.testng.TestRunner.privateRun(TestRunner.java:767)
	at org.testng.TestRunner.run(TestRunner.java:617)
	at org.testng.SuiteRunner.runTest(SuiteRunner.java:334)
	at org.testng.SuiteRunner.runSequentially(SuiteRunner.java:329)
	at org.testng.SuiteRunner.privateRun(SuiteRunner.java:291)
	at org.testng.SuiteRunner.run(SuiteRunner.java:240)
	at org.testng.SuiteRunnerWorker.runSuite(SuiteRunnerWorker.java:52)
	at org.testng.SuiteRunnerWorker.run(SuiteRunnerWorker.java:86)
	at org.testng.TestNG.runSuitesSequentially(TestNG.java:1224)
	at org.testng.TestNG.runSuitesLocally(TestNG.java:1149)
	at org.testng.TestNG.run(TestNG.java:1057)
	at org.testng.remote.RemoteTestNG.run(RemoteTestNG.java:111)
	at org.testng.remote.RemoteTestNG.initAndRun(RemoteTestNG.java:204)
	at org.testng.remote.RemoteTestNG.main(RemoteTestNG.java:175)
Caused by: org.openqa.selenium.NoSuchElementException: Unable to locate element: {"method":"id","selector":"iframeResult"}
For documentation on this error, please visit: http://seleniumhq.org/exceptions/no_such_element.html
Build info: version: '2.45.0', revision: '5017cb8', time: '2015-02-26 23:59:50'
System info: host: 'Rahul-PC', ip: '192.168.178.1', os.name: 'Windows 8', os.arch: 'x86', os.version: '6.2', java.version: '1.7.0_17'
Driver info: driver.version: unknown
	at <anonymous class>.FirefoxDriver.prototype.findElementInternal_(file:///C:/Users/RAHUL~1.RAT/AppData/Local/Temp/anonymous3372060217898444313webdriver-profile/extensions/fxdriver@googlecode.com/components/driver-component.js:10271)
	at <anonymous class>.fxdriver.Timer.prototype.setTimeout/<.notify(file:///C:/Users/RAHUL~1.RAT/AppData/Local/Temp/anonymous3372060217898444313webdriver-profile/extensions/fxdriver@googlecode.com/components/driver-component.js:603)
]]>
            </full-stacktrace>
          </exception> <!-- org.openqa.selenium.NoSuchElementException -->
          <reporter-output>
          </reporter-output>
        </test-method> <!-- testWait -->
      </class> <!-- testcase.TestWebdriverWait -->
    </test> <!-- Java Script Suite -->
    <test name="Webdriver Suite" duration-ms="27595" started-at="2015-08-02T03:14:57Z" finished-at="2015-08-02T03:15:24Z">
      <class name="testcase.TestTimeUnit">
        <test-method status="PASS" signature="setUp()[pri:0, instance:testcase.TestTimeUnit@c08a64]" name="setUp" is-config="true" duration-ms="13638" started-at="2015-08-02T11:14:57Z" finished-at="2015-08-02T11:15:10Z">
          <reporter-output>
          </reporter-output>
        </test-method> <!-- setUp -->
        <test-method status="FAIL" signature="testTime()[pri:0, instance:testcase.TestTimeUnit@c08a64]" name="testTime" duration-ms="173" started-at="2015-08-02T11:15:10Z" finished-at="2015-08-02T11:15:10Z">
          <exception class="org.openqa.selenium.TimeoutException">
            <message>
              <![CDATA[Timed out waiting for page load.
Command duration or timeout: 78 milliseconds
Build info: version: '2.45.0', revision: '5017cb8', time: '2015-02-26 23:59:50'
System info: host: 'Rahul-PC', ip: '192.168.178.1', os.name: 'Windows 8', os.arch: 'x86', os.version: '6.2', java.version: '1.7.0_17'
Session ID: adab2389-f637-4e5f-828d-7cf51a7a1da9
Driver info: org.openqa.selenium.firefox.FirefoxDriver
Capabilities [{platform=WINDOWS, acceptSslCerts=true, javascriptEnabled=true, cssSelectorsEnabled=true, databaseEnabled=true, browserName=firefox, handlesAlerts=true, nativeEvents=false, webStorageEnabled=true, rotatable=false, locationContextEnabled=true, applicationCacheEnabled=true, takesScreenshot=true, version=39.0}]]]>
            </message>
            <full-stacktrace>
              <![CDATA[org.openqa.selenium.TimeoutException: Timed out waiting for page load.
Command duration or timeout: 78 milliseconds
Build info: version: '2.45.0', revision: '5017cb8', time: '2015-02-26 23:59:50'
System info: host: 'Rahul-PC', ip: '192.168.178.1', os.name: 'Windows 8', os.arch: 'x86', os.version: '6.2', java.version: '1.7.0_17'
Session ID: adab2389-f637-4e5f-828d-7cf51a7a1da9
Driver info: org.openqa.selenium.firefox.FirefoxDriver
Capabilities [{platform=WINDOWS, acceptSslCerts=true, javascriptEnabled=true, cssSelectorsEnabled=true, databaseEnabled=true, browserName=firefox, handlesAlerts=true, nativeEvents=false, webStorageEnabled=true, rotatable=false, locationContextEnabled=true, applicationCacheEnabled=true, takesScreenshot=true, version=39.0}]
	at sun.reflect.NativeConstructorAccessorImpl.newInstance0(Native Method)
	at sun.reflect.NativeConstructorAccessorImpl.newInstance(NativeConstructorAccessorImpl.java:57)
	at sun.reflect.DelegatingConstructorAccessorImpl.newInstance(DelegatingConstructorAccessorImpl.java:45)
	at java.lang.reflect.Constructor.newInstance(Constructor.java:525)
	at org.openqa.selenium.remote.ErrorHandler.createThrowable(ErrorHandler.java:204)
	at org.openqa.selenium.remote.ErrorHandler.throwIfResponseFailed(ErrorHandler.java:156)
	at org.openqa.selenium.remote.RemoteWebDriver.execute(RemoteWebDriver.java:599)
	at org.openqa.selenium.remote.RemoteWebDriver.get(RemoteWebDriver.java:304)
	at testcase.TestTimeUnit.testTime(TestTimeUnit.java:25)
	at sun.reflect.NativeMethodAccessorImpl.invoke0(Native Method)
	at sun.reflect.NativeMethodAccessorImpl.invoke(NativeMethodAccessorImpl.java:57)
	at sun.reflect.DelegatingMethodAccessorImpl.invoke(DelegatingMethodAccessorImpl.java:43)
	at java.lang.reflect.Method.invoke(Method.java:601)
	at org.testng.internal.MethodInvocationHelper.invokeMethod(MethodInvocationHelper.java:84)
	at org.testng.internal.Invoker.invokeMethod(Invoker.java:714)
	at org.testng.internal.Invoker.invokeTestMethod(Invoker.java:901)
	at org.testng.internal.Invoker.invokeTestMethods(Invoker.java:1231)
	at org.testng.internal.TestMethodWorker.invokeTestMethods(TestMethodWorker.java:127)
	at org.testng.internal.TestMethodWorker.run(TestMethodWorker.java:111)
	at org.testng.TestRunner.privateRun(TestRunner.java:767)
	at org.testng.TestRunner.run(TestRunner.java:617)
	at org.testng.SuiteRunner.runTest(SuiteRunner.java:334)
	at org.testng.SuiteRunner.runSequentially(SuiteRunner.java:329)
	at org.testng.SuiteRunner.privateRun(SuiteRunner.java:291)
	at org.testng.SuiteRunner.run(SuiteRunner.java:240)
	at org.testng.SuiteRunnerWorker.runSuite(SuiteRunnerWorker.java:52)
	at org.testng.SuiteRunnerWorker.run(SuiteRunnerWorker.java:86)
	at org.testng.TestNG.runSuitesSequentially(TestNG.java:1224)
	at org.testng.TestNG.runSuitesLocally(TestNG.java:1149)
	at org.testng.TestNG.run(TestNG.java:1057)
	at org.testng.remote.RemoteTestNG.run(RemoteTestNG.java:111)
	at org.testng.remote.RemoteTestNG.initAndRun(RemoteTestNG.java:204)
	at org.testng.remote.RemoteTestNG.main(RemoteTestNG.java:175)
Caused by: org.openqa.selenium.TimeoutException: Timed out waiting for page load.
Build info: version: '2.45.0', revision: '5017cb8', time: '2015-02-26 23:59:50'
System info: host: 'Rahul-PC', ip: '192.168.178.1', os.name: 'Windows 8', os.arch: 'x86', os.version: '6.2', java.version: '1.7.0_17'
Driver info: driver.version: unknown
	at <anonymous class>.Utils.initWebLoadingListener/<(file:///C:/Users/RAHUL~1.RAT/AppData/Local/Temp/anonymous4787006481379420412webdriver-profile/extensions/fxdriver@googlecode.com/components/driver-component.js:8598)
	at <anonymous class>.WebLoadingListener/e(file:///C:/Users/RAHUL~1.RAT/AppData/Local/Temp/anonymous4787006481379420412webdriver-profile/extensions/fxdriver@googlecode.com/components/driver-component.js:4712)
	at <anonymous class>.WebLoadingListener/<(file:///C:/Users/RAHUL~1.RAT/AppData/Local/Temp/anonymous4787006481379420412webdriver-profile/extensions/fxdriver@googlecode.com/components/driver-component.js:4720)
	at <anonymous class>.fxdriver.Timer.prototype.setTimeout/<.notify(file:///C:/Users/RAHUL~1.RAT/AppData/Local/Temp/anonymous4787006481379420412webdriver-profile/extensions/fxdriver@googlecode.com/components/driver-component.js:603)
]]>
            </full-stacktrace>
          </exception> <!-- org.openqa.selenium.TimeoutException -->
          <reporter-output>
          </reporter-output>
        </test-method> <!-- testTime -->
        <test-method status="PASS" signature="tearDown()[pri:0, instance:testcase.TestTimeUnit@c08a64]" name="tearDown" is-config="true" duration-ms="359" started-at="2015-08-02T11:15:24Z" finished-at="2015-08-02T11:15:24Z">
          <reporter-output>
          </reporter-output>
        </test-method> <!-- tearDown -->
      </class> <!-- testcase.TestTimeUnit -->
    </test> <!-- Webdriver Suite -->
    <test name="Webdriver Backed Selenium Suite" duration-ms="99241" started-at="2015-08-02T03:15:24Z" finished-at="2015-08-02T03:17:03Z">
      <class name="testcase.TestWebDriverBacked">
        <test-method status="FAIL" signature="testBackedSelenium()[pri:0, instance:testcase.TestWebDriverBacked@1ca493a]" name="testBackedSelenium" duration-ms="63302" started-at="2015-08-02T11:15:37Z" finished-at="2015-08-02T11:16:40Z">
          <exception class="com.thoughtworks.selenium.Wait$WaitTimedOutException">
            <message>
              <![CDATA[Failed to load page within 30000 ms]]>
            </message>
            <full-stacktrace>
              <![CDATA[com.thoughtworks.selenium.Wait$WaitTimedOutException: Failed to load page within 30000 ms
	at com.thoughtworks.selenium.Wait.wait(Wait.java:99)
	at com.thoughtworks.selenium.Wait.wait(Wait.java:76)
	at com.thoughtworks.selenium.webdriven.commands.WaitForPageToLoad.handleSeleneseCommand(WaitForPageToLoad.java:79)
	at com.thoughtworks.selenium.webdriven.commands.WaitForPageToLoad.handleSeleneseCommand(WaitForPageToLoad.java:1)
	at com.thoughtworks.selenium.webdriven.SeleneseCommand.apply(SeleneseCommand.java:35)
	at com.thoughtworks.selenium.webdriven.Timer.run(Timer.java:40)
	at com.thoughtworks.selenium.webdriven.WebDriverCommandProcessor.execute(WebDriverCommandProcessor.java:148)
	at com.thoughtworks.selenium.webdriven.WebDriverCommandProcessor.doCommand(WebDriverCommandProcessor.java:73)
	at com.thoughtworks.selenium.DefaultSelenium.waitForPageToLoad(DefaultSelenium.java:681)
	at testcase.TestWebDriverBacked.testBackedSelenium(TestWebDriverBacked.java:38)
	at sun.reflect.NativeMethodAccessorImpl.invoke0(Native Method)
	at sun.reflect.NativeMethodAccessorImpl.invoke(NativeMethodAccessorImpl.java:57)
	at sun.reflect.DelegatingMethodAccessorImpl.invoke(DelegatingMethodAccessorImpl.java:43)
	at java.lang.reflect.Method.invoke(Method.java:601)
	at org.testng.internal.MethodInvocationHelper.invokeMethod(MethodInvocationHelper.java:84)
	at org.testng.internal.Invoker.invokeMethod(Invoker.java:714)
	at org.testng.internal.Invoker.invokeTestMethod(Invoker.java:901)
	at org.testng.internal.Invoker.invokeTestMethods(Invoker.java:1231)
	at org.testng.internal.TestMethodWorker.invokeTestMethods(TestMethodWorker.java:127)
	at org.testng.internal.TestMethodWorker.run(TestMethodWorker.java:111)
	at org.testng.TestRunner.privateRun(TestRunner.java:767)
	at org.testng.TestRunner.run(TestRunner.java:617)
	at org.testng.SuiteRunner.runTest(SuiteRunner.java:334)
	at org.testng.SuiteRunner.runSequentially(SuiteRunner.java:329)
	at org.testng.SuiteRunner.privateRun(SuiteRunner.java:291)
	at org.testng.SuiteRunner.run(SuiteRunner.java:240)
	at org.testng.SuiteRunnerWorker.runSuite(SuiteRunnerWorker.java:52)
	at org.testng.SuiteRunnerWorker.run(SuiteRunnerWorker.java:86)
	at org.testng.TestNG.runSuitesSequentially(TestNG.java:1224)
	at org.testng.TestNG.runSuitesLocally(TestNG.java:1149)
	at org.testng.TestNG.run(TestNG.java:1057)
	at org.testng.remote.RemoteTestNG.run(RemoteTestNG.java:111)
	at org.testng.remote.RemoteTestNG.initAndRun(RemoteTestNG.java:204)
	at org.testng.remote.RemoteTestNG.main(RemoteTestNG.java:175)
]]>
            </full-stacktrace>
          </exception> <!-- com.thoughtworks.selenium.Wait$WaitTimedOutException -->
          <reporter-output>
          </reporter-output>
        </test-method> <!-- testBackedSelenium -->
      </class> <!-- testcase.TestWebDriverBacked -->
      <class name="testcase.TestSeleniumLogger">
        <test-method status="PASS" signature="setUp()[pri:0, instance:testcase.TestSeleniumLogger@4007f4]" name="setUp" is-config="true" duration-ms="12889" started-at="2015-08-02T11:15:24Z" finished-at="2015-08-02T11:15:37Z">
          <reporter-output>
          </reporter-output>
        </test-method> <!-- setUp -->
        <test-method status="PASS" signature="openWebpage()[pri:0, instance:testcase.TestSeleniumLogger@4007f4]" name="openWebpage" duration-ms="11362" started-at="2015-08-02T11:16:52Z" finished-at="2015-08-02T11:17:03Z">
          <reporter-output>
          </reporter-output>
        </test-method> <!-- openWebpage -->
        <test-method status="PASS" signature="tearDown()[pri:0, instance:testcase.TestSeleniumLogger@4007f4]" name="tearDown" is-config="true" duration-ms="391" started-at="2015-08-02T11:17:03Z" finished-at="2015-08-02T11:17:03Z">
          <reporter-output>
          </reporter-output>
        </test-method> <!-- tearDown -->
      </class> <!-- testcase.TestSeleniumLogger -->
    </test> <!-- Webdriver Backed Selenium Suite -->
  </suite> <!-- Webdriver -->
</testng-results>
