<?xml version="1.0" encoding="UTF-8"?>
<!-- Generated by org.testng.reporters.JUnitXMLReporter -->
<testsuite ignored="0" hostname="Dee-PC" failures="1" tests="1" name="CheckboxesTests" time="56.12" errors="0" timestamp="29 Sep 2018 13:11:58 GMT">
  <testcase classname="com.herokuapp.theinternet.checkboxespagetests.CheckboxesTests" name="selectingTwoCheckboxesTest" time="47.16">
    <failure type="java.lang.AssertionError" message="Not all checkboxes are checked expected [true] but found [false]">
      <![CDATA[java.lang.AssertionError: Not all checkboxes are checked expected [true] but found [false]
at com.herokuapp.theinternet.checkboxespagetests.CheckboxesTests.selectingTwoCheckboxesTest(CheckboxesTests.java:27)
... Removed 28 stack frames]]>
    </failure>
  </testcase> <!-- selectingTwoCheckboxesTest -->
</testsuite> <!-- CheckboxesTests -->
