<?xml version="1.0" encoding="UTF-8"?>
<testng-results skipped="0" failed="2" ignored="2" total="18" passed="14">
  <reporter-output>
  </reporter-output>
  <suite name="Hub spot Test automtion regression suite" duration-ms="53723" started-at="2020-07-24T05:28:58Z" finished-at="2020-07-24T05:29:51Z">
    <groups>
    </groups>
    <test name="HubSpot Feature Testing - Login page - chrome" duration-ms="13708" started-at="2020-07-24T05:28:58Z" finished-at="2020-07-24T05:29:11Z">
      <class name="com.qa.hubspot.tests.LoginPageTest">
        <test-method status="PASS" signature="setUp(java.lang.String)[pri:0, instance:com.qa.hubspot.tests.LoginPageTest@73eb8672]" name="setUp" is-config="true" duration-ms="5640" started-at="2020-07-24T05:28:58Z" finished-at="2020-07-24T05:29:03Z">
          <params>
            <param index="0">
              <value>
                <![CDATA[chrome]]>
              </value>
            </param>
          </params>
          <reporter-output>
          </reporter-output>
        </test-method> <!-- setUp -->
        <test-method status="PASS" signature="verifySignUpLinkTest()[pri:1, instance:com.qa.hubspot.tests.LoginPageTest@73eb8672]" name="verifySignUpLinkTest" duration-ms="5587" started-at="2020-07-24T05:29:03Z" finished-at="2020-07-24T05:29:09Z">
          <reporter-output>
          </reporter-output>
        </test-method> <!-- verifySignUpLinkTest -->
        <test-method status="PASS" signature="verifyLoginPageTitleTest()[pri:2, instance:com.qa.hubspot.tests.LoginPageTest@73eb8672]" name="verifyLoginPageTitleTest" duration-ms="26" started-at="2020-07-24T05:29:09Z" finished-at="2020-07-24T05:29:09Z">
          <reporter-output>
          </reporter-output>
        </test-method> <!-- verifyLoginPageTitleTest -->
        <test-method status="PASS" signature="loginTest()[pri:3, instance:com.qa.hubspot.tests.LoginPageTest@73eb8672]" name="loginTest" duration-ms="2037" started-at="2020-07-24T05:29:09Z" finished-at="2020-07-24T05:29:11Z">
          <reporter-output>
          </reporter-output>
        </test-method> <!-- loginTest -->
        <test-method status="PASS" signature="tearDown()[pri:0, instance:com.qa.hubspot.tests.LoginPageTest@73eb8672]" name="tearDown" is-config="true" duration-ms="312" started-at="2020-07-24T05:29:11Z" finished-at="2020-07-24T05:29:11Z">
          <reporter-output>
          </reporter-output>
        </test-method> <!-- tearDown -->
      </class> <!-- com.qa.hubspot.tests.LoginPageTest -->
    </test> <!-- HubSpot Feature Testing - Login page - chrome -->
    <test name="HubSpot Feature Testing - home page - chrome" duration-ms="19405" started-at="2020-07-24T05:28:58Z" finished-at="2020-07-24T05:29:17Z">
      <class name="com.qa.hubspot.tests.HomePageTest">
        <test-method status="PASS" signature="setUp(java.lang.String)[pri:0, instance:com.qa.hubspot.tests.HomePageTest@5eccd3b9]" name="setUp" is-config="true" duration-ms="5640" started-at="2020-07-24T05:28:58Z" finished-at="2020-07-24T05:29:03Z">
          <params>
            <param index="0">
              <value>
                <![CDATA[chrome]]>
              </value>
            </param>
          </params>
          <reporter-output>
          </reporter-output>
        </test-method> <!-- setUp -->
        <test-method status="PASS" signature="homePageSetup()[pri:0, instance:com.qa.hubspot.tests.HomePageTest@5eccd3b9]" name="homePageSetup" is-config="true" duration-ms="8074" started-at="2020-07-24T05:29:03Z" finished-at="2020-07-24T05:29:11Z">
          <reporter-output>
          </reporter-output>
        </test-method> <!-- homePageSetup -->
        <test-method status="PASS" signature="verifyHomePageHeaderTest()[pri:1, instance:com.qa.hubspot.tests.HomePageTest@5eccd3b9]" name="verifyHomePageHeaderTest" duration-ms="5398" started-at="2020-07-24T05:29:11Z" finished-at="2020-07-24T05:29:17Z">
          <reporter-output>
          </reporter-output>
        </test-method> <!-- verifyHomePageHeaderTest -->
        <test-method status="PASS" signature="verifyHomePageTitleTest()[pri:2, instance:com.qa.hubspot.tests.HomePageTest@5eccd3b9]" name="verifyHomePageTitleTest" duration-ms="11" started-at="2020-07-24T05:29:17Z" finished-at="2020-07-24T05:29:17Z">
          <reporter-output>
          </reporter-output>
        </test-method> <!-- verifyHomePageTitleTest -->
        <test-method status="PASS" signature="verifyLoggedInUserTest()[pri:3, instance:com.qa.hubspot.tests.HomePageTest@5eccd3b9]" name="verifyLoggedInUserTest" duration-ms="96" started-at="2020-07-24T05:29:17Z" finished-at="2020-07-24T05:29:17Z">
          <reporter-output>
          </reporter-output>
        </test-method> <!-- verifyLoggedInUserTest -->
        <test-method status="PASS" signature="tearDown()[pri:0, instance:com.qa.hubspot.tests.HomePageTest@5eccd3b9]" name="tearDown" is-config="true" duration-ms="139" started-at="2020-07-24T05:29:17Z" finished-at="2020-07-24T05:29:17Z">
          <reporter-output>
          </reporter-output>
        </test-method> <!-- tearDown -->
      </class> <!-- com.qa.hubspot.tests.HomePageTest -->
    </test> <!-- HubSpot Feature Testing - home page - chrome -->
    <test name="HubSpot Feature Testing - Contacts Page - chrome" duration-ms="24466" started-at="2020-07-24T05:28:58Z" finished-at="2020-07-24T05:29:22Z">
      <class name="com.qa.hubspot.tests.ContactsPageTest">
        <test-method status="PASS" signature="setUp(java.lang.String)[pri:0, instance:com.qa.hubspot.tests.ContactsPageTest@6ecd665]" name="setUp" is-config="true" duration-ms="5290" started-at="2020-07-24T05:28:58Z" finished-at="2020-07-24T05:29:03Z">
          <params>
            <param index="0">
              <value>
                <![CDATA[chrome]]>
              </value>
            </param>
          </params>
          <reporter-output>
          </reporter-output>
        </test-method> <!-- setUp -->
        <test-method status="PASS" signature="contactsPageSetup()[pri:0, instance:com.qa.hubspot.tests.ContactsPageTest@6ecd665]" name="contactsPageSetup" is-config="true" duration-ms="13294" started-at="2020-07-24T05:29:03Z" finished-at="2020-07-24T05:29:17Z">
          <reporter-output>
          </reporter-output>
        </test-method> <!-- contactsPageSetup -->
        <test-method status="PASS" signature="verifyContactsPageTitleTest()[pri:1, instance:com.qa.hubspot.tests.ContactsPageTest@6ecd665]" name="verifyContactsPageTitleTest" duration-ms="599" started-at="2020-07-24T05:29:17Z" finished-at="2020-07-24T05:29:17Z">
          <reporter-output>
          </reporter-output>
        </test-method> <!-- verifyContactsPageTitleTest -->
        <test-method status="FAIL" signature="verifyContactsPageHeader()[pri:2, instance:com.qa.hubspot.tests.ContactsPageTest@6ecd665]" name="verifyContactsPageHeader" duration-ms="1495" started-at="2020-07-24T05:29:17Z" finished-at="2020-07-24T05:29:19Z">
          <exception class="java.lang.AssertionError">
            <message>
              <![CDATA[expected [Contacts] but found [Contacts
-- contacts]]]>
            </message>
            <full-stacktrace>
              <![CDATA[java.lang.AssertionError: expected [Contacts] but found [Contacts
-- contacts]
at org.testng.Assert.fail(Assert.java:96)
at org.testng.Assert.failNotEquals(Assert.java:776)
at org.testng.Assert.assertEqualsImpl(Assert.java:137)
at org.testng.Assert.assertEquals(Assert.java:118)
at org.testng.Assert.assertEquals(Assert.java:453)
at org.testng.Assert.assertEquals(Assert.java:463)
at com.qa.hubspot.tests.ContactsPageTest.verifyContactsPageHeader(ContactsPageTest.java:36)
at sun.reflect.NativeMethodAccessorImpl.invoke0(Native Method)
at sun.reflect.NativeMethodAccessorImpl.invoke(NativeMethodAccessorImpl.java:62)
at sun.reflect.DelegatingMethodAccessorImpl.invoke(DelegatingMethodAccessorImpl.java:43)
at java.lang.reflect.Method.invoke(Method.java:498)
at org.testng.internal.MethodInvocationHelper.invokeMethod(MethodInvocationHelper.java:124)
at org.testng.internal.Invoker.invokeMethod(Invoker.java:583)
at org.testng.internal.Invoker.invokeTestMethod(Invoker.java:719)
at org.testng.internal.Invoker.invokeTestMethods(Invoker.java:989)
at org.testng.internal.TestMethodWorker.invokeTestMethods(TestMethodWorker.java:125)
at org.testng.internal.TestMethodWorker.run(TestMethodWorker.java:109)
at org.testng.TestRunner.privateRun(TestRunner.java:648)
at org.testng.TestRunner.run(TestRunner.java:505)
at org.testng.SuiteRunner.runTest(SuiteRunner.java:455)
at org.testng.SuiteRunner.access$000(SuiteRunner.java:40)
at org.testng.SuiteRunner$SuiteWorker.run(SuiteRunner.java:489)
at org.testng.internal.thread.ThreadUtil$1.call(ThreadUtil.java:52)
at java.util.concurrent.FutureTask.run(FutureTask.java:266)
at java.util.concurrent.ThreadPoolExecutor.runWorker(ThreadPoolExecutor.java:1149)
at java.util.concurrent.ThreadPoolExecutor$Worker.run(ThreadPoolExecutor.java:624)
at java.lang.Thread.run(Thread.java:748)
]]>
            </full-stacktrace>
          </exception> <!-- java.lang.AssertionError -->
          <reporter-output>
          </reporter-output>
        </test-method> <!-- verifyContactsPageHeader -->
        <test-method status="PASS" signature="tearDown()[pri:0, instance:com.qa.hubspot.tests.ContactsPageTest@6ecd665]" name="tearDown" is-config="true" duration-ms="184" started-at="2020-07-24T05:29:22Z" finished-at="2020-07-24T05:29:22Z">
          <reporter-output>
          </reporter-output>
        </test-method> <!-- tearDown -->
      </class> <!-- com.qa.hubspot.tests.ContactsPageTest -->
    </test> <!-- HubSpot Feature Testing - Contacts Page - chrome -->
    <test name="HubSpot Feature Testing - login page - firefox" duration-ms="13343" started-at="2020-07-24T05:29:14Z" finished-at="2020-07-24T05:29:28Z">
      <class name="com.qa.hubspot.tests.LoginPageTest">
        <test-method status="PASS" signature="setUp(java.lang.String)[pri:0, instance:com.qa.hubspot.tests.LoginPageTest@2a037324]" name="setUp" is-config="true" duration-ms="6311" started-at="2020-07-24T05:29:14Z" finished-at="2020-07-24T05:29:21Z">
          <params>
            <param index="0">
              <value>
                <![CDATA[firefox]]>
              </value>
            </param>
          </params>
          <reporter-output>
          </reporter-output>
        </test-method> <!-- setUp -->
        <test-method status="PASS" signature="verifySignUpLinkTest()[pri:1, instance:com.qa.hubspot.tests.LoginPageTest@2a037324]" name="verifySignUpLinkTest" duration-ms="4583" started-at="2020-07-24T05:29:21Z" finished-at="2020-07-24T05:29:25Z">
          <reporter-output>
          </reporter-output>
        </test-method> <!-- verifySignUpLinkTest -->
        <test-method status="PASS" signature="verifyLoginPageTitleTest()[pri:2, instance:com.qa.hubspot.tests.LoginPageTest@2a037324]" name="verifyLoginPageTitleTest" duration-ms="18" started-at="2020-07-24T05:29:25Z" finished-at="2020-07-24T05:29:25Z">
          <reporter-output>
          </reporter-output>
        </test-method> <!-- verifyLoginPageTitleTest -->
        <test-method status="PASS" signature="loginTest()[pri:3, instance:com.qa.hubspot.tests.LoginPageTest@2a037324]" name="loginTest" duration-ms="814" started-at="2020-07-24T05:29:25Z" finished-at="2020-07-24T05:29:26Z">
          <reporter-output>
          </reporter-output>
        </test-method> <!-- loginTest -->
        <test-method status="PASS" signature="tearDown()[pri:0, instance:com.qa.hubspot.tests.LoginPageTest@2a037324]" name="tearDown" is-config="true" duration-ms="1602" started-at="2020-07-24T05:29:26Z" finished-at="2020-07-24T05:29:28Z">
          <reporter-output>
          </reporter-output>
        </test-method> <!-- tearDown -->
      </class> <!-- com.qa.hubspot.tests.LoginPageTest -->
    </test> <!-- HubSpot Feature Testing - login page - firefox -->
    <test name="HubSpot Feature Testing - home page - firefox" duration-ms="17859" started-at="2020-07-24T05:29:18Z" finished-at="2020-07-24T05:29:36Z">
      <class name="com.qa.hubspot.tests.HomePageTest">
        <test-method status="PASS" signature="setUp(java.lang.String)[pri:0, instance:com.qa.hubspot.tests.HomePageTest@4d8539de]" name="setUp" is-config="true" duration-ms="4941" started-at="2020-07-24T05:29:18Z" finished-at="2020-07-24T05:29:23Z">
          <params>
            <param index="0">
              <value>
                <![CDATA[firefox]]>
              </value>
            </param>
          </params>
          <reporter-output>
          </reporter-output>
        </test-method> <!-- setUp -->
        <test-method status="PASS" signature="homePageSetup()[pri:0, instance:com.qa.hubspot.tests.HomePageTest@4d8539de]" name="homePageSetup" is-config="true" duration-ms="5299" started-at="2020-07-24T05:29:23Z" finished-at="2020-07-24T05:29:29Z">
          <reporter-output>
          </reporter-output>
        </test-method> <!-- homePageSetup -->
        <test-method status="PASS" signature="verifyHomePageHeaderTest()[pri:1, instance:com.qa.hubspot.tests.HomePageTest@4d8539de]" name="verifyHomePageHeaderTest" duration-ms="5848" started-at="2020-07-24T05:29:29Z" finished-at="2020-07-24T05:29:35Z">
          <reporter-output>
          </reporter-output>
        </test-method> <!-- verifyHomePageHeaderTest -->
        <test-method status="PASS" signature="verifyHomePageTitleTest()[pri:2, instance:com.qa.hubspot.tests.HomePageTest@4d8539de]" name="verifyHomePageTitleTest" duration-ms="19" started-at="2020-07-24T05:29:35Z" finished-at="2020-07-24T05:29:35Z">
          <reporter-output>
          </reporter-output>
        </test-method> <!-- verifyHomePageTitleTest -->
        <test-method status="PASS" signature="verifyLoggedInUserTest()[pri:3, instance:com.qa.hubspot.tests.HomePageTest@4d8539de]" name="verifyLoggedInUserTest" duration-ms="171" started-at="2020-07-24T05:29:35Z" finished-at="2020-07-24T05:29:35Z">
          <reporter-output>
          </reporter-output>
        </test-method> <!-- verifyLoggedInUserTest -->
        <test-method status="PASS" signature="tearDown()[pri:0, instance:com.qa.hubspot.tests.HomePageTest@4d8539de]" name="tearDown" is-config="true" duration-ms="1567" started-at="2020-07-24T05:29:35Z" finished-at="2020-07-24T05:29:36Z">
          <reporter-output>
          </reporter-output>
        </test-method> <!-- tearDown -->
      </class> <!-- com.qa.hubspot.tests.HomePageTest -->
    </test> <!-- HubSpot Feature Testing - home page - firefox -->
    <test name="HubSpot Feature Testing - contacts page - firefox" duration-ms="19659" started-at="2020-07-24T05:29:32Z" finished-at="2020-07-24T05:29:51Z">
      <class name="com.qa.hubspot.tests.ContactsPageTest">
        <test-method status="PASS" signature="setUp(java.lang.String)[pri:0, instance:com.qa.hubspot.tests.ContactsPageTest@a619c2]" name="setUp" is-config="true" duration-ms="4384" started-at="2020-07-24T05:29:32Z" finished-at="2020-07-24T05:29:36Z">
          <params>
            <param index="0">
              <value>
                <![CDATA[firefox]]>
              </value>
            </param>
          </params>
          <reporter-output>
          </reporter-output>
        </test-method> <!-- setUp -->
        <test-method status="PASS" signature="contactsPageSetup()[pri:0, instance:com.qa.hubspot.tests.ContactsPageTest@a619c2]" name="contactsPageSetup" is-config="true" duration-ms="9948" started-at="2020-07-24T05:29:36Z" finished-at="2020-07-24T05:29:46Z">
          <reporter-output>
          </reporter-output>
        </test-method> <!-- contactsPageSetup -->
        <test-method status="PASS" signature="verifyContactsPageTitleTest()[pri:1, instance:com.qa.hubspot.tests.ContactsPageTest@a619c2]" name="verifyContactsPageTitleTest" duration-ms="518" started-at="2020-07-24T05:29:46Z" finished-at="2020-07-24T05:29:46Z">
          <reporter-output>
          </reporter-output>
        </test-method> <!-- verifyContactsPageTitleTest -->
        <test-method status="FAIL" signature="verifyContactsPageHeader()[pri:2, instance:com.qa.hubspot.tests.ContactsPageTest@a619c2]" name="verifyContactsPageHeader" duration-ms="2124" started-at="2020-07-24T05:29:46Z" finished-at="2020-07-24T05:29:49Z">
          <exception class="java.lang.AssertionError">
            <message>
              <![CDATA[expected [Contacts] but found [Contacts
-- contacts]]]>
            </message>
            <full-stacktrace>
              <![CDATA[java.lang.AssertionError: expected [Contacts] but found [Contacts
-- contacts]
at org.testng.Assert.fail(Assert.java:96)
at org.testng.Assert.failNotEquals(Assert.java:776)
at org.testng.Assert.assertEqualsImpl(Assert.java:137)
at org.testng.Assert.assertEquals(Assert.java:118)
at org.testng.Assert.assertEquals(Assert.java:453)
at org.testng.Assert.assertEquals(Assert.java:463)
at com.qa.hubspot.tests.ContactsPageTest.verifyContactsPageHeader(ContactsPageTest.java:36)
at sun.reflect.NativeMethodAccessorImpl.invoke0(Native Method)
at sun.reflect.NativeMethodAccessorImpl.invoke(NativeMethodAccessorImpl.java:62)
at sun.reflect.DelegatingMethodAccessorImpl.invoke(DelegatingMethodAccessorImpl.java:43)
at java.lang.reflect.Method.invoke(Method.java:498)
at org.testng.internal.MethodInvocationHelper.invokeMethod(MethodInvocationHelper.java:124)
at org.testng.internal.Invoker.invokeMethod(Invoker.java:583)
at org.testng.internal.Invoker.invokeTestMethod(Invoker.java:719)
at org.testng.internal.Invoker.invokeTestMethods(Invoker.java:989)
at org.testng.internal.TestMethodWorker.invokeTestMethods(TestMethodWorker.java:125)
at org.testng.internal.TestMethodWorker.run(TestMethodWorker.java:109)
at org.testng.TestRunner.privateRun(TestRunner.java:648)
at org.testng.TestRunner.run(TestRunner.java:505)
at org.testng.SuiteRunner.runTest(SuiteRunner.java:455)
at org.testng.SuiteRunner.access$000(SuiteRunner.java:40)
at org.testng.SuiteRunner$SuiteWorker.run(SuiteRunner.java:489)
at org.testng.internal.thread.ThreadUtil$1.call(ThreadUtil.java:52)
at java.util.concurrent.FutureTask.run(FutureTask.java:266)
at java.util.concurrent.ThreadPoolExecutor.runWorker(ThreadPoolExecutor.java:1149)
at java.util.concurrent.ThreadPoolExecutor$Worker.run(ThreadPoolExecutor.java:624)
at java.lang.Thread.run(Thread.java:748)
]]>
            </full-stacktrace>
          </exception> <!-- java.lang.AssertionError -->
          <reporter-output>
          </reporter-output>
        </test-method> <!-- verifyContactsPageHeader -->
        <test-method status="PASS" signature="tearDown()[pri:0, instance:com.qa.hubspot.tests.ContactsPageTest@a619c2]" name="tearDown" is-config="true" duration-ms="1446" started-at="2020-07-24T05:29:50Z" finished-at="2020-07-24T05:29:51Z">
          <reporter-output>
          </reporter-output>
        </test-method> <!-- tearDown -->
      </class> <!-- com.qa.hubspot.tests.ContactsPageTest -->
    </test> <!-- HubSpot Feature Testing - contacts page - firefox -->
  </suite> <!-- Hub spot Test automtion regression suite -->
</testng-results>
